[31m{'setup': 'selflabel', 'use_ema': False, 'confidence_threshold': 0.99, 'criterion': 'confidence-cross-entropy', 'criterion_kwargs': {'apply_class_balancing': True}, 'backbone': 'resnet18', 'num_heads': 1, 'train_db_name': 'cifar-10', 'val_db_name': 'cifar-10', 'num_classes': 10, 'augmentation_strategy': 'ours', 'augmentation_kwargs': {'crop_size': 32, 'normalize': {'mean': [0.4914, 0.4822, 0.4465], 'std': [0.2023, 0.1994, 0.201]}, 'num_strong_augs': 4, 'cutout_kwargs': {'n_holes': 1, 'length': 16, 'random': True}}, 'transformation_kwargs': {'crop_size': 32, 'normalize': {'mean': [0.4914, 0.4822, 0.4465], 'std': [0.2023, 0.1994, 0.201]}}, 'epochs': 200, 'optimizer': 'adam', 'optimizer_kwargs': {'lr': 0.0001, 'weight_decay': 0.0001}, 'batch_size': 1000, 'num_workers': 8, 'scheduler': 'constant', 'pretext_dir': 'output/cifar-10/pretext', 'pretext_checkpoint': 'output/cifar-10/pretext/checkpoint.pth.tar', 'pretext_model': 'output/cifar-10/pretext/model.pth.tar', 'topk_neighbors_train_path': 'output/cifar-10/pretext/topk-train-neighbors.npy', 'topk_neighbors_val_path': 'output/cifar-10/pretext/topk-val-neighbors.npy', 'scan_dir': 'output/cifar-10/scan', 'scan_checkpoint': 'output/cifar-10/scan/checkpoint.pth.tar', 'scan_model': 'output/cifar-10/scan/model.pth.tar', 'selflabel_dir': 'output/cifar-10/selflabel', 'selflabel_checkpoint': 'output/cifar-10/selflabel/checkpoint.pth.tar', 'selflabel_model': 'output/cifar-10/selflabel/model.pth.tar'}[0m
[34mRetrieve model[0m
ClusteringModel(
  (backbone): ResNet(
    (conv1): Conv2d(3, 64, kernel_size=(3, 3), stride=(1, 1), padding=(1, 1), bias=False)
    (bn1): BatchNorm2d(64, eps=1e-05, momentum=0.1, affine=True, track_running_stats=True)
    (layer1): Sequential(
      (0): BasicBlock(
        (conv1): Conv2d(64, 64, kernel_size=(3, 3), stride=(1, 1), padding=(1, 1), bias=False)
        (bn1): BatchNorm2d(64, eps=1e-05, momentum=0.1, affine=True, track_running_stats=True)
        (conv2): Conv2d(64, 64, kernel_size=(3, 3), stride=(1, 1), padding=(1, 1), bias=False)
        (bn2): BatchNorm2d(64, eps=1e-05, momentum=0.1, affine=True, track_running_stats=True)
        (shortcut): Sequential()
      )
      (1): BasicBlock(
        (conv1): Conv2d(64, 64, kernel_size=(3, 3), stride=(1, 1), padding=(1, 1), bias=False)
        (bn1): BatchNorm2d(64, eps=1e-05, momentum=0.1, affine=True, track_running_stats=True)
        (conv2): Conv2d(64, 64, kernel_size=(3, 3), stride=(1, 1), padding=(1, 1), bias=False)
        (bn2): BatchNorm2d(64, eps=1e-05, momentum=0.1, affine=True, track_running_stats=True)
        (shortcut): Sequential()
      )
    )
    (layer2): Sequential(
      (0): BasicBlock(
        (conv1): Conv2d(64, 128, kernel_size=(3, 3), stride=(2, 2), padding=(1, 1), bias=False)
        (bn1): BatchNorm2d(128, eps=1e-05, momentum=0.1, affine=True, track_running_stats=True)
        (conv2): Conv2d(128, 128, kernel_size=(3, 3), stride=(1, 1), padding=(1, 1), bias=False)
        (bn2): BatchNorm2d(128, eps=1e-05, momentum=0.1, affine=True, track_running_stats=True)
        (shortcut): Sequential(
          (0): Conv2d(64, 128, kernel_size=(1, 1), stride=(2, 2), bias=False)
          (1): BatchNorm2d(128, eps=1e-05, momentum=0.1, affine=True, track_running_stats=True)
        )
      )
      (1): BasicBlock(
        (conv1): Conv2d(128, 128, kernel_size=(3, 3), stride=(1, 1), padding=(1, 1), bias=False)
        (bn1): BatchNorm2d(128, eps=1e-05, momentum=0.1, affine=True, track_running_stats=True)
        (conv2): Conv2d(128, 128, kernel_size=(3, 3), stride=(1, 1), padding=(1, 1), bias=False)
        (bn2): BatchNorm2d(128, eps=1e-05, momentum=0.1, affine=True, track_running_stats=True)
        (shortcut): Sequential()
      )
    )
    (layer3): Sequential(
      (0): BasicBlock(
        (conv1): Conv2d(128, 256, kernel_size=(3, 3), stride=(2, 2), padding=(1, 1), bias=False)
        (bn1): BatchNorm2d(256, eps=1e-05, momentum=0.1, affine=True, track_running_stats=True)
        (conv2): Conv2d(256, 256, kernel_size=(3, 3), stride=(1, 1), padding=(1, 1), bias=False)
        (bn2): BatchNorm2d(256, eps=1e-05, momentum=0.1, affine=True, track_running_stats=True)
        (shortcut): Sequential(
          (0): Conv2d(128, 256, kernel_size=(1, 1), stride=(2, 2), bias=False)
          (1): BatchNorm2d(256, eps=1e-05, momentum=0.1, affine=True, track_running_stats=True)
        )
      )
      (1): BasicBlock(
        (conv1): Conv2d(256, 256, kernel_size=(3, 3), stride=(1, 1), padding=(1, 1), bias=False)
        (bn1): BatchNorm2d(256, eps=1e-05, momentum=0.1, affine=True, track_running_stats=True)
        (conv2): Conv2d(256, 256, kernel_size=(3, 3), stride=(1, 1), padding=(1, 1), bias=False)
        (bn2): BatchNorm2d(256, eps=1e-05, momentum=0.1, affine=True, track_running_stats=True)
        (shortcut): Sequential()
      )
    )
    (layer4): Sequential(
      (0): BasicBlock(
        (conv1): Conv2d(256, 512, kernel_size=(3, 3), stride=(2, 2), padding=(1, 1), bias=False)
        (bn1): BatchNorm2d(512, eps=1e-05, momentum=0.1, affine=True, track_running_stats=True)
        (conv2): Conv2d(512, 512, kernel_size=(3, 3), stride=(1, 1), padding=(1, 1), bias=False)
        (bn2): BatchNorm2d(512, eps=1e-05, momentum=0.1, affine=True, track_running_stats=True)
        (shortcut): Sequential(
          (0): Conv2d(256, 512, kernel_size=(1, 1), stride=(2, 2), bias=False)
          (1): BatchNorm2d(512, eps=1e-05, momentum=0.1, affine=True, track_running_stats=True)
        )
      )
      (1): BasicBlock(
        (conv1): Conv2d(512, 512, kernel_size=(3, 3), stride=(1, 1), padding=(1, 1), bias=False)
        (bn1): BatchNorm2d(512, eps=1e-05, momentum=0.1, affine=True, track_running_stats=True)
        (conv2): Conv2d(512, 512, kernel_size=(3, 3), stride=(1, 1), padding=(1, 1), bias=False)
        (bn2): BatchNorm2d(512, eps=1e-05, momentum=0.1, affine=True, track_running_stats=True)
        (shortcut): Sequential()
      )
    )
    (avgpool): AdaptiveAvgPool2d(output_size=(1, 1))
  )
  (cluster_head): ModuleList(
    (0): Linear(in_features=512, out_features=10, bias=True)
  )
)
[34mGet loss[0m
ConfidenceBasedCE(
  (loss): MaskedCrossEntropyLoss()
  (softmax): Softmax(dim=1)
)
[34mSet CuDNN benchmark[0m
[34mRetrieve optimizer[0m
Adam (
Parameter Group 0
    amsgrad: False
    betas: (0.9, 0.999)
    eps: 1e-08
    lr: 0.0001
    weight_decay: 0.0001
)
[34mRetrieve dataset[0m
Files already downloaded and verified
Files already downloaded and verified
[33mTrain samples 50000 - Val samples 10000[0m
[34mNo checkpoint file at output/cifar-10/selflabel/checkpoint.pth.tar[0m
[34mStarting main loop[0m
[33mEpoch 1/200[0m
[33m----------[0m
Adjusted learning rate to 0.00010
Train ...
Epoch: [0][ 0/50]	Loss 4.9592e-02 (4.9592e-02)
Epoch: [0][25/50]	Loss 5.1035e-02 (5.7691e-02)
Evaluate ...
{'ACC': 0.8106, 'ARI': 0.6655044510745374, 'NMI': 0.7219299424590007, 'ACC Top-5': 0.9903, 'hungarian_match': [(0, 7), (1, 5), (2, 2), (3, 8), (4, 1), (5, 4), (6, 3), (7, 6), (8, 0), (9, 9)]}
Checkpoint ...
[33mEpoch 2/200[0m
[33m----------[0m
Adjusted learning rate to 0.00010
Train ...
Epoch: [1][ 0/50]	Loss 5.1221e-02 (5.1221e-02)
Epoch: [1][25/50]	Loss 6.8922e-02 (6.6856e-02)
Evaluate ...
{'ACC': 0.8102, 'ARI': 0.6644427176995504, 'NMI': 0.7225563954973191, 'ACC Top-5': 0.9903, 'hungarian_match': [(0, 7), (1, 5), (2, 2), (3, 8), (4, 1), (5, 4), (6, 3), (7, 6), (8, 0), (9, 9)]}
Checkpoint ...
[33mEpoch 3/200[0m
[33m----------[0m
Adjusted learning rate to 0.00010
Train ...
Epoch: [2][ 0/50]	Loss 5.1076e-02 (5.1076e-02)
Epoch: [2][25/50]	Loss 7.1356e-02 (7.4418e-02)
Evaluate ...
{'ACC': 0.8205, 'ARI': 0.6831739152368199, 'NMI': 0.733601496499216, 'ACC Top-5': 0.9916, 'hungarian_match': [(0, 7), (1, 5), (2, 2), (3, 8), (4, 1), (5, 4), (6, 3), (7, 6), (8, 0), (9, 9)]}
Checkpoint ...
[33mEpoch 4/200[0m
[33m----------[0m
Adjusted learning rate to 0.00010
Train ...
Epoch: [3][ 0/50]	Loss 7.3081e-02 (7.3081e-02)
Epoch: [3][25/50]	Loss 8.5005e-02 (7.5774e-02)
Evaluate ...
{'ACC': 0.8199, 'ARI': 0.6808415887840188, 'NMI': 0.7360103718186077, 'ACC Top-5': 0.992, 'hungarian_match': [(0, 7), (1, 5), (2, 2), (3, 8), (4, 1), (5, 4), (6, 3), (7, 6), (8, 0), (9, 9)]}
Checkpoint ...
[33mEpoch 5/200[0m
[33m----------[0m
Adjusted learning rate to 0.00010
Train ...
Epoch: [4][ 0/50]	Loss 6.1210e-02 (6.1210e-02)
Epoch: [4][25/50]	Loss 4.9476e-02 (7.2934e-02)
Evaluate ...
{'ACC': 0.8235, 'ARI': 0.6882838801934897, 'NMI': 0.7402761744422541, 'ACC Top-5': 0.9907, 'hungarian_match': [(0, 7), (1, 5), (2, 2), (3, 8), (4, 1), (5, 4), (6, 3), (7, 6), (8, 0), (9, 9)]}
Checkpoint ...
[33mEpoch 6/200[0m
[33m----------[0m
Adjusted learning rate to 0.00010
Train ...
Epoch: [5][ 0/50]	Loss 7.0323e-02 (7.0323e-02)
Epoch: [5][25/50]	Loss 8.1003e-02 (8.0130e-02)
Evaluate ...
{'ACC': 0.825, 'ARI': 0.6877878831913259, 'NMI': 0.738824110422784, 'ACC Top-5': 0.9897, 'hungarian_match': [(0, 7), (1, 5), (2, 2), (3, 8), (4, 1), (5, 4), (6, 3), (7, 6), (8, 0), (9, 9)]}
Checkpoint ...
[33mEpoch 7/200[0m
[33m----------[0m
Adjusted learning rate to 0.00010
Train ...
Epoch: [6][ 0/50]	Loss 5.8578e-02 (5.8578e-02)
Epoch: [6][25/50]	Loss 9.7718e-02 (7.9042e-02)
Evaluate ...
{'ACC': 0.8249, 'ARI': 0.68940433470666, 'NMI': 0.739575906405855, 'ACC Top-5': 0.9903, 'hungarian_match': [(0, 7), (1, 5), (2, 2), (3, 8), (4, 1), (5, 4), (6, 3), (7, 6), (8, 0), (9, 9)]}
Checkpoint ...
[33mEpoch 8/200[0m
[33m----------[0m
Adjusted learning rate to 0.00010
Train ...
Epoch: [7][ 0/50]	Loss 8.3816e-02 (8.3816e-02)
Epoch: [7][25/50]	Loss 4.7837e-02 (7.7630e-02)
Evaluate ...
{'ACC': 0.8281, 'ARI': 0.6932661625400154, 'NMI': 0.7417937300663677, 'ACC Top-5': 0.9915, 'hungarian_match': [(0, 7), (1, 5), (2, 2), (3, 8), (4, 1), (5, 4), (6, 3), (7, 6), (8, 0), (9, 9)]}
Checkpoint ...
[33mEpoch 9/200[0m
[33m----------[0m
Adjusted learning rate to 0.00010
Train ...
Epoch: [8][ 0/50]	Loss 7.2664e-02 (7.2664e-02)
Epoch: [8][25/50]	Loss 6.9828e-02 (7.8526e-02)
Evaluate ...
{'ACC': 0.8259, 'ARI': 0.6931071510726236, 'NMI': 0.7448553507998661, 'ACC Top-5': 0.9928, 'hungarian_match': [(0, 7), (1, 5), (2, 2), (3, 8), (4, 1), (5, 4), (6, 3), (7, 6), (8, 0), (9, 9)]}
Checkpoint ...
[33mEpoch 10/200[0m
[33m----------[0m
Adjusted learning rate to 0.00010
Train ...
Epoch: [9][ 0/50]	Loss 8.6960e-02 (8.6960e-02)
Epoch: [9][25/50]	Loss 8.8737e-02 (8.1887e-02)
Evaluate ...
{'ACC': 0.8256, 'ARI': 0.6900256892427219, 'NMI': 0.7403478671278453, 'ACC Top-5': 0.9907, 'hungarian_match': [(0, 7), (1, 5), (2, 2), (3, 8), (4, 1), (5, 4), (6, 3), (7, 6), (8, 0), (9, 9)]}
Checkpoint ...
[33mEpoch 11/200[0m
[33m----------[0m
Adjusted learning rate to 0.00010
Train ...
Epoch: [10][ 0/50]	Loss 9.7129e-02 (9.7129e-02)
Epoch: [10][25/50]	Loss 9.4217e-02 (8.1523e-02)
Evaluate ...
{'ACC': 0.8262, 'ARI': 0.693527681672941, 'NMI': 0.7420405459394925, 'ACC Top-5': 0.9916, 'hungarian_match': [(0, 7), (1, 5), (2, 2), (3, 8), (4, 1), (5, 4), (6, 3), (7, 6), (8, 0), (9, 9)]}
Checkpoint ...
[33mEpoch 12/200[0m
[33m----------[0m
Adjusted learning rate to 0.00010
Train ...
Epoch: [11][ 0/50]	Loss 7.5951e-02 (7.5951e-02)
Epoch: [11][25/50]	Loss 7.4170e-02 (7.2631e-02)
Evaluate ...
{'ACC': 0.823, 'ARI': 0.6847992028240819, 'NMI': 0.7389671343161436, 'ACC Top-5': 0.9909, 'hungarian_match': [(0, 7), (1, 5), (2, 2), (3, 8), (4, 1), (5, 4), (6, 3), (7, 6), (8, 0), (9, 9)]}
Checkpoint ...
[33mEpoch 13/200[0m
[33m----------[0m
Adjusted learning rate to 0.00010
Train ...
Epoch: [12][ 0/50]	Loss 8.0195e-02 (8.0195e-02)
Epoch: [12][25/50]	Loss 7.6270e-02 (7.8157e-02)
Evaluate ...
{'ACC': 0.8284, 'ARI': 0.693974493132588, 'NMI': 0.7471422334602112, 'ACC Top-5': 0.9928, 'hungarian_match': [(0, 7), (1, 5), (2, 2), (3, 8), (4, 1), (5, 4), (6, 3), (7, 6), (8, 0), (9, 9)]}
Checkpoint ...
[33mEpoch 14/200[0m
[33m----------[0m
Adjusted learning rate to 0.00010
Train ...
Epoch: [13][ 0/50]	Loss 5.2882e-02 (5.2882e-02)
Epoch: [13][25/50]	Loss 7.4686e-02 (7.6420e-02)
Evaluate ...
{'ACC': 0.8245, 'ARI': 0.6887781792388998, 'NMI': 0.7430460438846196, 'ACC Top-5': 0.9925, 'hungarian_match': [(0, 7), (1, 5), (2, 2), (3, 8), (4, 1), (5, 4), (6, 3), (7, 6), (8, 0), (9, 9)]}
Checkpoint ...
[33mEpoch 15/200[0m
[33m----------[0m
Adjusted learning rate to 0.00010
Train ...
Epoch: [14][ 0/50]	Loss 6.8428e-02 (6.8428e-02)
Epoch: [14][25/50]	Loss 5.5499e-02 (7.5329e-02)
Evaluate ...
{'ACC': 0.8311, 'ARI': 0.6986209770772042, 'NMI': 0.7488621589191496, 'ACC Top-5': 0.9937, 'hungarian_match': [(0, 7), (1, 5), (2, 2), (3, 8), (4, 1), (5, 4), (6, 3), (7, 6), (8, 0), (9, 9)]}
Checkpoint ...
[33mEpoch 16/200[0m
[33m----------[0m
Adjusted learning rate to 0.00010
Train ...
Epoch: [15][ 0/50]	Loss 7.8017e-02 (7.8017e-02)
Epoch: [15][25/50]	Loss 9.1508e-02 (7.4252e-02)
Evaluate ...
{'ACC': 0.8319, 'ARI': 0.6984625724174975, 'NMI': 0.7488258874326579, 'ACC Top-5': 0.9917, 'hungarian_match': [(0, 7), (1, 5), (2, 2), (3, 8), (4, 1), (5, 4), (6, 3), (7, 6), (8, 0), (9, 9)]}
Checkpoint ...
[33mEpoch 17/200[0m
[33m----------[0m
Adjusted learning rate to 0.00010
Train ...
Epoch: [16][ 0/50]	Loss 6.7587e-02 (6.7587e-02)
Epoch: [16][25/50]	Loss 8.6996e-02 (8.1471e-02)
Evaluate ...
{'ACC': 0.8302, 'ARI': 0.6995060294070684, 'NMI': 0.7519852328382048, 'ACC Top-5': 0.9925, 'hungarian_match': [(0, 7), (1, 5), (2, 2), (3, 8), (4, 1), (5, 4), (6, 3), (7, 6), (8, 0), (9, 9)]}
Checkpoint ...
[33mEpoch 18/200[0m
[33m----------[0m
Adjusted learning rate to 0.00010
Train ...
Epoch: [17][ 0/50]	Loss 8.3645e-02 (8.3645e-02)
Epoch: [17][25/50]	Loss 6.2191e-02 (8.2189e-02)
Evaluate ...
{'ACC': 0.8297, 'ARI': 0.7005172762800653, 'NMI': 0.7518215075475996, 'ACC Top-5': 0.9931, 'hungarian_match': [(0, 7), (1, 5), (2, 2), (3, 8), (4, 1), (5, 4), (6, 3), (7, 6), (8, 0), (9, 9)]}
Checkpoint ...
[33mEpoch 19/200[0m
[33m----------[0m
Adjusted learning rate to 0.00010
Train ...
Epoch: [18][ 0/50]	Loss 9.2840e-02 (9.2840e-02)
Epoch: [18][25/50]	Loss 8.0915e-02 (8.3578e-02)
Evaluate ...
{'ACC': 0.8273, 'ARI': 0.6920299191580328, 'NMI': 0.7463486220372824, 'ACC Top-5': 0.9923, 'hungarian_match': [(0, 7), (1, 5), (2, 2), (3, 8), (4, 1), (5, 4), (6, 3), (7, 6), (8, 0), (9, 9)]}
Checkpoint ...
[33mEpoch 20/200[0m
[33m----------[0m
Adjusted learning rate to 0.00010
Train ...
Epoch: [19][ 0/50]	Loss 5.2391e-02 (5.2391e-02)
Epoch: [19][25/50]	Loss 6.2529e-02 (7.6932e-02)
Evaluate ...
{'ACC': 0.832, 'ARI': 0.7005501297432568, 'NMI': 0.7527903239315288, 'ACC Top-5': 0.991, 'hungarian_match': [(0, 7), (1, 5), (2, 2), (3, 8), (4, 1), (5, 4), (6, 3), (7, 6), (8, 0), (9, 9)]}
Checkpoint ...
[33mEpoch 21/200[0m
[33m----------[0m
Adjusted learning rate to 0.00010
Train ...
Epoch: [20][ 0/50]	Loss 8.5547e-02 (8.5547e-02)
Epoch: [20][25/50]	Loss 6.5008e-02 (7.1808e-02)
Evaluate ...
{'ACC': 0.8305, 'ARI': 0.6994286581113187, 'NMI': 0.7509862539505193, 'ACC Top-5': 0.9925, 'hungarian_match': [(0, 7), (1, 5), (2, 2), (3, 8), (4, 1), (5, 4), (6, 3), (7, 6), (8, 0), (9, 9)]}
Checkpoint ...
[33mEpoch 22/200[0m
[33m----------[0m
Adjusted learning rate to 0.00010
Train ...
Epoch: [21][ 0/50]	Loss 4.4348e-02 (4.4348e-02)
Epoch: [21][25/50]	Loss 8.4926e-02 (7.4237e-02)
Evaluate ...
{'ACC': 0.8329, 'ARI': 0.7025588946698011, 'NMI': 0.7550058718494054, 'ACC Top-5': 0.9908, 'hungarian_match': [(0, 7), (1, 5), (2, 2), (3, 8), (4, 1), (5, 4), (6, 3), (7, 6), (8, 0), (9, 9)]}
Checkpoint ...
[33mEpoch 23/200[0m
[33m----------[0m
Adjusted learning rate to 0.00010
Train ...
Epoch: [22][ 0/50]	Loss 9.2325e-02 (9.2325e-02)
Epoch: [22][25/50]	Loss 6.6168e-02 (7.8976e-02)
Evaluate ...
{'ACC': 0.8348, 'ARI': 0.706914532090748, 'NMI': 0.7542103617118318, 'ACC Top-5': 0.9904, 'hungarian_match': [(0, 7), (1, 5), (2, 2), (3, 8), (4, 1), (5, 4), (6, 3), (7, 6), (8, 0), (9, 9)]}
Checkpoint ...
[33mEpoch 24/200[0m
[33m----------[0m
Adjusted learning rate to 0.00010
Train ...
Epoch: [23][ 0/50]	Loss 7.8173e-02 (7.8173e-02)
Epoch: [23][25/50]	Loss 6.0902e-02 (8.4513e-02)
Evaluate ...
{'ACC': 0.8295, 'ARI': 0.6987586234439882, 'NMI': 0.7495369521674983, 'ACC Top-5': 0.9912, 'hungarian_match': [(0, 7), (1, 5), (2, 2), (3, 8), (4, 1), (5, 4), (6, 3), (7, 6), (8, 0), (9, 9)]}
Checkpoint ...
[33mEpoch 25/200[0m
[33m----------[0m
Adjusted learning rate to 0.00010
Train ...
Epoch: [24][ 0/50]	Loss 6.8441e-02 (6.8441e-02)
Epoch: [24][25/50]	Loss 9.3725e-02 (8.2099e-02)
Evaluate ...
{'ACC': 0.8323, 'ARI': 0.7003163195431689, 'NMI': 0.7514151103684052, 'ACC Top-5': 0.9914, 'hungarian_match': [(0, 7), (1, 5), (2, 2), (3, 8), (4, 1), (5, 4), (6, 3), (7, 6), (8, 0), (9, 9)]}
Checkpoint ...
[33mEpoch 26/200[0m
[33m----------[0m
Adjusted learning rate to 0.00010
Train ...
Epoch: [25][ 0/50]	Loss 7.6379e-02 (7.6379e-02)
Epoch: [25][25/50]	Loss 7.5216e-02 (7.2349e-02)
Evaluate ...
{'ACC': 0.8351, 'ARI': 0.7047626288721531, 'NMI': 0.753562237063928, 'ACC Top-5': 0.9925, 'hungarian_match': [(0, 7), (1, 5), (2, 2), (3, 8), (4, 1), (5, 4), (6, 3), (7, 6), (8, 0), (9, 9)]}
Checkpoint ...
[33mEpoch 27/200[0m
[33m----------[0m
Adjusted learning rate to 0.00010
Train ...
Epoch: [26][ 0/50]	Loss 7.7603e-02 (7.7603e-02)
Epoch: [26][25/50]	Loss 7.9333e-02 (7.7001e-02)
Evaluate ...
{'ACC': 0.8345, 'ARI': 0.701691944591295, 'NMI': 0.7533620315718286, 'ACC Top-5': 0.9907, 'hungarian_match': [(0, 7), (1, 5), (2, 2), (3, 8), (4, 1), (5, 4), (6, 3), (7, 6), (8, 0), (9, 9)]}
Checkpoint ...
[33mEpoch 28/200[0m
[33m----------[0m
Adjusted learning rate to 0.00010
Train ...
Epoch: [27][ 0/50]	Loss 6.4486e-02 (6.4486e-02)
Epoch: [27][25/50]	Loss 6.3855e-02 (7.7655e-02)
Evaluate ...
{'ACC': 0.833, 'ARI': 0.7033413371889806, 'NMI': 0.7532219768632386, 'ACC Top-5': 0.9916, 'hungarian_match': [(0, 7), (1, 5), (2, 2), (3, 8), (4, 1), (5, 4), (6, 3), (7, 6), (8, 0), (9, 9)]}
Checkpoint ...
[33mEpoch 29/200[0m
[33m----------[0m
Adjusted learning rate to 0.00010
Train ...
Epoch: [28][ 0/50]	Loss 6.8916e-02 (6.8916e-02)
Epoch: [28][25/50]	Loss 1.1390e-01 (8.3629e-02)
Evaluate ...
{'ACC': 0.8344, 'ARI': 0.7043494978253259, 'NMI': 0.7549920638487884, 'ACC Top-5': 0.9907, 'hungarian_match': [(0, 7), (1, 5), (2, 2), (3, 8), (4, 1), (5, 4), (6, 3), (7, 6), (8, 0), (9, 9)]}
Checkpoint ...
[33mEpoch 30/200[0m
[33m----------[0m
Adjusted learning rate to 0.00010
Train ...
Epoch: [29][ 0/50]	Loss 8.2779e-02 (8.2779e-02)
Epoch: [29][25/50]	Loss 1.1637e-01 (7.7901e-02)
Evaluate ...
{'ACC': 0.831, 'ARI': 0.6987794610716381, 'NMI': 0.751132358060415, 'ACC Top-5': 0.9896, 'hungarian_match': [(0, 7), (1, 5), (2, 2), (3, 8), (4, 1), (5, 4), (6, 3), (7, 6), (8, 0), (9, 9)]}
Checkpoint ...
[33mEpoch 31/200[0m
[33m----------[0m
Adjusted learning rate to 0.00010
Train ...
Epoch: [30][ 0/50]	Loss 1.1054e-01 (1.1054e-01)
Epoch: [30][25/50]	Loss 9.0141e-02 (7.8175e-02)
Evaluate ...
{'ACC': 0.8359, 'ARI': 0.7045451136240394, 'NMI': 0.7563913859318767, 'ACC Top-5': 0.9896, 'hungarian_match': [(0, 7), (1, 5), (2, 2), (3, 8), (4, 1), (5, 4), (6, 3), (7, 6), (8, 0), (9, 9)]}
Checkpoint ...
[33mEpoch 32/200[0m
[33m----------[0m
Adjusted learning rate to 0.00010
Train ...
Epoch: [31][ 0/50]	Loss 7.4574e-02 (7.4574e-02)
Epoch: [31][25/50]	Loss 6.9602e-02 (7.2000e-02)
Evaluate ...
{'ACC': 0.8327, 'ARI': 0.7002650314222182, 'NMI': 0.7499433962547726, 'ACC Top-5': 0.9913, 'hungarian_match': [(0, 7), (1, 5), (2, 2), (3, 8), (4, 1), (5, 4), (6, 3), (7, 6), (8, 0), (9, 9)]}
Checkpoint ...
[33mEpoch 33/200[0m
[33m----------[0m
Adjusted learning rate to 0.00010
Train ...
Epoch: [32][ 0/50]	Loss 8.3805e-02 (8.3805e-02)
Epoch: [32][25/50]	Loss 7.4720e-02 (7.3467e-02)
Evaluate ...
{'ACC': 0.8346, 'ARI': 0.7044863644917716, 'NMI': 0.7567445793300792, 'ACC Top-5': 0.9913, 'hungarian_match': [(0, 7), (1, 5), (2, 2), (3, 8), (4, 1), (5, 4), (6, 3), (7, 6), (8, 0), (9, 9)]}
Checkpoint ...
[33mEpoch 34/200[0m
[33m----------[0m
Adjusted learning rate to 0.00010
Train ...
Epoch: [33][ 0/50]	Loss 1.0078e-01 (1.0078e-01)
Epoch: [33][25/50]	Loss 6.7610e-02 (8.0401e-02)
Evaluate ...
{'ACC': 0.8357, 'ARI': 0.7081392759519581, 'NMI': 0.7579504830241176, 'ACC Top-5': 0.9929, 'hungarian_match': [(0, 7), (1, 5), (2, 2), (3, 8), (4, 1), (5, 4), (6, 3), (7, 6), (8, 0), (9, 9)]}
Checkpoint ...
[33mEpoch 35/200[0m
[33m----------[0m
Adjusted learning rate to 0.00010
Train ...
Epoch: [34][ 0/50]	Loss 8.9739e-02 (8.9739e-02)
Epoch: [34][25/50]	Loss 5.9834e-02 (8.0135e-02)
Evaluate ...
{'ACC': 0.8331, 'ARI': 0.7024339889978016, 'NMI': 0.7525412240799809, 'ACC Top-5': 0.9923, 'hungarian_match': [(0, 7), (1, 5), (2, 2), (3, 8), (4, 1), (5, 4), (6, 3), (7, 6), (8, 0), (9, 9)]}
Checkpoint ...
[33mEpoch 36/200[0m
[33m----------[0m
Adjusted learning rate to 0.00010
Train ...
Epoch: [35][ 0/50]	Loss 8.3870e-02 (8.3870e-02)
Epoch: [35][25/50]	Loss 1.0080e-01 (7.6423e-02)
Evaluate ...
{'ACC': 0.835, 'ARI': 0.7025365734321057, 'NMI': 0.7546099462325823, 'ACC Top-5': 0.9929, 'hungarian_match': [(0, 7), (1, 5), (2, 2), (3, 8), (4, 1), (5, 4), (6, 3), (7, 6), (8, 0), (9, 9)]}
Checkpoint ...
[33mEpoch 37/200[0m
[33m----------[0m
Adjusted learning rate to 0.00010
Train ...
Epoch: [36][ 0/50]	Loss 7.0803e-02 (7.0803e-02)
Epoch: [36][25/50]	Loss 9.1968e-02 (8.1165e-02)
Evaluate ...
{'ACC': 0.8351, 'ARI': 0.7066964706474486, 'NMI': 0.7576570214279041, 'ACC Top-5': 0.9914, 'hungarian_match': [(0, 7), (1, 5), (2, 2), (3, 8), (4, 1), (5, 4), (6, 3), (7, 6), (8, 0), (9, 9)]}
Checkpoint ...
[33mEpoch 38/200[0m
[33m----------[0m
Adjusted learning rate to 0.00010
Train ...
Epoch: [37][ 0/50]	Loss 7.6030e-02 (7.6030e-02)
Epoch: [37][25/50]	Loss 8.6263e-02 (7.5052e-02)
Evaluate ...
{'ACC': 0.8338, 'ARI': 0.7026180672857723, 'NMI': 0.7538918313439807, 'ACC Top-5': 0.9895, 'hungarian_match': [(0, 7), (1, 5), (2, 2), (3, 8), (4, 1), (5, 4), (6, 3), (7, 6), (8, 0), (9, 9)]}
Checkpoint ...
[33mEpoch 39/200[0m
[33m----------[0m
Adjusted learning rate to 0.00010
Train ...
Epoch: [38][ 0/50]	Loss 7.1305e-02 (7.1305e-02)
Epoch: [38][25/50]	Loss 6.1226e-02 (7.9304e-02)
Evaluate ...
{'ACC': 0.8308, 'ARI': 0.6980397514479613, 'NMI': 0.7518207624119907, 'ACC Top-5': 0.9906, 'hungarian_match': [(0, 7), (1, 5), (2, 2), (3, 8), (4, 1), (5, 4), (6, 3), (7, 6), (8, 0), (9, 9)]}
Checkpoint ...
[33mEpoch 40/200[0m
[33m----------[0m
Adjusted learning rate to 0.00010
Train ...
Epoch: [39][ 0/50]	Loss 9.1822e-02 (9.1822e-02)
Epoch: [39][25/50]	Loss 7.3283e-02 (7.2206e-02)
Evaluate ...
{'ACC': 0.8362, 'ARI': 0.7064484386897752, 'NMI': 0.7563590720712401, 'ACC Top-5': 0.9914, 'hungarian_match': [(0, 7), (1, 5), (2, 2), (3, 8), (4, 1), (5, 4), (6, 3), (7, 6), (8, 0), (9, 9)]}
Checkpoint ...
[33mEpoch 41/200[0m
[33m----------[0m
Adjusted learning rate to 0.00010
Train ...
Epoch: [40][ 0/50]	Loss 3.9836e-02 (3.9836e-02)
Epoch: [40][25/50]	Loss 9.4318e-02 (7.7037e-02)
Evaluate ...
{'ACC': 0.8342, 'ARI': 0.7046330305691508, 'NMI': 0.7555247666265056, 'ACC Top-5': 0.9909, 'hungarian_match': [(0, 7), (1, 5), (2, 2), (3, 8), (4, 1), (5, 4), (6, 3), (7, 6), (8, 0), (9, 9)]}
Checkpoint ...
[33mEpoch 42/200[0m
[33m----------[0m
Adjusted learning rate to 0.00010
Train ...
Epoch: [41][ 0/50]	Loss 9.2104e-02 (9.2104e-02)
Epoch: [41][25/50]	Loss 7.7561e-02 (8.1242e-02)
Evaluate ...
{'ACC': 0.8324, 'ARI': 0.7021446414632162, 'NMI': 0.7514827694686732, 'ACC Top-5': 0.9911, 'hungarian_match': [(0, 7), (1, 5), (2, 2), (3, 8), (4, 1), (5, 4), (6, 3), (7, 6), (8, 0), (9, 9)]}
Checkpoint ...
[33mEpoch 43/200[0m
[33m----------[0m
Adjusted learning rate to 0.00010
Train ...
Epoch: [42][ 0/50]	Loss 8.6917e-02 (8.6917e-02)
Epoch: [42][25/50]	Loss 8.3147e-02 (7.7689e-02)
Evaluate ...
{'ACC': 0.834, 'ARI': 0.70519813124908, 'NMI': 0.7587695013295016, 'ACC Top-5': 0.9897, 'hungarian_match': [(0, 7), (1, 5), (2, 2), (3, 8), (4, 1), (5, 4), (6, 3), (7, 6), (8, 0), (9, 9)]}
Checkpoint ...
[33mEpoch 44/200[0m
[33m----------[0m
Adjusted learning rate to 0.00010
Train ...
Epoch: [43][ 0/50]	Loss 7.7100e-02 (7.7100e-02)
Epoch: [43][25/50]	Loss 6.8437e-02 (7.9123e-02)
Evaluate ...
{'ACC': 0.8338, 'ARI': 0.7060938805289508, 'NMI': 0.7580864910505027, 'ACC Top-5': 0.9922, 'hungarian_match': [(0, 7), (1, 5), (2, 2), (3, 8), (4, 1), (5, 4), (6, 3), (7, 6), (8, 0), (9, 9)]}
Checkpoint ...
[33mEpoch 45/200[0m
[33m----------[0m
Adjusted learning rate to 0.00010
Train ...
Epoch: [44][ 0/50]	Loss 9.5588e-02 (9.5588e-02)
Epoch: [44][25/50]	Loss 6.6416e-02 (7.7790e-02)
Evaluate ...
{'ACC': 0.838, 'ARI': 0.7110139150152907, 'NMI': 0.762297743366236, 'ACC Top-5': 0.9905, 'hungarian_match': [(0, 7), (1, 5), (2, 2), (3, 8), (4, 1), (5, 4), (6, 3), (7, 6), (8, 0), (9, 9)]}
Checkpoint ...
[33mEpoch 46/200[0m
[33m----------[0m
Adjusted learning rate to 0.00010
Train ...
Epoch: [45][ 0/50]	Loss 7.8901e-02 (7.8901e-02)
Epoch: [45][25/50]	Loss 8.7488e-02 (7.3933e-02)
Evaluate ...
{'ACC': 0.8345, 'ARI': 0.707477941165844, 'NMI': 0.7567037785505628, 'ACC Top-5': 0.9909, 'hungarian_match': [(0, 7), (1, 5), (2, 2), (3, 8), (4, 1), (5, 4), (6, 3), (7, 6), (8, 0), (9, 9)]}
Checkpoint ...
[33mEpoch 47/200[0m
[33m----------[0m
Adjusted learning rate to 0.00010
Train ...
Epoch: [46][ 0/50]	Loss 1.0997e-01 (1.0997e-01)
Epoch: [46][25/50]	Loss 1.1177e-01 (8.0597e-02)
Evaluate ...
{'ACC': 0.8342, 'ARI': 0.7077067631275498, 'NMI': 0.7579666923002099, 'ACC Top-5': 0.992, 'hungarian_match': [(0, 7), (1, 5), (2, 2), (3, 8), (4, 1), (5, 4), (6, 3), (7, 6), (8, 0), (9, 9)]}
Checkpoint ...
[33mEpoch 48/200[0m
[33m----------[0m
Adjusted learning rate to 0.00010
Train ...
Epoch: [47][ 0/50]	Loss 5.7740e-02 (5.7740e-02)
Epoch: [47][25/50]	Loss 8.2807e-02 (7.7721e-02)
Evaluate ...
{'ACC': 0.834, 'ARI': 0.7060066331017754, 'NMI': 0.7530329935952262, 'ACC Top-5': 0.9909, 'hungarian_match': [(0, 7), (1, 5), (2, 2), (3, 8), (4, 1), (5, 4), (6, 3), (7, 6), (8, 0), (9, 9)]}
Checkpoint ...
[33mEpoch 49/200[0m
[33m----------[0m
Adjusted learning rate to 0.00010
Train ...
Epoch: [48][ 0/50]	Loss 1.0316e-01 (1.0316e-01)
Epoch: [48][25/50]	Loss 7.5682e-02 (8.2489e-02)
Evaluate ...
{'ACC': 0.8341, 'ARI': 0.7098536010317568, 'NMI': 0.7581052401633371, 'ACC Top-5': 0.9897, 'hungarian_match': [(0, 7), (1, 5), (2, 2), (3, 8), (4, 1), (5, 4), (6, 3), (7, 6), (8, 0), (9, 9)]}
Checkpoint ...
[33mEpoch 50/200[0m
[33m----------[0m
Adjusted learning rate to 0.00010
Train ...
Epoch: [49][ 0/50]	Loss 8.0775e-02 (8.0775e-02)
Epoch: [49][25/50]	Loss 9.3588e-02 (7.9026e-02)
Evaluate ...
{'ACC': 0.8374, 'ARI': 0.709016763682457, 'NMI': 0.7594309381644435, 'ACC Top-5': 0.9892, 'hungarian_match': [(0, 7), (1, 5), (2, 2), (3, 8), (4, 1), (5, 4), (6, 3), (7, 6), (8, 0), (9, 9)]}
Checkpoint ...
[33mEpoch 51/200[0m
[33m----------[0m
Adjusted learning rate to 0.00010
Train ...
Epoch: [50][ 0/50]	Loss 5.4262e-02 (5.4262e-02)
Epoch: [50][25/50]	Loss 5.1800e-02 (8.0449e-02)
Evaluate ...
{'ACC': 0.8363, 'ARI': 0.708395995402319, 'NMI': 0.7619205177931917, 'ACC Top-5': 0.9909, 'hungarian_match': [(0, 7), (1, 5), (2, 2), (3, 8), (4, 1), (5, 4), (6, 3), (7, 6), (8, 0), (9, 9)]}
Checkpoint ...
[33mEpoch 52/200[0m
[33m----------[0m
Adjusted learning rate to 0.00010
Train ...
Epoch: [51][ 0/50]	Loss 5.6844e-02 (5.6844e-02)
Epoch: [51][25/50]	Loss 8.5553e-02 (7.4690e-02)
Evaluate ...
{'ACC': 0.8364, 'ARI': 0.7099326686672933, 'NMI': 0.7597872232521687, 'ACC Top-5': 0.9904, 'hungarian_match': [(0, 7), (1, 5), (2, 2), (3, 8), (4, 1), (5, 4), (6, 3), (7, 6), (8, 0), (9, 9)]}
Checkpoint ...
[33mEpoch 53/200[0m
[33m----------[0m
Adjusted learning rate to 0.00010
Train ...
Epoch: [52][ 0/50]	Loss 8.5449e-02 (8.5449e-02)
Epoch: [52][25/50]	Loss 7.9929e-02 (7.4334e-02)
Evaluate ...
{'ACC': 0.8362, 'ARI': 0.7081194921721196, 'NMI': 0.7589380212240889, 'ACC Top-5': 0.9919, 'hungarian_match': [(0, 7), (1, 5), (2, 2), (3, 8), (4, 1), (5, 4), (6, 3), (7, 6), (8, 0), (9, 9)]}
Checkpoint ...
[33mEpoch 54/200[0m
[33m----------[0m
Adjusted learning rate to 0.00010
Train ...
Epoch: [53][ 0/50]	Loss 6.0834e-02 (6.0834e-02)
Epoch: [53][25/50]	Loss 1.0660e-01 (7.0685e-02)
Evaluate ...
{'ACC': 0.8348, 'ARI': 0.7059188225956498, 'NMI': 0.758239747506147, 'ACC Top-5': 0.9897, 'hungarian_match': [(0, 7), (1, 5), (2, 2), (3, 8), (4, 1), (5, 4), (6, 3), (7, 6), (8, 0), (9, 9)]}
Checkpoint ...
[33mEpoch 55/200[0m
[33m----------[0m
Adjusted learning rate to 0.00010
Train ...
Epoch: [54][ 0/50]	Loss 7.7632e-02 (7.7632e-02)
Epoch: [54][25/50]	Loss 5.5675e-02 (7.5221e-02)
Evaluate ...
{'ACC': 0.8396, 'ARI': 0.7144240164316229, 'NMI': 0.7625313878617231, 'ACC Top-5': 0.9914, 'hungarian_match': [(0, 7), (1, 5), (2, 2), (3, 8), (4, 1), (5, 4), (6, 3), (7, 6), (8, 0), (9, 9)]}
Checkpoint ...
[33mEpoch 56/200[0m
[33m----------[0m
Adjusted learning rate to 0.00010
Train ...
Epoch: [55][ 0/50]	Loss 4.9803e-02 (4.9803e-02)
Epoch: [55][25/50]	Loss 8.4573e-02 (7.6340e-02)
Evaluate ...
{'ACC': 0.8348, 'ARI': 0.707249171499258, 'NMI': 0.7595273409945961, 'ACC Top-5': 0.9903, 'hungarian_match': [(0, 7), (1, 5), (2, 2), (3, 8), (4, 1), (5, 4), (6, 3), (7, 6), (8, 0), (9, 9)]}
Checkpoint ...
[33mEpoch 57/200[0m
[33m----------[0m
Adjusted learning rate to 0.00010
Train ...
Epoch: [56][ 0/50]	Loss 8.2248e-02 (8.2248e-02)
Epoch: [56][25/50]	Loss 7.8786e-02 (7.7427e-02)
Evaluate ...
{'ACC': 0.8387, 'ARI': 0.7130985572728948, 'NMI': 0.7636853000198556, 'ACC Top-5': 0.9911, 'hungarian_match': [(0, 7), (1, 5), (2, 2), (3, 8), (4, 1), (5, 4), (6, 3), (7, 6), (8, 0), (9, 9)]}
Checkpoint ...
[33mEpoch 58/200[0m
[33m----------[0m
Adjusted learning rate to 0.00010
Train ...
Epoch: [57][ 0/50]	Loss 7.0070e-02 (7.0070e-02)
Epoch: [57][25/50]	Loss 4.9507e-02 (7.3030e-02)
Evaluate ...
{'ACC': 0.8347, 'ARI': 0.7081973675207801, 'NMI': 0.7608528121198751, 'ACC Top-5': 0.9908, 'hungarian_match': [(0, 7), (1, 5), (2, 2), (3, 8), (4, 1), (5, 4), (6, 3), (7, 6), (8, 0), (9, 9)]}
Checkpoint ...
[33mEpoch 59/200[0m
[33m----------[0m
Adjusted learning rate to 0.00010
Train ...
Epoch: [58][ 0/50]	Loss 6.1396e-02 (6.1396e-02)
Epoch: [58][25/50]	Loss 8.0380e-02 (7.5685e-02)
Evaluate ...
{'ACC': 0.8382, 'ARI': 0.7120963241611635, 'NMI': 0.7614540900550154, 'ACC Top-5': 0.9914, 'hungarian_match': [(0, 7), (1, 5), (2, 2), (3, 8), (4, 1), (5, 4), (6, 3), (7, 6), (8, 0), (9, 9)]}
Checkpoint ...
[33mEpoch 60/200[0m
[33m----------[0m
Adjusted learning rate to 0.00010
Train ...
Epoch: [59][ 0/50]	Loss 7.6406e-02 (7.6406e-02)
Epoch: [59][25/50]	Loss 5.8201e-02 (7.9357e-02)
Evaluate ...
{'ACC': 0.8398, 'ARI': 0.7126001727200156, 'NMI': 0.7626151620163433, 'ACC Top-5': 0.9914, 'hungarian_match': [(0, 7), (1, 5), (2, 2), (3, 8), (4, 1), (5, 4), (6, 3), (7, 6), (8, 0), (9, 9)]}
Checkpoint ...
[33mEpoch 61/200[0m
[33m----------[0m
Adjusted learning rate to 0.00010
Train ...
Epoch: [60][ 0/50]	Loss 5.6217e-02 (5.6217e-02)
Epoch: [60][25/50]	Loss 6.7243e-02 (7.0524e-02)
Evaluate ...
{'ACC': 0.8389, 'ARI': 0.7126300035732591, 'NMI': 0.7631191638189525, 'ACC Top-5': 0.9902, 'hungarian_match': [(0, 7), (1, 5), (2, 2), (3, 8), (4, 1), (5, 4), (6, 3), (7, 6), (8, 0), (9, 9)]}
Checkpoint ...
[33mEpoch 62/200[0m
[33m----------[0m
Adjusted learning rate to 0.00010
Train ...
Epoch: [61][ 0/50]	Loss 6.6752e-02 (6.6752e-02)
Epoch: [61][25/50]	Loss 7.9071e-02 (7.4322e-02)
Evaluate ...
{'ACC': 0.8355, 'ARI': 0.7067328737859292, 'NMI': 0.7570273708261812, 'ACC Top-5': 0.9916, 'hungarian_match': [(0, 7), (1, 5), (2, 2), (3, 8), (4, 1), (5, 4), (6, 3), (7, 6), (8, 0), (9, 9)]}
Checkpoint ...
[33mEpoch 63/200[0m
[33m----------[0m
Adjusted learning rate to 0.00010
Train ...
Epoch: [62][ 0/50]	Loss 5.4695e-02 (5.4695e-02)
Epoch: [62][25/50]	Loss 6.5318e-02 (7.4927e-02)
Evaluate ...
{'ACC': 0.8407, 'ARI': 0.7160946412731517, 'NMI': 0.7627974477127423, 'ACC Top-5': 0.9924, 'hungarian_match': [(0, 7), (1, 5), (2, 2), (3, 8), (4, 1), (5, 4), (6, 3), (7, 6), (8, 0), (9, 9)]}
Checkpoint ...
[33mEpoch 64/200[0m
[33m----------[0m
Adjusted learning rate to 0.00010
Train ...
Epoch: [63][ 0/50]	Loss 7.3375e-02 (7.3375e-02)
Epoch: [63][25/50]	Loss 8.0373e-02 (7.5864e-02)
Evaluate ...
{'ACC': 0.8366, 'ARI': 0.7092760318231781, 'NMI': 0.7626375654235084, 'ACC Top-5': 0.9925, 'hungarian_match': [(0, 7), (1, 5), (2, 2), (3, 8), (4, 1), (5, 4), (6, 3), (7, 6), (8, 0), (9, 9)]}
Checkpoint ...
[33mEpoch 65/200[0m
[33m----------[0m
Adjusted learning rate to 0.00010
Train ...
Epoch: [64][ 0/50]	Loss 8.1110e-02 (8.1110e-02)
Epoch: [64][25/50]	Loss 8.6563e-02 (7.3949e-02)
Evaluate ...
{'ACC': 0.8377, 'ARI': 0.7113780268245956, 'NMI': 0.7625748117218274, 'ACC Top-5': 0.9925, 'hungarian_match': [(0, 7), (1, 5), (2, 2), (3, 8), (4, 1), (5, 4), (6, 3), (7, 6), (8, 0), (9, 9)]}
Checkpoint ...
[33mEpoch 66/200[0m
[33m----------[0m
Adjusted learning rate to 0.00010
Train ...
Epoch: [65][ 0/50]	Loss 7.1932e-02 (7.1932e-02)
Epoch: [65][25/50]	Loss 3.7715e-02 (7.3331e-02)
Evaluate ...
{'ACC': 0.8342, 'ARI': 0.7037244375918339, 'NMI': 0.7562897248875552, 'ACC Top-5': 0.9904, 'hungarian_match': [(0, 7), (1, 5), (2, 2), (3, 8), (4, 1), (5, 4), (6, 3), (7, 6), (8, 0), (9, 9)]}
Checkpoint ...
[33mEpoch 67/200[0m
[33m----------[0m
Adjusted learning rate to 0.00010
Train ...
Epoch: [66][ 0/50]	Loss 8.4075e-02 (8.4075e-02)
Epoch: [66][25/50]	Loss 1.1049e-01 (7.6551e-02)
Evaluate ...
{'ACC': 0.837, 'ARI': 0.71176461590971, 'NMI': 0.7628149342275711, 'ACC Top-5': 0.9902, 'hungarian_match': [(0, 7), (1, 5), (2, 2), (3, 8), (4, 1), (5, 4), (6, 3), (7, 6), (8, 0), (9, 9)]}
Checkpoint ...
[33mEpoch 68/200[0m
[33m----------[0m
Adjusted learning rate to 0.00010
Train ...
Epoch: [67][ 0/50]	Loss 7.0583e-02 (7.0583e-02)
Epoch: [67][25/50]	Loss 8.8588e-02 (7.0806e-02)
Evaluate ...
{'ACC': 0.8404, 'ARI': 0.7151765201374684, 'NMI': 0.7657264851483866, 'ACC Top-5': 0.9909, 'hungarian_match': [(0, 7), (1, 5), (2, 2), (3, 8), (4, 1), (5, 4), (6, 3), (7, 6), (8, 0), (9, 9)]}
Checkpoint ...
[33mEpoch 69/200[0m
[33m----------[0m
Adjusted learning rate to 0.00010
Train ...
Epoch: [68][ 0/50]	Loss 6.5541e-02 (6.5541e-02)
Epoch: [68][25/50]	Loss 7.2250e-02 (6.9395e-02)
Evaluate ...
{'ACC': 0.8378, 'ARI': 0.7115651017447554, 'NMI': 0.7621331812868066, 'ACC Top-5': 0.9898, 'hungarian_match': [(0, 7), (1, 5), (2, 2), (3, 8), (4, 1), (5, 4), (6, 3), (7, 6), (8, 0), (9, 9)]}
Checkpoint ...
[33mEpoch 70/200[0m
[33m----------[0m
Adjusted learning rate to 0.00010
Train ...
Epoch: [69][ 0/50]	Loss 9.8796e-02 (9.8796e-02)
Epoch: [69][25/50]	Loss 6.2881e-02 (7.7592e-02)
Evaluate ...
{'ACC': 0.835, 'ARI': 0.7067453922995266, 'NMI': 0.7555586340824049, 'ACC Top-5': 0.9912, 'hungarian_match': [(0, 7), (1, 5), (2, 2), (3, 8), (4, 1), (5, 4), (6, 3), (7, 6), (8, 0), (9, 9)]}
Checkpoint ...
[33mEpoch 71/200[0m
[33m----------[0m
Adjusted learning rate to 0.00010
Train ...
Epoch: [70][ 0/50]	Loss 7.6788e-02 (7.6788e-02)
Epoch: [70][25/50]	Loss 1.0398e-01 (8.1781e-02)
Evaluate ...
{'ACC': 0.8392, 'ARI': 0.7132715844775573, 'NMI': 0.7630829700379805, 'ACC Top-5': 0.9898, 'hungarian_match': [(0, 7), (1, 5), (2, 2), (3, 8), (4, 1), (5, 4), (6, 3), (7, 6), (8, 0), (9, 9)]}
Checkpoint ...
[33mEpoch 72/200[0m
[33m----------[0m
Adjusted learning rate to 0.00010
Train ...
Epoch: [71][ 0/50]	Loss 8.3493e-02 (8.3493e-02)
Epoch: [71][25/50]	Loss 7.4078e-02 (7.6257e-02)
Evaluate ...
{'ACC': 0.8379, 'ARI': 0.7124639172139373, 'NMI': 0.7608879988669728, 'ACC Top-5': 0.9898, 'hungarian_match': [(0, 7), (1, 5), (2, 2), (3, 8), (4, 1), (5, 4), (6, 3), (7, 6), (8, 0), (9, 9)]}
Checkpoint ...
[33mEpoch 73/200[0m
[33m----------[0m
Adjusted learning rate to 0.00010
Train ...
Epoch: [72][ 0/50]	Loss 6.2576e-02 (6.2576e-02)
Epoch: [72][25/50]	Loss 5.7916e-02 (7.5529e-02)
Evaluate ...
{'ACC': 0.8352, 'ARI': 0.704983071005019, 'NMI': 0.7557116672040485, 'ACC Top-5': 0.9871, 'hungarian_match': [(0, 7), (1, 5), (2, 2), (3, 8), (4, 1), (5, 4), (6, 3), (7, 6), (8, 0), (9, 9)]}
Checkpoint ...
[33mEpoch 74/200[0m
[33m----------[0m
Adjusted learning rate to 0.00010
Train ...
Epoch: [73][ 0/50]	Loss 5.3176e-02 (5.3176e-02)
Epoch: [73][25/50]	Loss 8.4429e-02 (7.7137e-02)
Evaluate ...
{'ACC': 0.8403, 'ARI': 0.7149529679827031, 'NMI': 0.7624867085923797, 'ACC Top-5': 0.9911, 'hungarian_match': [(0, 7), (1, 5), (2, 2), (3, 8), (4, 1), (5, 4), (6, 3), (7, 6), (8, 0), (9, 9)]}
Checkpoint ...
[33mEpoch 75/200[0m
[33m----------[0m
Adjusted learning rate to 0.00010
Train ...
Epoch: [74][ 0/50]	Loss 5.8452e-02 (5.8452e-02)
Epoch: [74][25/50]	Loss 9.1314e-02 (7.5555e-02)
Evaluate ...
{'ACC': 0.8384, 'ARI': 0.7097835130006538, 'NMI': 0.7597967741457058, 'ACC Top-5': 0.9894, 'hungarian_match': [(0, 7), (1, 5), (2, 2), (3, 8), (4, 1), (5, 4), (6, 3), (7, 6), (8, 0), (9, 9)]}
Checkpoint ...
[33mEpoch 76/200[0m
[33m----------[0m
Adjusted learning rate to 0.00010
Train ...
Epoch: [75][ 0/50]	Loss 7.6439e-02 (7.6439e-02)
Epoch: [75][25/50]	Loss 8.1535e-02 (7.6518e-02)
Evaluate ...
{'ACC': 0.8401, 'ARI': 0.7158143763160169, 'NMI': 0.764690285392729, 'ACC Top-5': 0.9903, 'hungarian_match': [(0, 7), (1, 5), (2, 2), (3, 8), (4, 1), (5, 4), (6, 3), (7, 6), (8, 0), (9, 9)]}
Checkpoint ...
[33mEpoch 77/200[0m
[33m----------[0m
Adjusted learning rate to 0.00010
Train ...
Epoch: [76][ 0/50]	Loss 9.2068e-02 (9.2068e-02)
Epoch: [76][25/50]	Loss 6.7532e-02 (7.8942e-02)
Evaluate ...
{'ACC': 0.8365, 'ARI': 0.7099979637554197, 'NMI': 0.7608028040408782, 'ACC Top-5': 0.9904, 'hungarian_match': [(0, 7), (1, 5), (2, 2), (3, 8), (4, 1), (5, 4), (6, 3), (7, 6), (8, 0), (9, 9)]}
Checkpoint ...
[33mEpoch 78/200[0m
[33m----------[0m
Adjusted learning rate to 0.00010
Train ...
Epoch: [77][ 0/50]	Loss 7.4623e-02 (7.4623e-02)
Epoch: [77][25/50]	Loss 5.5030e-02 (6.7518e-02)
Evaluate ...
{'ACC': 0.8393, 'ARI': 0.7144591539154435, 'NMI': 0.7640704317304994, 'ACC Top-5': 0.9892, 'hungarian_match': [(0, 7), (1, 5), (2, 2), (3, 8), (4, 1), (5, 4), (6, 3), (7, 6), (8, 0), (9, 9)]}
Checkpoint ...
[33mEpoch 79/200[0m
[33m----------[0m
Adjusted learning rate to 0.00010
Train ...
Epoch: [78][ 0/50]	Loss 8.0476e-02 (8.0476e-02)
Epoch: [78][25/50]	Loss 5.1440e-02 (7.1753e-02)
Evaluate ...
{'ACC': 0.8343, 'ARI': 0.7072637118641271, 'NMI': 0.757039945756189, 'ACC Top-5': 0.9909, 'hungarian_match': [(0, 7), (1, 5), (2, 2), (3, 8), (4, 1), (5, 4), (6, 3), (7, 6), (8, 0), (9, 9)]}
Checkpoint ...
[33mEpoch 80/200[0m
[33m----------[0m
Adjusted learning rate to 0.00010
Train ...
Epoch: [79][ 0/50]	Loss 6.1236e-02 (6.1236e-02)
Epoch: [79][25/50]	Loss 7.6865e-02 (7.3647e-02)
Evaluate ...
{'ACC': 0.8373, 'ARI': 0.7096775747845165, 'NMI': 0.7609224217782858, 'ACC Top-5': 0.9891, 'hungarian_match': [(0, 7), (1, 5), (2, 2), (3, 8), (4, 1), (5, 4), (6, 3), (7, 6), (8, 0), (9, 9)]}
Checkpoint ...
[33mEpoch 81/200[0m
[33m----------[0m
Adjusted learning rate to 0.00010
Train ...
Epoch: [80][ 0/50]	Loss 5.2550e-02 (5.2550e-02)
Epoch: [80][25/50]	Loss 7.1775e-02 (7.3280e-02)
Evaluate ...
{'ACC': 0.8359, 'ARI': 0.70862653614929, 'NMI': 0.7606959625471824, 'ACC Top-5': 0.9887, 'hungarian_match': [(0, 7), (1, 5), (2, 2), (3, 8), (4, 1), (5, 4), (6, 3), (7, 6), (8, 0), (9, 9)]}
Checkpoint ...
[33mEpoch 82/200[0m
[33m----------[0m
Adjusted learning rate to 0.00010
Train ...
Epoch: [81][ 0/50]	Loss 8.1995e-02 (8.1995e-02)
Epoch: [81][25/50]	Loss 7.8675e-02 (7.5676e-02)
Evaluate ...
{'ACC': 0.8393, 'ARI': 0.7135051316591661, 'NMI': 0.7643966235562882, 'ACC Top-5': 0.9915, 'hungarian_match': [(0, 7), (1, 5), (2, 2), (3, 8), (4, 1), (5, 4), (6, 3), (7, 6), (8, 0), (9, 9)]}
Checkpoint ...
[33mEpoch 83/200[0m
[33m----------[0m
Adjusted learning rate to 0.00010
Train ...
Epoch: [82][ 0/50]	Loss 9.2420e-02 (9.2420e-02)
Epoch: [82][25/50]	Loss 4.6754e-02 (7.0755e-02)
Evaluate ...
{'ACC': 0.8366, 'ARI': 0.7072423127144808, 'NMI': 0.7600755544773266, 'ACC Top-5': 0.9899, 'hungarian_match': [(0, 7), (1, 5), (2, 2), (3, 8), (4, 1), (5, 4), (6, 3), (7, 6), (8, 0), (9, 9)]}
Checkpoint ...
[33mEpoch 84/200[0m
[33m----------[0m
Adjusted learning rate to 0.00010
Train ...
Epoch: [83][ 0/50]	Loss 6.1266e-02 (6.1266e-02)
Epoch: [83][25/50]	Loss 6.1950e-02 (7.4654e-02)
Evaluate ...
{'ACC': 0.8397, 'ARI': 0.7161198598388924, 'NMI': 0.763229377112373, 'ACC Top-5': 0.9917, 'hungarian_match': [(0, 7), (1, 5), (2, 2), (3, 8), (4, 1), (5, 4), (6, 3), (7, 6), (8, 0), (9, 9)]}
Checkpoint ...
[33mEpoch 85/200[0m
[33m----------[0m
Adjusted learning rate to 0.00010
Train ...
Epoch: [84][ 0/50]	Loss 6.3566e-02 (6.3566e-02)
Epoch: [84][25/50]	Loss 1.0489e-01 (6.9756e-02)
Evaluate ...
{'ACC': 0.84, 'ARI': 0.7174449240390092, 'NMI': 0.764620999122638, 'ACC Top-5': 0.9904, 'hungarian_match': [(0, 7), (1, 5), (2, 2), (3, 8), (4, 1), (5, 4), (6, 3), (7, 6), (8, 0), (9, 9)]}
Checkpoint ...
[33mEpoch 86/200[0m
[33m----------[0m
Adjusted learning rate to 0.00010
Train ...
Epoch: [85][ 0/50]	Loss 6.6630e-02 (6.6630e-02)
Epoch: [85][25/50]	Loss 6.3202e-02 (7.4897e-02)
Evaluate ...
{'ACC': 0.8422, 'ARI': 0.7173251258242126, 'NMI': 0.7659771101214773, 'ACC Top-5': 0.9884, 'hungarian_match': [(0, 7), (1, 5), (2, 2), (3, 8), (4, 1), (5, 4), (6, 3), (7, 6), (8, 0), (9, 9)]}
Checkpoint ...
[33mEpoch 87/200[0m
[33m----------[0m
Adjusted learning rate to 0.00010
Train ...
Epoch: [86][ 0/50]	Loss 7.5342e-02 (7.5342e-02)
Epoch: [86][25/50]	Loss 7.8650e-02 (7.0197e-02)
Evaluate ...
{'ACC': 0.836, 'ARI': 0.7103615259230189, 'NMI': 0.7597455927270549, 'ACC Top-5': 0.9903, 'hungarian_match': [(0, 7), (1, 5), (2, 2), (3, 8), (4, 1), (5, 4), (6, 3), (7, 6), (8, 0), (9, 9)]}
Checkpoint ...
[33mEpoch 88/200[0m
[33m----------[0m
Adjusted learning rate to 0.00010
Train ...
Epoch: [87][ 0/50]	Loss 6.0037e-02 (6.0037e-02)
Epoch: [87][25/50]	Loss 5.1145e-02 (7.2035e-02)
Evaluate ...
{'ACC': 0.8396, 'ARI': 0.7139913659591028, 'NMI': 0.7636445465896424, 'ACC Top-5': 0.9909, 'hungarian_match': [(0, 7), (1, 5), (2, 2), (3, 8), (4, 1), (5, 4), (6, 3), (7, 6), (8, 0), (9, 9)]}
Checkpoint ...
[33mEpoch 89/200[0m
[33m----------[0m
Adjusted learning rate to 0.00010
Train ...
Epoch: [88][ 0/50]	Loss 6.9528e-02 (6.9528e-02)
Epoch: [88][25/50]	Loss 7.4071e-02 (7.4998e-02)
Evaluate ...
{'ACC': 0.8399, 'ARI': 0.7140433761693592, 'NMI': 0.7638093218777406, 'ACC Top-5': 0.9849, 'hungarian_match': [(0, 7), (1, 5), (2, 2), (3, 8), (4, 1), (5, 4), (6, 3), (7, 6), (8, 0), (9, 9)]}
Checkpoint ...
[33mEpoch 90/200[0m
[33m----------[0m
Adjusted learning rate to 0.00010
Train ...
Epoch: [89][ 0/50]	Loss 7.0122e-02 (7.0122e-02)
Epoch: [89][25/50]	Loss 8.9866e-02 (7.3077e-02)
Evaluate ...
{'ACC': 0.8436, 'ARI': 0.7211199448298743, 'NMI': 0.768841024644157, 'ACC Top-5': 0.99, 'hungarian_match': [(0, 7), (1, 5), (2, 2), (3, 8), (4, 1), (5, 4), (6, 3), (7, 6), (8, 0), (9, 9)]}
Checkpoint ...
[33mEpoch 91/200[0m
[33m----------[0m
Adjusted learning rate to 0.00010
Train ...
Epoch: [90][ 0/50]	Loss 8.6172e-02 (8.6172e-02)
Epoch: [90][25/50]	Loss 8.0413e-02 (7.5972e-02)
Evaluate ...
{'ACC': 0.8413, 'ARI': 0.7162042987201873, 'NMI': 0.7654287851116849, 'ACC Top-5': 0.9867, 'hungarian_match': [(0, 7), (1, 5), (2, 2), (3, 8), (4, 1), (5, 4), (6, 3), (7, 6), (8, 0), (9, 9)]}
Checkpoint ...
[33mEpoch 92/200[0m
[33m----------[0m
Adjusted learning rate to 0.00010
Train ...
Epoch: [91][ 0/50]	Loss 7.7598e-02 (7.7598e-02)
Epoch: [91][25/50]	Loss 6.9796e-02 (7.2344e-02)
Evaluate ...
{'ACC': 0.8389, 'ARI': 0.7123255046926124, 'NMI': 0.7622380422135279, 'ACC Top-5': 0.989, 'hungarian_match': [(0, 7), (1, 5), (2, 2), (3, 8), (4, 1), (5, 4), (6, 3), (7, 6), (8, 0), (9, 9)]}
Checkpoint ...
[33mEpoch 93/200[0m
[33m----------[0m
Adjusted learning rate to 0.00010
Train ...
Epoch: [92][ 0/50]	Loss 7.3779e-02 (7.3779e-02)
Epoch: [92][25/50]	Loss 7.8321e-02 (7.8866e-02)
Evaluate ...
{'ACC': 0.8417, 'ARI': 0.7144906275909869, 'NMI': 0.7625664748238948, 'ACC Top-5': 0.988, 'hungarian_match': [(0, 7), (1, 5), (2, 2), (3, 8), (4, 1), (5, 4), (6, 3), (7, 6), (8, 0), (9, 9)]}
Checkpoint ...
[33mEpoch 94/200[0m
[33m----------[0m
Adjusted learning rate to 0.00010
Train ...
Epoch: [93][ 0/50]	Loss 6.6878e-02 (6.6878e-02)
Epoch: [93][25/50]	Loss 6.6913e-02 (7.3947e-02)
Evaluate ...
{'ACC': 0.8375, 'ARI': 0.7110735261816415, 'NMI': 0.7609102800385981, 'ACC Top-5': 0.99, 'hungarian_match': [(0, 7), (1, 5), (2, 2), (3, 8), (4, 1), (5, 4), (6, 3), (7, 6), (8, 0), (9, 9)]}
Checkpoint ...
[33mEpoch 95/200[0m
[33m----------[0m
Adjusted learning rate to 0.00010
Train ...
Epoch: [94][ 0/50]	Loss 5.3490e-02 (5.3490e-02)
Epoch: [94][25/50]	Loss 9.8994e-02 (7.3106e-02)
Evaluate ...
{'ACC': 0.8413, 'ARI': 0.7184945710564459, 'NMI': 0.7654310675352495, 'ACC Top-5': 0.9902, 'hungarian_match': [(0, 7), (1, 5), (2, 2), (3, 8), (4, 1), (5, 4), (6, 3), (7, 6), (8, 0), (9, 9)]}
Checkpoint ...
[33mEpoch 96/200[0m
[33m----------[0m
Adjusted learning rate to 0.00010
Train ...
Epoch: [95][ 0/50]	Loss 9.0993e-02 (9.0993e-02)
Epoch: [95][25/50]	Loss 5.4778e-02 (7.6544e-02)
Evaluate ...
{'ACC': 0.8405, 'ARI': 0.7164795299156381, 'NMI': 0.7625747415149338, 'ACC Top-5': 0.9855, 'hungarian_match': [(0, 7), (1, 5), (2, 2), (3, 8), (4, 1), (5, 4), (6, 3), (7, 6), (8, 0), (9, 9)]}
Checkpoint ...
[33mEpoch 97/200[0m
[33m----------[0m
Adjusted learning rate to 0.00010
Train ...
Epoch: [96][ 0/50]	Loss 7.5801e-02 (7.5801e-02)
Epoch: [96][25/50]	Loss 6.3353e-02 (7.1407e-02)
Evaluate ...
{'ACC': 0.8394, 'ARI': 0.7138318925397706, 'NMI': 0.7644189309596355, 'ACC Top-5': 0.9892, 'hungarian_match': [(0, 7), (1, 5), (2, 2), (3, 8), (4, 1), (5, 4), (6, 3), (7, 6), (8, 0), (9, 9)]}
Checkpoint ...
[33mEpoch 98/200[0m
[33m----------[0m
Adjusted learning rate to 0.00010
Train ...
Epoch: [97][ 0/50]	Loss 7.5364e-02 (7.5364e-02)
Epoch: [97][25/50]	Loss 3.9907e-02 (7.2848e-02)
Evaluate ...
{'ACC': 0.841, 'ARI': 0.7129965578413893, 'NMI': 0.764970974970244, 'ACC Top-5': 0.9857, 'hungarian_match': [(0, 7), (1, 5), (2, 2), (3, 8), (4, 1), (5, 4), (6, 3), (7, 6), (8, 0), (9, 9)]}
Checkpoint ...
[33mEpoch 99/200[0m
[33m----------[0m
Adjusted learning rate to 0.00010
Train ...
Epoch: [98][ 0/50]	Loss 8.1161e-02 (8.1161e-02)
Epoch: [98][25/50]	Loss 5.3038e-02 (7.5368e-02)
Evaluate ...
{'ACC': 0.842, 'ARI': 0.7160900354892745, 'NMI': 0.7662037216160407, 'ACC Top-5': 0.984, 'hungarian_match': [(0, 7), (1, 5), (2, 2), (3, 8), (4, 1), (5, 4), (6, 3), (7, 6), (8, 0), (9, 9)]}
Checkpoint ...
[33mEpoch 100/200[0m
[33m----------[0m
Adjusted learning rate to 0.00010
Train ...
Epoch: [99][ 0/50]	Loss 7.2682e-02 (7.2682e-02)
Epoch: [99][25/50]	Loss 6.9278e-02 (7.4095e-02)
Evaluate ...
{'ACC': 0.84, 'ARI': 0.7152655318533933, 'NMI': 0.7636035626169986, 'ACC Top-5': 0.986, 'hungarian_match': [(0, 7), (1, 5), (2, 2), (3, 8), (4, 1), (5, 4), (6, 3), (7, 6), (8, 0), (9, 9)]}
Checkpoint ...
[33mEpoch 101/200[0m
[33m----------[0m
Adjusted learning rate to 0.00010
Train ...
Epoch: [100][ 0/50]	Loss 8.2570e-02 (8.2570e-02)
Epoch: [100][25/50]	Loss 9.5610e-02 (7.1853e-02)
Evaluate ...
{'ACC': 0.8408, 'ARI': 0.7140187239626573, 'NMI': 0.7645263218659504, 'ACC Top-5': 0.9854, 'hungarian_match': [(0, 7), (1, 5), (2, 2), (3, 8), (4, 1), (5, 4), (6, 3), (7, 6), (8, 0), (9, 9)]}
Checkpoint ...
[33mEpoch 102/200[0m
[33m----------[0m
Adjusted learning rate to 0.00010
Train ...
Epoch: [101][ 0/50]	Loss 8.5005e-02 (8.5005e-02)
Epoch: [101][25/50]	Loss 8.1995e-02 (6.8255e-02)
Evaluate ...
{'ACC': 0.8411, 'ARI': 0.7162755088170176, 'NMI': 0.7638284298853935, 'ACC Top-5': 0.9828, 'hungarian_match': [(0, 7), (1, 5), (2, 2), (3, 8), (4, 1), (5, 4), (6, 3), (7, 6), (8, 0), (9, 9)]}
Checkpoint ...
[33mEpoch 103/200[0m
[33m----------[0m
Adjusted learning rate to 0.00010
Train ...
Epoch: [102][ 0/50]	Loss 9.1375e-02 (9.1375e-02)
Epoch: [102][25/50]	Loss 8.6866e-02 (7.6218e-02)
Evaluate ...
{'ACC': 0.8417, 'ARI': 0.7160538425163442, 'NMI': 0.7675708243155601, 'ACC Top-5': 0.9869, 'hungarian_match': [(0, 7), (1, 5), (2, 2), (3, 8), (4, 1), (5, 4), (6, 3), (7, 6), (8, 0), (9, 9)]}
Checkpoint ...
[33mEpoch 104/200[0m
[33m----------[0m
Adjusted learning rate to 0.00010
Train ...
Epoch: [103][ 0/50]	Loss 5.2029e-02 (5.2029e-02)
Epoch: [103][25/50]	Loss 8.0696e-02 (6.6619e-02)
Evaluate ...
{'ACC': 0.8423, 'ARI': 0.7189170750915287, 'NMI': 0.767442087643323, 'ACC Top-5': 0.9856, 'hungarian_match': [(0, 7), (1, 5), (2, 2), (3, 8), (4, 1), (5, 4), (6, 3), (7, 6), (8, 0), (9, 9)]}
Checkpoint ...
[33mEpoch 105/200[0m
[33m----------[0m
Adjusted learning rate to 0.00010
Train ...
Epoch: [104][ 0/50]	Loss 7.2940e-02 (7.2940e-02)
Epoch: [104][25/50]	Loss 6.4094e-02 (7.2650e-02)
Evaluate ...
{'ACC': 0.8425, 'ARI': 0.7174480929659113, 'NMI': 0.7666113512959295, 'ACC Top-5': 0.9839, 'hungarian_match': [(0, 7), (1, 5), (2, 2), (3, 8), (4, 1), (5, 4), (6, 3), (7, 6), (8, 0), (9, 9)]}
Checkpoint ...
[33mEpoch 106/200[0m
[33m----------[0m
Adjusted learning rate to 0.00010
Train ...
Epoch: [105][ 0/50]	Loss 7.4441e-02 (7.4441e-02)
Epoch: [105][25/50]	Loss 5.8185e-02 (7.2685e-02)
Evaluate ...
{'ACC': 0.8426, 'ARI': 0.7199523521336574, 'NMI': 0.768963002885488, 'ACC Top-5': 0.9848, 'hungarian_match': [(0, 7), (1, 5), (2, 2), (3, 8), (4, 1), (5, 4), (6, 3), (7, 6), (8, 0), (9, 9)]}
Checkpoint ...
[33mEpoch 107/200[0m
[33m----------[0m
Adjusted learning rate to 0.00010
Train ...
Epoch: [106][ 0/50]	Loss 6.4767e-02 (6.4767e-02)
Epoch: [106][25/50]	Loss 5.9480e-02 (6.7852e-02)
Evaluate ...
{'ACC': 0.8412, 'ARI': 0.7174556883830004, 'NMI': 0.7678364451028041, 'ACC Top-5': 0.9889, 'hungarian_match': [(0, 7), (1, 5), (2, 2), (3, 8), (4, 1), (5, 4), (6, 3), (7, 6), (8, 0), (9, 9)]}
Checkpoint ...
[33mEpoch 108/200[0m
[33m----------[0m
Adjusted learning rate to 0.00010
Train ...
Epoch: [107][ 0/50]	Loss 9.4177e-02 (9.4177e-02)
Epoch: [107][25/50]	Loss 6.5043e-02 (7.3269e-02)
Evaluate ...
{'ACC': 0.8418, 'ARI': 0.7190161206956359, 'NMI': 0.7679034804823095, 'ACC Top-5': 0.9857, 'hungarian_match': [(0, 7), (1, 5), (2, 2), (3, 8), (4, 1), (5, 4), (6, 3), (7, 6), (8, 0), (9, 9)]}
Checkpoint ...
[33mEpoch 109/200[0m
[33m----------[0m
Adjusted learning rate to 0.00010
Train ...
Epoch: [108][ 0/50]	Loss 3.8408e-02 (3.8408e-02)
Epoch: [108][25/50]	Loss 6.0599e-02 (6.5883e-02)
Evaluate ...
{'ACC': 0.8405, 'ARI': 0.7151961972705871, 'NMI': 0.7634641606382951, 'ACC Top-5': 0.9881, 'hungarian_match': [(0, 7), (1, 5), (2, 2), (3, 8), (4, 1), (5, 4), (6, 3), (7, 6), (8, 0), (9, 9)]}
Checkpoint ...
[33mEpoch 110/200[0m
[33m----------[0m
Adjusted learning rate to 0.00010
Train ...
Epoch: [109][ 0/50]	Loss 4.1297e-02 (4.1297e-02)
Epoch: [109][25/50]	Loss 8.1504e-02 (6.8590e-02)
Evaluate ...
{'ACC': 0.8417, 'ARI': 0.7164041585431967, 'NMI': 0.765875619380638, 'ACC Top-5': 0.9866, 'hungarian_match': [(0, 7), (1, 5), (2, 2), (3, 8), (4, 1), (5, 4), (6, 3), (7, 6), (8, 0), (9, 9)]}
Checkpoint ...
[33mEpoch 111/200[0m
[33m----------[0m
Adjusted learning rate to 0.00010
Train ...
Epoch: [110][ 0/50]	Loss 6.5119e-02 (6.5119e-02)
Epoch: [110][25/50]	Loss 9.0362e-02 (7.5078e-02)
Evaluate ...
{'ACC': 0.8415, 'ARI': 0.7138861025885035, 'NMI': 0.7617322629888661, 'ACC Top-5': 0.9899, 'hungarian_match': [(0, 7), (1, 5), (2, 2), (3, 8), (4, 1), (5, 4), (6, 3), (7, 6), (8, 0), (9, 9)]}
Checkpoint ...
[33mEpoch 112/200[0m
[33m----------[0m
Adjusted learning rate to 0.00010
Train ...
Epoch: [111][ 0/50]	Loss 8.4003e-02 (8.4003e-02)
Epoch: [111][25/50]	Loss 5.3567e-02 (7.2919e-02)
Evaluate ...
{'ACC': 0.8433, 'ARI': 0.720419948403092, 'NMI': 0.7679436454306402, 'ACC Top-5': 0.9853, 'hungarian_match': [(0, 7), (1, 5), (2, 2), (3, 8), (4, 1), (5, 4), (6, 3), (7, 6), (8, 0), (9, 9)]}
Checkpoint ...
[33mEpoch 113/200[0m
[33m----------[0m
Adjusted learning rate to 0.00010
Train ...
Epoch: [112][ 0/50]	Loss 7.3069e-02 (7.3069e-02)
Epoch: [112][25/50]	Loss 5.0176e-02 (6.6977e-02)
Evaluate ...
{'ACC': 0.8435, 'ARI': 0.7197978597074045, 'NMI': 0.7661324084014666, 'ACC Top-5': 0.9842, 'hungarian_match': [(0, 7), (1, 5), (2, 2), (3, 8), (4, 1), (5, 4), (6, 3), (7, 6), (8, 0), (9, 9)]}
Checkpoint ...
[33mEpoch 114/200[0m
[33m----------[0m
Adjusted learning rate to 0.00010
Train ...
Epoch: [113][ 0/50]	Loss 6.3735e-02 (6.3735e-02)
Epoch: [113][25/50]	Loss 7.1218e-02 (7.4771e-02)
Evaluate ...
{'ACC': 0.8408, 'ARI': 0.7171476328774419, 'NMI': 0.7653648673039697, 'ACC Top-5': 0.9788, 'hungarian_match': [(0, 7), (1, 5), (2, 2), (3, 8), (4, 1), (5, 4), (6, 3), (7, 6), (8, 0), (9, 9)]}
Checkpoint ...
[33mEpoch 115/200[0m
[33m----------[0m
Adjusted learning rate to 0.00010
Train ...
Epoch: [114][ 0/50]	Loss 7.7657e-02 (7.7657e-02)
Epoch: [114][25/50]	Loss 9.0670e-02 (7.1207e-02)
Evaluate ...
{'ACC': 0.841, 'ARI': 0.7178858585489386, 'NMI': 0.7657391549109995, 'ACC Top-5': 0.9819, 'hungarian_match': [(0, 7), (1, 5), (2, 2), (3, 8), (4, 1), (5, 4), (6, 3), (7, 6), (8, 0), (9, 9)]}
Checkpoint ...
[33mEpoch 116/200[0m
[33m----------[0m
Adjusted learning rate to 0.00010
Train ...
Epoch: [115][ 0/50]	Loss 9.3503e-02 (9.3503e-02)
Epoch: [115][25/50]	Loss 7.5933e-02 (7.0389e-02)
Evaluate ...
{'ACC': 0.8425, 'ARI': 0.7195829443677132, 'NMI': 0.7685221988761143, 'ACC Top-5': 0.9832, 'hungarian_match': [(0, 7), (1, 5), (2, 2), (3, 8), (4, 1), (5, 4), (6, 3), (7, 6), (8, 0), (9, 9)]}
Checkpoint ...
[33mEpoch 117/200[0m
[33m----------[0m
Adjusted learning rate to 0.00010
Train ...
Epoch: [116][ 0/50]	Loss 6.0397e-02 (6.0397e-02)
Epoch: [116][25/50]	Loss 7.1625e-02 (6.7864e-02)
Evaluate ...
{'ACC': 0.8393, 'ARI': 0.7137014259863874, 'NMI': 0.764180121998308, 'ACC Top-5': 0.9826, 'hungarian_match': [(0, 7), (1, 5), (2, 2), (3, 8), (4, 1), (5, 4), (6, 3), (7, 6), (8, 0), (9, 9)]}
Checkpoint ...
[33mEpoch 118/200[0m
[33m----------[0m
Adjusted learning rate to 0.00010
Train ...
Epoch: [117][ 0/50]	Loss 7.6584e-02 (7.6584e-02)
Epoch: [117][25/50]	Loss 6.5087e-02 (7.4094e-02)
Evaluate ...
{'ACC': 0.8443, 'ARI': 0.7220781661484443, 'NMI': 0.7708787895407352, 'ACC Top-5': 0.9814, 'hungarian_match': [(0, 7), (1, 5), (2, 2), (3, 8), (4, 1), (5, 4), (6, 3), (7, 6), (8, 0), (9, 9)]}
Checkpoint ...
[33mEpoch 119/200[0m
[33m----------[0m
Adjusted learning rate to 0.00010
Train ...
Epoch: [118][ 0/50]	Loss 5.5560e-02 (5.5560e-02)
Epoch: [118][25/50]	Loss 6.6933e-02 (6.9857e-02)
Evaluate ...
{'ACC': 0.8426, 'ARI': 0.7177288208543908, 'NMI': 0.7635797849296967, 'ACC Top-5': 0.984, 'hungarian_match': [(0, 7), (1, 5), (2, 2), (3, 8), (4, 1), (5, 4), (6, 3), (7, 6), (8, 0), (9, 9)]}
Checkpoint ...
[33mEpoch 120/200[0m
[33m----------[0m
Adjusted learning rate to 0.00010
Train ...
Epoch: [119][ 0/50]	Loss 8.9957e-02 (8.9957e-02)
Epoch: [119][25/50]	Loss 6.4710e-02 (6.8130e-02)
Evaluate ...
{'ACC': 0.8445, 'ARI': 0.7202018378268032, 'NMI': 0.7679946884116109, 'ACC Top-5': 0.9847, 'hungarian_match': [(0, 7), (1, 5), (2, 2), (3, 8), (4, 1), (5, 4), (6, 3), (7, 6), (8, 0), (9, 9)]}
Checkpoint ...
[33mEpoch 121/200[0m
[33m----------[0m
Adjusted learning rate to 0.00010
Train ...
Epoch: [120][ 0/50]	Loss 5.8654e-02 (5.8654e-02)
Epoch: [120][25/50]	Loss 6.7361e-02 (6.6682e-02)
Evaluate ...
{'ACC': 0.844, 'ARI': 0.7209148145710688, 'NMI': 0.7672773906550273, 'ACC Top-5': 0.9884, 'hungarian_match': [(0, 7), (1, 5), (2, 2), (3, 8), (4, 1), (5, 4), (6, 3), (7, 6), (8, 0), (9, 9)]}
Checkpoint ...
[33mEpoch 122/200[0m
[33m----------[0m
Adjusted learning rate to 0.00010
Train ...
Epoch: [121][ 0/50]	Loss 5.6865e-02 (5.6865e-02)
Epoch: [121][25/50]	Loss 4.9214e-02 (7.3189e-02)
Evaluate ...
{'ACC': 0.8435, 'ARI': 0.7218138687765849, 'NMI': 0.7698439194474062, 'ACC Top-5': 0.9846, 'hungarian_match': [(0, 7), (1, 5), (2, 2), (3, 8), (4, 1), (5, 4), (6, 3), (7, 6), (8, 0), (9, 9)]}
Checkpoint ...
[33mEpoch 123/200[0m
[33m----------[0m
Adjusted learning rate to 0.00010
Train ...
Epoch: [122][ 0/50]	Loss 6.2916e-02 (6.2916e-02)
Epoch: [122][25/50]	Loss 7.1889e-02 (7.2886e-02)
Evaluate ...
{'ACC': 0.8459, 'ARI': 0.7237250026869395, 'NMI': 0.7712896431511606, 'ACC Top-5': 0.9836, 'hungarian_match': [(0, 7), (1, 5), (2, 2), (3, 8), (4, 1), (5, 4), (6, 3), (7, 6), (8, 0), (9, 9)]}
Checkpoint ...
[33mEpoch 124/200[0m
[33m----------[0m
Adjusted learning rate to 0.00010
Train ...
Epoch: [123][ 0/50]	Loss 7.3369e-02 (7.3369e-02)
Epoch: [123][25/50]	Loss 4.1477e-02 (7.0812e-02)
Evaluate ...
{'ACC': 0.8419, 'ARI': 0.7179083261690202, 'NMI': 0.7674977085664334, 'ACC Top-5': 0.9795, 'hungarian_match': [(0, 7), (1, 5), (2, 2), (3, 8), (4, 1), (5, 4), (6, 3), (7, 6), (8, 0), (9, 9)]}
Checkpoint ...
[33mEpoch 125/200[0m
[33m----------[0m
Adjusted learning rate to 0.00010
Train ...
Epoch: [124][ 0/50]	Loss 6.3044e-02 (6.3044e-02)
Epoch: [124][25/50]	Loss 5.5118e-02 (6.7045e-02)
Evaluate ...
{'ACC': 0.8417, 'ARI': 0.71820749677781, 'NMI': 0.7655474226212072, 'ACC Top-5': 0.9843, 'hungarian_match': [(0, 7), (1, 5), (2, 2), (3, 8), (4, 1), (5, 4), (6, 3), (7, 6), (8, 0), (9, 9)]}
Checkpoint ...
[33mEpoch 126/200[0m
[33m----------[0m
Adjusted learning rate to 0.00010
Train ...
Epoch: [125][ 0/50]	Loss 7.6072e-02 (7.6072e-02)
Epoch: [125][25/50]	Loss 5.2264e-02 (6.9104e-02)
Evaluate ...
{'ACC': 0.8407, 'ARI': 0.7139991195233367, 'NMI': 0.7662292973091019, 'ACC Top-5': 0.9896, 'hungarian_match': [(0, 7), (1, 5), (2, 2), (3, 8), (4, 1), (5, 4), (6, 3), (7, 6), (8, 0), (9, 9)]}
Checkpoint ...
[33mEpoch 127/200[0m
[33m----------[0m
Adjusted learning rate to 0.00010
Train ...
Epoch: [126][ 0/50]	Loss 8.6131e-02 (8.6131e-02)
Epoch: [126][25/50]	Loss 1.0144e-01 (7.3297e-02)
Evaluate ...
{'ACC': 0.8409, 'ARI': 0.7177441511919495, 'NMI': 0.7661171268253979, 'ACC Top-5': 0.9874, 'hungarian_match': [(0, 7), (1, 5), (2, 2), (3, 8), (4, 1), (5, 4), (6, 3), (7, 6), (8, 0), (9, 9)]}
Checkpoint ...
[33mEpoch 128/200[0m
[33m----------[0m
Adjusted learning rate to 0.00010
Train ...
Epoch: [127][ 0/50]	Loss 6.1501e-02 (6.1501e-02)
Epoch: [127][25/50]	Loss 6.0244e-02 (7.1737e-02)
Evaluate ...
{'ACC': 0.843, 'ARI': 0.7167886168544875, 'NMI': 0.7662181553985624, 'ACC Top-5': 0.9901, 'hungarian_match': [(0, 7), (1, 5), (2, 2), (3, 8), (4, 1), (5, 4), (6, 3), (7, 6), (8, 0), (9, 9)]}
Checkpoint ...
[33mEpoch 129/200[0m
[33m----------[0m
Adjusted learning rate to 0.00010
Train ...
Epoch: [128][ 0/50]	Loss 6.9215e-02 (6.9215e-02)
Epoch: [128][25/50]	Loss 5.9367e-02 (7.1822e-02)
Evaluate ...
{'ACC': 0.8409, 'ARI': 0.7154718266478166, 'NMI': 0.7644656950271438, 'ACC Top-5': 0.9894, 'hungarian_match': [(0, 7), (1, 5), (2, 2), (3, 8), (4, 1), (5, 4), (6, 3), (7, 6), (8, 0), (9, 9)]}
Checkpoint ...
[33mEpoch 130/200[0m
[33m----------[0m
Adjusted learning rate to 0.00010
Train ...
Epoch: [129][ 0/50]	Loss 7.1253e-02 (7.1253e-02)
Epoch: [129][25/50]	Loss 8.0282e-02 (7.3829e-02)
Evaluate ...
{'ACC': 0.8348, 'ARI': 0.7079920045287245, 'NMI': 0.758098922500895, 'ACC Top-5': 0.9879, 'hungarian_match': [(0, 7), (1, 5), (2, 2), (3, 8), (4, 1), (5, 4), (6, 3), (7, 6), (8, 0), (9, 9)]}
Checkpoint ...
[33mEpoch 131/200[0m
[33m----------[0m
Adjusted learning rate to 0.00010
Train ...
Epoch: [130][ 0/50]	Loss 5.4047e-02 (5.4047e-02)
Epoch: [130][25/50]	Loss 8.5113e-02 (7.1759e-02)
Evaluate ...
{'ACC': 0.8388, 'ARI': 0.7136629558231171, 'NMI': 0.765065545080555, 'ACC Top-5': 0.9878, 'hungarian_match': [(0, 7), (1, 5), (2, 2), (3, 8), (4, 1), (5, 4), (6, 3), (7, 6), (8, 0), (9, 9)]}
Checkpoint ...
[33mEpoch 132/200[0m
[33m----------[0m
Adjusted learning rate to 0.00010
Train ...
Epoch: [131][ 0/50]	Loss 8.7885e-02 (8.7885e-02)
Epoch: [131][25/50]	Loss 5.7694e-02 (6.8387e-02)
Evaluate ...
{'ACC': 0.8425, 'ARI': 0.7169365740604995, 'NMI': 0.7664659885090395, 'ACC Top-5': 0.9903, 'hungarian_match': [(0, 7), (1, 5), (2, 2), (3, 8), (4, 1), (5, 4), (6, 3), (7, 6), (8, 0), (9, 9)]}
Checkpoint ...
[33mEpoch 133/200[0m
[33m----------[0m
Adjusted learning rate to 0.00010
Train ...
Epoch: [132][ 0/50]	Loss 1.0359e-01 (1.0359e-01)
Epoch: [132][25/50]	Loss 7.1242e-02 (7.2352e-02)
Evaluate ...
{'ACC': 0.838, 'ARI': 0.7150399193258486, 'NMI': 0.7638362026791455, 'ACC Top-5': 0.9879, 'hungarian_match': [(0, 7), (1, 5), (2, 2), (3, 8), (4, 1), (5, 4), (6, 3), (7, 6), (8, 0), (9, 9)]}
Checkpoint ...
[33mEpoch 134/200[0m
[33m----------[0m
Adjusted learning rate to 0.00010
Train ...
Epoch: [133][ 0/50]	Loss 9.7176e-02 (9.7176e-02)
Epoch: [133][25/50]	Loss 6.7089e-02 (7.3366e-02)
Evaluate ...
{'ACC': 0.8409, 'ARI': 0.7155116398678937, 'NMI': 0.7614050907551319, 'ACC Top-5': 0.988, 'hungarian_match': [(0, 7), (1, 5), (2, 2), (3, 8), (4, 1), (5, 4), (6, 3), (7, 6), (8, 0), (9, 9)]}
Checkpoint ...
[33mEpoch 135/200[0m
[33m----------[0m
Adjusted learning rate to 0.00010
Train ...
Epoch: [134][ 0/50]	Loss 9.9783e-02 (9.9783e-02)
Epoch: [134][25/50]	Loss 5.8323e-02 (6.9819e-02)
Evaluate ...
{'ACC': 0.8446, 'ARI': 0.7244808928747514, 'NMI': 0.7716209646507063, 'ACC Top-5': 0.9896, 'hungarian_match': [(0, 7), (1, 5), (2, 2), (3, 8), (4, 1), (5, 4), (6, 3), (7, 6), (8, 0), (9, 9)]}
Checkpoint ...
[33mEpoch 136/200[0m
[33m----------[0m
Adjusted learning rate to 0.00010
Train ...
Epoch: [135][ 0/50]	Loss 5.1441e-02 (5.1441e-02)
Epoch: [135][25/50]	Loss 7.9602e-02 (7.0053e-02)
Evaluate ...
{'ACC': 0.8398, 'ARI': 0.7143236744943416, 'NMI': 0.7628818467047359, 'ACC Top-5': 0.9874, 'hungarian_match': [(0, 7), (1, 5), (2, 2), (3, 8), (4, 1), (5, 4), (6, 3), (7, 6), (8, 0), (9, 9)]}
Checkpoint ...
[33mEpoch 137/200[0m
[33m----------[0m
Adjusted learning rate to 0.00010
Train ...
Epoch: [136][ 0/50]	Loss 6.2553e-02 (6.2553e-02)
Epoch: [136][25/50]	Loss 7.1795e-02 (7.0113e-02)
Evaluate ...
{'ACC': 0.8401, 'ARI': 0.717868179575782, 'NMI': 0.7685556893153601, 'ACC Top-5': 0.9897, 'hungarian_match': [(0, 7), (1, 5), (2, 2), (3, 8), (4, 1), (5, 4), (6, 3), (7, 6), (8, 0), (9, 9)]}
Checkpoint ...
[33mEpoch 138/200[0m
[33m----------[0m
Adjusted learning rate to 0.00010
Train ...
Epoch: [137][ 0/50]	Loss 7.7902e-02 (7.7902e-02)
Epoch: [137][25/50]	Loss 6.5409e-02 (7.4487e-02)
Evaluate ...
{'ACC': 0.8409, 'ARI': 0.7130933397781849, 'NMI': 0.7620808943057289, 'ACC Top-5': 0.9898, 'hungarian_match': [(0, 7), (1, 5), (2, 2), (3, 8), (4, 1), (5, 4), (6, 3), (7, 6), (8, 0), (9, 9)]}
Checkpoint ...
[33mEpoch 139/200[0m
[33m----------[0m
Adjusted learning rate to 0.00010
Train ...
Epoch: [138][ 0/50]	Loss 7.1082e-02 (7.1082e-02)
Epoch: [138][25/50]	Loss 6.7541e-02 (7.2464e-02)
Evaluate ...
{'ACC': 0.8436, 'ARI': 0.7234105225417314, 'NMI': 0.7707519725224822, 'ACC Top-5': 0.9903, 'hungarian_match': [(0, 7), (1, 5), (2, 2), (3, 8), (4, 1), (5, 4), (6, 3), (7, 6), (8, 0), (9, 9)]}
Checkpoint ...
[33mEpoch 140/200[0m
[33m----------[0m
Adjusted learning rate to 0.00010
Train ...
Epoch: [139][ 0/50]	Loss 7.2461e-02 (7.2461e-02)
Epoch: [139][25/50]	Loss 8.0041e-02 (6.9408e-02)
Evaluate ...
{'ACC': 0.8422, 'ARI': 0.719378698391931, 'NMI': 0.7662813920630103, 'ACC Top-5': 0.9901, 'hungarian_match': [(0, 7), (1, 5), (2, 2), (3, 8), (4, 1), (5, 4), (6, 3), (7, 6), (8, 0), (9, 9)]}
Checkpoint ...
[33mEpoch 141/200[0m
[33m----------[0m
Adjusted learning rate to 0.00010
Train ...
Epoch: [140][ 0/50]	Loss 6.3934e-02 (6.3934e-02)
Epoch: [140][25/50]	Loss 5.9298e-02 (7.2081e-02)
Evaluate ...
{'ACC': 0.8383, 'ARI': 0.7100989640557864, 'NMI': 0.7618636714439598, 'ACC Top-5': 0.9877, 'hungarian_match': [(0, 7), (1, 5), (2, 2), (3, 8), (4, 1), (5, 4), (6, 3), (7, 6), (8, 0), (9, 9)]}
Checkpoint ...
[33mEpoch 142/200[0m
[33m----------[0m
Adjusted learning rate to 0.00010
Train ...
Epoch: [141][ 0/50]	Loss 9.3872e-02 (9.3872e-02)
Epoch: [141][25/50]	Loss 6.7892e-02 (7.5500e-02)
Evaluate ...
{'ACC': 0.8443, 'ARI': 0.7225587862507025, 'NMI': 0.7710838327419249, 'ACC Top-5': 0.9903, 'hungarian_match': [(0, 7), (1, 5), (2, 2), (3, 8), (4, 1), (5, 4), (6, 3), (7, 6), (8, 0), (9, 9)]}
Checkpoint ...
[33mEpoch 143/200[0m
[33m----------[0m
Adjusted learning rate to 0.00010
Train ...
Epoch: [142][ 0/50]	Loss 7.7148e-02 (7.7148e-02)
Epoch: [142][25/50]	Loss 6.0408e-02 (6.6541e-02)
Evaluate ...
{'ACC': 0.8431, 'ARI': 0.7181386549976222, 'NMI': 0.7671129940453131, 'ACC Top-5': 0.988, 'hungarian_match': [(0, 7), (1, 5), (2, 2), (3, 8), (4, 1), (5, 4), (6, 3), (7, 6), (8, 0), (9, 9)]}
Checkpoint ...
[33mEpoch 144/200[0m
[33m----------[0m
Adjusted learning rate to 0.00010
Train ...
Epoch: [143][ 0/50]	Loss 8.0978e-02 (8.0978e-02)
Epoch: [143][25/50]	Loss 6.7725e-02 (7.0648e-02)
Evaluate ...
{'ACC': 0.8434, 'ARI': 0.7216454434577912, 'NMI': 0.7698280448313342, 'ACC Top-5': 0.9864, 'hungarian_match': [(0, 7), (1, 5), (2, 2), (3, 8), (4, 1), (5, 4), (6, 3), (7, 6), (8, 0), (9, 9)]}
Checkpoint ...
[33mEpoch 145/200[0m
[33m----------[0m
Adjusted learning rate to 0.00010
Train ...
Epoch: [144][ 0/50]	Loss 5.2511e-02 (5.2511e-02)
Epoch: [144][25/50]	Loss 7.6173e-02 (7.0915e-02)
Evaluate ...
{'ACC': 0.8429, 'ARI': 0.7204463023830853, 'NMI': 0.7699752834280577, 'ACC Top-5': 0.991, 'hungarian_match': [(0, 7), (1, 5), (2, 2), (3, 8), (4, 1), (5, 4), (6, 3), (7, 6), (8, 0), (9, 9)]}
Checkpoint ...
[33mEpoch 146/200[0m
[33m----------[0m
Adjusted learning rate to 0.00010
Train ...
Epoch: [145][ 0/50]	Loss 6.6426e-02 (6.6426e-02)
Epoch: [145][25/50]	Loss 6.5658e-02 (7.2127e-02)
Evaluate ...
{'ACC': 0.8429, 'ARI': 0.7214476991218204, 'NMI': 0.7696081220524942, 'ACC Top-5': 0.9909, 'hungarian_match': [(0, 7), (1, 5), (2, 2), (3, 8), (4, 1), (5, 4), (6, 3), (7, 6), (8, 0), (9, 9)]}
Checkpoint ...
[33mEpoch 147/200[0m
[33m----------[0m
Adjusted learning rate to 0.00010
Train ...
Epoch: [146][ 0/50]	Loss 8.1925e-02 (8.1925e-02)
Epoch: [146][25/50]	Loss 9.3251e-02 (7.1281e-02)
Evaluate ...
{'ACC': 0.8411, 'ARI': 0.7161567759357562, 'NMI': 0.765850769758382, 'ACC Top-5': 0.9906, 'hungarian_match': [(0, 7), (1, 5), (2, 2), (3, 8), (4, 1), (5, 4), (6, 3), (7, 6), (8, 0), (9, 9)]}
Checkpoint ...
[33mEpoch 148/200[0m
[33m----------[0m
Adjusted learning rate to 0.00010
Train ...
Epoch: [147][ 0/50]	Loss 7.9040e-02 (7.9040e-02)
Epoch: [147][25/50]	Loss 8.4234e-02 (7.2132e-02)
Evaluate ...
{'ACC': 0.8417, 'ARI': 0.7164993616073765, 'NMI': 0.7673340916109345, 'ACC Top-5': 0.9893, 'hungarian_match': [(0, 7), (1, 5), (2, 2), (3, 8), (4, 1), (5, 4), (6, 3), (7, 6), (8, 0), (9, 9)]}
Checkpoint ...
[33mEpoch 149/200[0m
[33m----------[0m
Adjusted learning rate to 0.00010
Train ...
Epoch: [148][ 0/50]	Loss 8.0004e-02 (8.0004e-02)
Epoch: [148][25/50]	Loss 6.0827e-02 (6.7398e-02)
Evaluate ...
{'ACC': 0.8413, 'ARI': 0.7170198042338161, 'NMI': 0.7650650810658661, 'ACC Top-5': 0.9897, 'hungarian_match': [(0, 7), (1, 5), (2, 2), (3, 8), (4, 1), (5, 4), (6, 3), (7, 6), (8, 0), (9, 9)]}
Checkpoint ...
[33mEpoch 150/200[0m
[33m----------[0m
Adjusted learning rate to 0.00010
Train ...
Epoch: [149][ 0/50]	Loss 9.2356e-02 (9.2356e-02)
Epoch: [149][25/50]	Loss 7.5814e-02 (7.1955e-02)
Evaluate ...
{'ACC': 0.8417, 'ARI': 0.7154246279478034, 'NMI': 0.7666138434662007, 'ACC Top-5': 0.9858, 'hungarian_match': [(0, 7), (1, 5), (2, 2), (3, 8), (4, 1), (5, 4), (6, 3), (7, 6), (8, 0), (9, 9)]}
Checkpoint ...
[33mEpoch 151/200[0m
[33m----------[0m
Adjusted learning rate to 0.00010
Train ...
Epoch: [150][ 0/50]	Loss 7.1761e-02 (7.1761e-02)
Epoch: [150][25/50]	Loss 6.5915e-02 (6.9153e-02)
Evaluate ...
{'ACC': 0.842, 'ARI': 0.7186821081529026, 'NMI': 0.7668734520153332, 'ACC Top-5': 0.9901, 'hungarian_match': [(0, 7), (1, 5), (2, 2), (3, 8), (4, 1), (5, 4), (6, 3), (7, 6), (8, 0), (9, 9)]}
Checkpoint ...
[33mEpoch 152/200[0m
[33m----------[0m
Adjusted learning rate to 0.00010
Train ...
Epoch: [151][ 0/50]	Loss 9.9545e-02 (9.9545e-02)
Epoch: [151][25/50]	Loss 5.8046e-02 (6.4876e-02)
Evaluate ...
{'ACC': 0.8447, 'ARI': 0.7225139705980225, 'NMI': 0.7697401741222256, 'ACC Top-5': 0.9909, 'hungarian_match': [(0, 7), (1, 5), (2, 2), (3, 8), (4, 1), (5, 4), (6, 3), (7, 6), (8, 0), (9, 9)]}
Checkpoint ...
[33mEpoch 153/200[0m
[33m----------[0m
Adjusted learning rate to 0.00010
Train ...
Epoch: [152][ 0/50]	Loss 5.7055e-02 (5.7055e-02)
Epoch: [152][25/50]	Loss 6.6576e-02 (7.0071e-02)
Evaluate ...
{'ACC': 0.8444, 'ARI': 0.7211325487772143, 'NMI': 0.769503749954619, 'ACC Top-5': 0.9912, 'hungarian_match': [(0, 7), (1, 5), (2, 2), (3, 8), (4, 1), (5, 4), (6, 3), (7, 6), (8, 0), (9, 9)]}
Checkpoint ...
[33mEpoch 154/200[0m
[33m----------[0m
Adjusted learning rate to 0.00010
Train ...
Epoch: [153][ 0/50]	Loss 4.3943e-02 (4.3943e-02)
Epoch: [153][25/50]	Loss 5.0243e-02 (6.5754e-02)
Evaluate ...
{'ACC': 0.8424, 'ARI': 0.7168760981626731, 'NMI': 0.7671393773537892, 'ACC Top-5': 0.99, 'hungarian_match': [(0, 7), (1, 5), (2, 2), (3, 8), (4, 1), (5, 4), (6, 3), (7, 6), (8, 0), (9, 9)]}
Checkpoint ...
[33mEpoch 155/200[0m
[33m----------[0m
Adjusted learning rate to 0.00010
Train ...
Epoch: [154][ 0/50]	Loss 9.8483e-02 (9.8483e-02)
Epoch: [154][25/50]	Loss 6.1499e-02 (6.8503e-02)
Evaluate ...
{'ACC': 0.8422, 'ARI': 0.7195195203088802, 'NMI': 0.7676602634277744, 'ACC Top-5': 0.9913, 'hungarian_match': [(0, 7), (1, 5), (2, 2), (3, 8), (4, 1), (5, 4), (6, 3), (7, 6), (8, 0), (9, 9)]}
Checkpoint ...
[33mEpoch 156/200[0m
[33m----------[0m
Adjusted learning rate to 0.00010
Train ...
Epoch: [155][ 0/50]	Loss 6.4756e-02 (6.4756e-02)
Epoch: [155][25/50]	Loss 8.1408e-02 (7.3112e-02)
Evaluate ...
{'ACC': 0.8442, 'ARI': 0.7209430965771799, 'NMI': 0.7696299490534935, 'ACC Top-5': 0.9862, 'hungarian_match': [(0, 7), (1, 5), (2, 2), (3, 8), (4, 1), (5, 4), (6, 3), (7, 6), (8, 0), (9, 9)]}
Checkpoint ...
[33mEpoch 157/200[0m
[33m----------[0m
Adjusted learning rate to 0.00010
Train ...
Epoch: [156][ 0/50]	Loss 5.9402e-02 (5.9402e-02)
Epoch: [156][25/50]	Loss 7.1568e-02 (6.6026e-02)
Evaluate ...
{'ACC': 0.8433, 'ARI': 0.7234960401741863, 'NMI': 0.7717862040433509, 'ACC Top-5': 0.9867, 'hungarian_match': [(0, 7), (1, 5), (2, 2), (3, 8), (4, 1), (5, 4), (6, 3), (7, 6), (8, 0), (9, 9)]}
Checkpoint ...
[33mEpoch 158/200[0m
[33m----------[0m
Adjusted learning rate to 0.00010
Train ...
Epoch: [157][ 0/50]	Loss 4.6492e-02 (4.6492e-02)
Epoch: [157][25/50]	Loss 7.9335e-02 (6.5836e-02)
Evaluate ...
{'ACC': 0.8427, 'ARI': 0.720227105008048, 'NMI': 0.7688093987130337, 'ACC Top-5': 0.9858, 'hungarian_match': [(0, 7), (1, 5), (2, 2), (3, 8), (4, 1), (5, 4), (6, 3), (7, 6), (8, 0), (9, 9)]}
Checkpoint ...
[33mEpoch 159/200[0m
[33m----------[0m
Adjusted learning rate to 0.00010
Train ...
Epoch: [158][ 0/50]	Loss 6.1514e-02 (6.1514e-02)
Epoch: [158][25/50]	Loss 6.3999e-02 (6.6791e-02)
Evaluate ...
{'ACC': 0.8411, 'ARI': 0.7166271151544046, 'NMI': 0.7666924346355949, 'ACC Top-5': 0.9884, 'hungarian_match': [(0, 7), (1, 5), (2, 2), (3, 8), (4, 1), (5, 4), (6, 3), (7, 6), (8, 0), (9, 9)]}
Checkpoint ...
[33mEpoch 160/200[0m
[33m----------[0m
Adjusted learning rate to 0.00010
Train ...
Epoch: [159][ 0/50]	Loss 7.1750e-02 (7.1750e-02)
Epoch: [159][25/50]	Loss 7.9369e-02 (7.2021e-02)
Evaluate ...
{'ACC': 0.8425, 'ARI': 0.7169060848512588, 'NMI': 0.7676327242470721, 'ACC Top-5': 0.985, 'hungarian_match': [(0, 7), (1, 5), (2, 2), (3, 8), (4, 1), (5, 4), (6, 3), (7, 6), (8, 0), (9, 9)]}
Checkpoint ...
[33mEpoch 161/200[0m
[33m----------[0m
Adjusted learning rate to 0.00010
Train ...
Epoch: [160][ 0/50]	Loss 6.0587e-02 (6.0587e-02)
Epoch: [160][25/50]	Loss 6.9174e-02 (6.6694e-02)
Evaluate ...
{'ACC': 0.844, 'ARI': 0.7225695080019859, 'NMI': 0.7702200629959076, 'ACC Top-5': 0.9861, 'hungarian_match': [(0, 7), (1, 5), (2, 2), (3, 8), (4, 1), (5, 4), (6, 3), (7, 6), (8, 0), (9, 9)]}
Checkpoint ...
[33mEpoch 162/200[0m
[33m----------[0m
Adjusted learning rate to 0.00010
Train ...
Epoch: [161][ 0/50]	Loss 6.5471e-02 (6.5471e-02)
Epoch: [161][25/50]	Loss 6.2195e-02 (6.8565e-02)
Evaluate ...
{'ACC': 0.8441, 'ARI': 0.7229056596797663, 'NMI': 0.7725546500549877, 'ACC Top-5': 0.9868, 'hungarian_match': [(0, 7), (1, 5), (2, 2), (3, 8), (4, 1), (5, 4), (6, 3), (7, 6), (8, 0), (9, 9)]}
Checkpoint ...
[33mEpoch 163/200[0m
[33m----------[0m
Adjusted learning rate to 0.00010
Train ...
Epoch: [162][ 0/50]	Loss 6.2325e-02 (6.2325e-02)
Epoch: [162][25/50]	Loss 6.8824e-02 (6.7178e-02)
Evaluate ...
{'ACC': 0.844, 'ARI': 0.7220938303699294, 'NMI': 0.7689646830776893, 'ACC Top-5': 0.9873, 'hungarian_match': [(0, 7), (1, 5), (2, 2), (3, 8), (4, 1), (5, 4), (6, 3), (7, 6), (8, 0), (9, 9)]}
Checkpoint ...
[33mEpoch 164/200[0m
[33m----------[0m
Adjusted learning rate to 0.00010
Train ...
Epoch: [163][ 0/50]	Loss 6.8562e-02 (6.8562e-02)
Epoch: [163][25/50]	Loss 6.6653e-02 (6.6598e-02)
Evaluate ...
{'ACC': 0.8429, 'ARI': 0.7181926622580552, 'NMI': 0.7654395497244426, 'ACC Top-5': 0.9873, 'hungarian_match': [(0, 7), (1, 5), (2, 2), (3, 8), (4, 1), (5, 4), (6, 3), (7, 6), (8, 0), (9, 9)]}
Checkpoint ...
[33mEpoch 165/200[0m
[33m----------[0m
Adjusted learning rate to 0.00010
Train ...
Epoch: [164][ 0/50]	Loss 6.6189e-02 (6.6189e-02)
Epoch: [164][25/50]	Loss 6.8049e-02 (6.6504e-02)
Evaluate ...
{'ACC': 0.8422, 'ARI': 0.7173539560029161, 'NMI': 0.7665867464226142, 'ACC Top-5': 0.9879, 'hungarian_match': [(0, 7), (1, 5), (2, 2), (3, 8), (4, 1), (5, 4), (6, 3), (7, 6), (8, 0), (9, 9)]}
Checkpoint ...
[33mEpoch 166/200[0m
[33m----------[0m
Adjusted learning rate to 0.00010
Train ...
Epoch: [165][ 0/50]	Loss 8.7456e-02 (8.7456e-02)
Epoch: [165][25/50]	Loss 5.6541e-02 (7.2527e-02)
Evaluate ...
{'ACC': 0.844, 'ARI': 0.7217104407298317, 'NMI': 0.7696280360189377, 'ACC Top-5': 0.9867, 'hungarian_match': [(0, 7), (1, 5), (2, 2), (3, 8), (4, 1), (5, 4), (6, 3), (7, 6), (8, 0), (9, 9)]}
Checkpoint ...
[33mEpoch 167/200[0m
[33m----------[0m
Adjusted learning rate to 0.00010
Train ...
Epoch: [166][ 0/50]	Loss 5.0451e-02 (5.0451e-02)
Epoch: [166][25/50]	Loss 6.0324e-02 (6.6971e-02)
Evaluate ...
{'ACC': 0.8418, 'ARI': 0.7203177615011528, 'NMI': 0.7692455538316744, 'ACC Top-5': 0.9826, 'hungarian_match': [(0, 7), (1, 5), (2, 2), (3, 8), (4, 1), (5, 4), (6, 3), (7, 6), (8, 0), (9, 9)]}
Checkpoint ...
[33mEpoch 168/200[0m
[33m----------[0m
Adjusted learning rate to 0.00010
Train ...
Epoch: [167][ 0/50]	Loss 7.9419e-02 (7.9419e-02)
Epoch: [167][25/50]	Loss 4.9773e-02 (6.7705e-02)
Evaluate ...
{'ACC': 0.8452, 'ARI': 0.7250951335601692, 'NMI': 0.7743079402138219, 'ACC Top-5': 0.9859, 'hungarian_match': [(0, 7), (1, 5), (2, 2), (3, 8), (4, 1), (5, 4), (6, 3), (7, 6), (8, 0), (9, 9)]}
Checkpoint ...
[33mEpoch 169/200[0m
[33m----------[0m
Adjusted learning rate to 0.00010
Train ...
Epoch: [168][ 0/50]	Loss 6.9802e-02 (6.9802e-02)
Epoch: [168][25/50]	Loss 7.8308e-02 (7.0941e-02)
Evaluate ...
{'ACC': 0.8418, 'ARI': 0.7195494675904468, 'NMI': 0.7688091055706152, 'ACC Top-5': 0.9855, 'hungarian_match': [(0, 7), (1, 5), (2, 2), (3, 8), (4, 1), (5, 4), (6, 3), (7, 6), (8, 0), (9, 9)]}
Checkpoint ...
[33mEpoch 170/200[0m
[33m----------[0m
Adjusted learning rate to 0.00010
Train ...
Epoch: [169][ 0/50]	Loss 9.7094e-02 (9.7094e-02)
Epoch: [169][25/50]	Loss 6.6916e-02 (6.7948e-02)
Evaluate ...
{'ACC': 0.8469, 'ARI': 0.7255324969670529, 'NMI': 0.7737534600332241, 'ACC Top-5': 0.9893, 'hungarian_match': [(0, 7), (1, 5), (2, 2), (3, 8), (4, 1), (5, 4), (6, 3), (7, 6), (8, 0), (9, 9)]}
Checkpoint ...
[33mEpoch 171/200[0m
[33m----------[0m
Adjusted learning rate to 0.00010
Train ...
Epoch: [170][ 0/50]	Loss 7.2646e-02 (7.2646e-02)
Epoch: [170][25/50]	Loss 6.2125e-02 (7.1283e-02)
Evaluate ...
{'ACC': 0.844, 'ARI': 0.7219596682535113, 'NMI': 0.771673748237738, 'ACC Top-5': 0.989, 'hungarian_match': [(0, 7), (1, 5), (2, 2), (3, 8), (4, 1), (5, 4), (6, 3), (7, 6), (8, 0), (9, 9)]}
Checkpoint ...
[33mEpoch 172/200[0m
[33m----------[0m
Adjusted learning rate to 0.00010
Train ...
Epoch: [171][ 0/50]	Loss 7.6633e-02 (7.6633e-02)
Epoch: [171][25/50]	Loss 8.4108e-02 (7.1007e-02)
Evaluate ...
{'ACC': 0.8439, 'ARI': 0.7222671609902462, 'NMI': 0.7734475357580024, 'ACC Top-5': 0.9885, 'hungarian_match': [(0, 7), (1, 5), (2, 2), (3, 8), (4, 1), (5, 4), (6, 3), (7, 6), (8, 0), (9, 9)]}
Checkpoint ...
[33mEpoch 173/200[0m
[33m----------[0m
Adjusted learning rate to 0.00010
Train ...
Epoch: [172][ 0/50]	Loss 5.6664e-02 (5.6664e-02)
Epoch: [172][25/50]	Loss 6.2497e-02 (6.5039e-02)
Evaluate ...
{'ACC': 0.8452, 'ARI': 0.7237172651970635, 'NMI': 0.772956506220528, 'ACC Top-5': 0.9891, 'hungarian_match': [(0, 7), (1, 5), (2, 2), (3, 8), (4, 1), (5, 4), (6, 3), (7, 6), (8, 0), (9, 9)]}
Checkpoint ...
[33mEpoch 174/200[0m
[33m----------[0m
Adjusted learning rate to 0.00010
Train ...
Epoch: [173][ 0/50]	Loss 6.6904e-02 (6.6904e-02)
Epoch: [173][25/50]	Loss 7.6928e-02 (6.5686e-02)
Evaluate ...
{'ACC': 0.846, 'ARI': 0.7257566606943125, 'NMI': 0.7752435923078896, 'ACC Top-5': 0.9902, 'hungarian_match': [(0, 7), (1, 5), (2, 2), (3, 8), (4, 1), (5, 4), (6, 3), (7, 6), (8, 0), (9, 9)]}
Checkpoint ...
[33mEpoch 175/200[0m
[33m----------[0m
Adjusted learning rate to 0.00010
Train ...
Epoch: [174][ 0/50]	Loss 7.5480e-02 (7.5480e-02)
Epoch: [174][25/50]	Loss 7.6732e-02 (6.7812e-02)
Evaluate ...
{'ACC': 0.8442, 'ARI': 0.7225616531516482, 'NMI': 0.7698508144432404, 'ACC Top-5': 0.9893, 'hungarian_match': [(0, 7), (1, 5), (2, 2), (3, 8), (4, 1), (5, 4), (6, 3), (7, 6), (8, 0), (9, 9)]}
Checkpoint ...
[33mEpoch 176/200[0m
[33m----------[0m
Adjusted learning rate to 0.00010
Train ...
Epoch: [175][ 0/50]	Loss 9.0322e-02 (9.0322e-02)
Epoch: [175][25/50]	Loss 6.8163e-02 (7.1660e-02)
Evaluate ...
{'ACC': 0.844, 'ARI': 0.7215951003994916, 'NMI': 0.7698070966290963, 'ACC Top-5': 0.9911, 'hungarian_match': [(0, 7), (1, 5), (2, 2), (3, 8), (4, 1), (5, 4), (6, 3), (7, 6), (8, 0), (9, 9)]}
Checkpoint ...
[33mEpoch 177/200[0m
[33m----------[0m
Adjusted learning rate to 0.00010
Train ...
Epoch: [176][ 0/50]	Loss 8.7189e-02 (8.7189e-02)
Epoch: [176][25/50]	Loss 6.1212e-02 (6.4019e-02)
Evaluate ...
{'ACC': 0.8463, 'ARI': 0.7237757243067746, 'NMI': 0.7725269540471694, 'ACC Top-5': 0.9895, 'hungarian_match': [(0, 7), (1, 5), (2, 2), (3, 8), (4, 1), (5, 4), (6, 3), (7, 6), (8, 0), (9, 9)]}
Checkpoint ...
[33mEpoch 178/200[0m
[33m----------[0m
Adjusted learning rate to 0.00010
Train ...
Epoch: [177][ 0/50]	Loss 6.2402e-02 (6.2402e-02)
Epoch: [177][25/50]	Loss 6.5154e-02 (6.6812e-02)
Evaluate ...
{'ACC': 0.8471, 'ARI': 0.7271331180431984, 'NMI': 0.7735095056777521, 'ACC Top-5': 0.9909, 'hungarian_match': [(0, 7), (1, 5), (2, 2), (3, 8), (4, 1), (5, 4), (6, 3), (7, 6), (8, 0), (9, 9)]}
Checkpoint ...
[33mEpoch 179/200[0m
[33m----------[0m
Adjusted learning rate to 0.00010
Train ...
Epoch: [178][ 0/50]	Loss 7.5014e-02 (7.5014e-02)
Epoch: [178][25/50]	Loss 8.3056e-02 (6.8615e-02)
Evaluate ...
{'ACC': 0.8453, 'ARI': 0.7261183226748114, 'NMI': 0.7711386087333277, 'ACC Top-5': 0.9887, 'hungarian_match': [(0, 7), (1, 5), (2, 2), (3, 8), (4, 1), (5, 4), (6, 3), (7, 6), (8, 0), (9, 9)]}
Checkpoint ...
[33mEpoch 180/200[0m
[33m----------[0m
Adjusted learning rate to 0.00010
Train ...
Epoch: [179][ 0/50]	Loss 8.1484e-02 (8.1484e-02)
Epoch: [179][25/50]	Loss 4.4301e-02 (6.7277e-02)
Evaluate ...
{'ACC': 0.8438, 'ARI': 0.7221466031113157, 'NMI': 0.7709284662105341, 'ACC Top-5': 0.9871, 'hungarian_match': [(0, 7), (1, 5), (2, 2), (3, 8), (4, 1), (5, 4), (6, 3), (7, 6), (8, 0), (9, 9)]}
Checkpoint ...
[33mEpoch 181/200[0m
[33m----------[0m
Adjusted learning rate to 0.00010
Train ...
Epoch: [180][ 0/50]	Loss 6.9750e-02 (6.9750e-02)
Epoch: [180][25/50]	Loss 7.6168e-02 (6.9728e-02)
Evaluate ...
{'ACC': 0.8462, 'ARI': 0.7271198382154621, 'NMI': 0.7762507078039319, 'ACC Top-5': 0.9882, 'hungarian_match': [(0, 7), (1, 5), (2, 2), (3, 8), (4, 1), (5, 4), (6, 3), (7, 6), (8, 0), (9, 9)]}
Checkpoint ...
[33mEpoch 182/200[0m
[33m----------[0m
Adjusted learning rate to 0.00010
Train ...
Epoch: [181][ 0/50]	Loss 5.9752e-02 (5.9752e-02)
Epoch: [181][25/50]	Loss 5.9091e-02 (6.6499e-02)
Evaluate ...
{'ACC': 0.845, 'ARI': 0.7237719149262474, 'NMI': 0.7715662148267377, 'ACC Top-5': 0.988, 'hungarian_match': [(0, 7), (1, 5), (2, 2), (3, 8), (4, 1), (5, 4), (6, 3), (7, 6), (8, 0), (9, 9)]}
Checkpoint ...
[33mEpoch 183/200[0m
[33m----------[0m
Adjusted learning rate to 0.00010
Train ...
Epoch: [182][ 0/50]	Loss 5.8843e-02 (5.8843e-02)
Epoch: [182][25/50]	Loss 6.5205e-02 (6.6854e-02)
Evaluate ...
{'ACC': 0.8456, 'ARI': 0.726224766246283, 'NMI': 0.7764055911317939, 'ACC Top-5': 0.9889, 'hungarian_match': [(0, 7), (1, 5), (2, 2), (3, 8), (4, 1), (5, 4), (6, 3), (7, 6), (8, 0), (9, 9)]}
Checkpoint ...
[33mEpoch 184/200[0m
[33m----------[0m
Adjusted learning rate to 0.00010
Train ...
Epoch: [183][ 0/50]	Loss 6.8598e-02 (6.8598e-02)
Epoch: [183][25/50]	Loss 7.1211e-02 (6.9597e-02)
Evaluate ...
{'ACC': 0.8463, 'ARI': 0.7269407281853989, 'NMI': 0.7756247531807836, 'ACC Top-5': 0.9858, 'hungarian_match': [(0, 7), (1, 5), (2, 2), (3, 8), (4, 1), (5, 4), (6, 3), (7, 6), (8, 0), (9, 9)]}
Checkpoint ...
[33mEpoch 185/200[0m
[33m----------[0m
Adjusted learning rate to 0.00010
Train ...
Epoch: [184][ 0/50]	Loss 3.3681e-02 (3.3681e-02)
Epoch: [184][25/50]	Loss 5.2781e-02 (6.9457e-02)
Evaluate ...
{'ACC': 0.8434, 'ARI': 0.720140883993378, 'NMI': 0.772250920470074, 'ACC Top-5': 0.9887, 'hungarian_match': [(0, 7), (1, 5), (2, 2), (3, 8), (4, 1), (5, 4), (6, 3), (7, 6), (8, 0), (9, 9)]}
Checkpoint ...
[33mEpoch 186/200[0m
[33m----------[0m
Adjusted learning rate to 0.00010
Train ...
Epoch: [185][ 0/50]	Loss 1.0170e-01 (1.0170e-01)
Epoch: [185][25/50]	Loss 7.0723e-02 (7.1514e-02)
Evaluate ...
{'ACC': 0.8419, 'ARI': 0.7219122088251295, 'NMI': 0.7688148268826549, 'ACC Top-5': 0.9886, 'hungarian_match': [(0, 7), (1, 5), (2, 2), (3, 8), (4, 1), (5, 4), (6, 3), (7, 6), (8, 0), (9, 9)]}
Checkpoint ...
[33mEpoch 187/200[0m
[33m----------[0m
Adjusted learning rate to 0.00010
Train ...
Epoch: [186][ 0/50]	Loss 5.5703e-02 (5.5703e-02)
Epoch: [186][25/50]	Loss 5.8463e-02 (7.0794e-02)
Evaluate ...
{'ACC': 0.8431, 'ARI': 0.7211925446988409, 'NMI': 0.7686138909131949, 'ACC Top-5': 0.9892, 'hungarian_match': [(0, 7), (1, 5), (2, 2), (3, 8), (4, 1), (5, 4), (6, 3), (7, 6), (8, 0), (9, 9)]}
Checkpoint ...
[33mEpoch 188/200[0m
[33m----------[0m
Adjusted learning rate to 0.00010
Train ...
Epoch: [187][ 0/50]	Loss 4.5599e-02 (4.5599e-02)
Epoch: [187][25/50]	Loss 7.0420e-02 (6.7211e-02)
Evaluate ...
{'ACC': 0.8429, 'ARI': 0.721389404076411, 'NMI': 0.7716969706165736, 'ACC Top-5': 0.9899, 'hungarian_match': [(0, 7), (1, 5), (2, 2), (3, 8), (4, 1), (5, 4), (6, 3), (7, 6), (8, 0), (9, 9)]}
Checkpoint ...
[33mEpoch 189/200[0m
[33m----------[0m
Adjusted learning rate to 0.00010
Train ...
Epoch: [188][ 0/50]	Loss 7.2250e-02 (7.2250e-02)
Epoch: [188][25/50]	Loss 6.6647e-02 (6.7767e-02)
Evaluate ...
{'ACC': 0.8455, 'ARI': 0.7271558682111662, 'NMI': 0.775063723067848, 'ACC Top-5': 0.9885, 'hungarian_match': [(0, 7), (1, 5), (2, 2), (3, 8), (4, 1), (5, 4), (6, 3), (7, 6), (8, 0), (9, 9)]}
Checkpoint ...
[33mEpoch 190/200[0m
[33m----------[0m
Adjusted learning rate to 0.00010
Train ...
Epoch: [189][ 0/50]	Loss 7.0205e-02 (7.0205e-02)
Epoch: [189][25/50]	Loss 7.8552e-02 (7.0397e-02)
Evaluate ...
{'ACC': 0.8436, 'ARI': 0.7233398982095725, 'NMI': 0.7710158658957005, 'ACC Top-5': 0.988, 'hungarian_match': [(0, 7), (1, 5), (2, 2), (3, 8), (4, 1), (5, 4), (6, 3), (7, 6), (8, 0), (9, 9)]}
Checkpoint ...
[33mEpoch 191/200[0m
[33m----------[0m
Adjusted learning rate to 0.00010
Train ...
Epoch: [190][ 0/50]	Loss 6.0287e-02 (6.0287e-02)
Epoch: [190][25/50]	Loss 6.6744e-02 (6.6844e-02)
Evaluate ...
{'ACC': 0.8458, 'ARI': 0.7263135799585093, 'NMI': 0.7745741145901135, 'ACC Top-5': 0.9898, 'hungarian_match': [(0, 7), (1, 5), (2, 2), (3, 8), (4, 1), (5, 4), (6, 3), (7, 6), (8, 0), (9, 9)]}
Checkpoint ...
[33mEpoch 192/200[0m
[33m----------[0m
Adjusted learning rate to 0.00010
Train ...
Epoch: [191][ 0/50]	Loss 4.6820e-02 (4.6820e-02)
Epoch: [191][25/50]	Loss 5.6452e-02 (6.6227e-02)
Evaluate ...
{'ACC': 0.8421, 'ARI': 0.7209040227048582, 'NMI': 0.7690176465758162, 'ACC Top-5': 0.9865, 'hungarian_match': [(0, 7), (1, 5), (2, 2), (3, 8), (4, 1), (5, 4), (6, 3), (7, 6), (8, 0), (9, 9)]}
Checkpoint ...
[33mEpoch 193/200[0m
[33m----------[0m
Adjusted learning rate to 0.00010
Train ...
Epoch: [192][ 0/50]	Loss 5.7136e-02 (5.7136e-02)
Epoch: [192][25/50]	Loss 5.6349e-02 (6.7388e-02)
Evaluate ...
{'ACC': 0.8451, 'ARI': 0.7239435542333446, 'NMI': 0.7749537696909499, 'ACC Top-5': 0.9872, 'hungarian_match': [(0, 7), (1, 5), (2, 2), (3, 8), (4, 1), (5, 4), (6, 3), (7, 6), (8, 0), (9, 9)]}
Checkpoint ...
[33mEpoch 194/200[0m
[33m----------[0m
Adjusted learning rate to 0.00010
Train ...
Epoch: [193][ 0/50]	Loss 4.5593e-02 (4.5593e-02)
Epoch: [193][25/50]	Loss 8.4214e-02 (6.3956e-02)
Evaluate ...
{'ACC': 0.8412, 'ARI': 0.7189241409289037, 'NMI': 0.766996398088712, 'ACC Top-5': 0.9849, 'hungarian_match': [(0, 7), (1, 5), (2, 2), (3, 8), (4, 1), (5, 4), (6, 3), (7, 6), (8, 0), (9, 9)]}
Checkpoint ...
[33mEpoch 195/200[0m
[33m----------[0m
Adjusted learning rate to 0.00010
Train ...
Epoch: [194][ 0/50]	Loss 8.0497e-02 (8.0497e-02)
Epoch: [194][25/50]	Loss 7.1191e-02 (6.5777e-02)
Evaluate ...
{'ACC': 0.8439, 'ARI': 0.7217727246192848, 'NMI': 0.7659828879315099, 'ACC Top-5': 0.9875, 'hungarian_match': [(0, 7), (1, 5), (2, 2), (3, 8), (4, 1), (5, 4), (6, 3), (7, 6), (8, 0), (9, 9)]}
Checkpoint ...
[33mEpoch 196/200[0m
[33m----------[0m
Adjusted learning rate to 0.00010
Train ...
Epoch: [195][ 0/50]	Loss 9.2967e-02 (9.2967e-02)
Epoch: [195][25/50]	Loss 8.8516e-02 (6.9239e-02)
Evaluate ...
{'ACC': 0.8459, 'ARI': 0.72229705643993, 'NMI': 0.7684335198807056, 'ACC Top-5': 0.9898, 'hungarian_match': [(0, 7), (1, 5), (2, 2), (3, 8), (4, 1), (5, 4), (6, 3), (7, 6), (8, 0), (9, 9)]}
Checkpoint ...
[33mEpoch 197/200[0m
[33m----------[0m
Adjusted learning rate to 0.00010
Train ...
Epoch: [196][ 0/50]	Loss 7.4278e-02 (7.4278e-02)
Epoch: [196][25/50]	Loss 6.3812e-02 (6.6363e-02)
Evaluate ...
{'ACC': 0.845, 'ARI': 0.7229850753291053, 'NMI': 0.7702960656829545, 'ACC Top-5': 0.9887, 'hungarian_match': [(0, 7), (1, 5), (2, 2), (3, 8), (4, 1), (5, 4), (6, 3), (7, 6), (8, 0), (9, 9)]}
Checkpoint ...
[33mEpoch 198/200[0m
[33m----------[0m
Adjusted learning rate to 0.00010
Train ...
Epoch: [197][ 0/50]	Loss 7.7990e-02 (7.7990e-02)
Epoch: [197][25/50]	Loss 8.0753e-02 (6.7095e-02)
Evaluate ...
{'ACC': 0.8432, 'ARI': 0.7214381481321778, 'NMI': 0.7688126495356351, 'ACC Top-5': 0.9858, 'hungarian_match': [(0, 7), (1, 5), (2, 2), (3, 8), (4, 1), (5, 4), (6, 3), (7, 6), (8, 0), (9, 9)]}
Checkpoint ...
[33mEpoch 199/200[0m
[33m----------[0m
Adjusted learning rate to 0.00010
Train ...
Epoch: [198][ 0/50]	Loss 6.6268e-02 (6.6268e-02)
Epoch: [198][25/50]	Loss 5.8413e-02 (6.7909e-02)
Evaluate ...
{'ACC': 0.8405, 'ARI': 0.716133363017611, 'NMI': 0.7663895535240633, 'ACC Top-5': 0.9844, 'hungarian_match': [(0, 7), (1, 5), (2, 2), (3, 8), (4, 1), (5, 4), (6, 3), (7, 6), (8, 0), (9, 9)]}
Checkpoint ...
[33mEpoch 200/200[0m
[33m----------[0m
Adjusted learning rate to 0.00010
Train ...
Epoch: [199][ 0/50]	Loss 7.6144e-02 (7.6144e-02)
Epoch: [199][25/50]	Loss 4.4597e-02 (6.4181e-02)
Evaluate ...
{'ACC': 0.8439, 'ARI': 0.7185759660512444, 'NMI': 0.7692746982106441, 'ACC Top-5': 0.9852, 'hungarian_match': [(0, 7), (1, 5), (2, 2), (3, 8), (4, 1), (5, 4), (6, 3), (7, 6), (8, 0), (9, 9)]}
Checkpoint ...
[34mEvaluate model at the end[0m
{'ACC': 0.8439, 'ARI': 0.7185759660512444, 'NMI': 0.7692746982106441, 'ACC Top-5': 0.9852, 'hungarian_match': [(0, 7), (1, 5), (2, 2), (3, 8), (4, 1), (5, 4), (6, 3), (7, 6), (8, 0), (9, 9)]}
