[31m{'setup': 'selflabel', 'use_ema': False, 'confidence_threshold': 0.99, 'criterion': 'confidence-cross-entropy', 'criterion_kwargs': {'apply_class_balancing': True}, 'backbone': 'resnet18', 'num_heads': 1, 'train_db_name': 'fashion-mnist', 'val_db_name': 'fashion-mnist', 'num_classes': 10, 'augmentation_strategy': 'ours', 'augmentation_kwargs': {'crop_size': 28, 'normalize': {'mean': [0.2861, 0.2861, 0.2861], 'std': [0.2747, 0.2747, 0.2747]}, 'num_strong_augs': 4, 'cutout_kwargs': {'n_holes': 1, 'length': 16, 'random': True}}, 'transformation_kwargs': {'crop_size': 28, 'normalize': {'mean': [0.2861, 0.2861, 0.2861], 'std': [0.2747, 0.2747, 0.2747]}}, 'epochs': 200, 'optimizer': 'adam', 'optimizer_kwargs': {'lr': 0.0001, 'weight_decay': 0.0001}, 'batch_size': 1000, 'num_workers': 8, 'scheduler': 'constant', 'pretext_dir': 'output/fashion-mnist/pretext', 'pretext_checkpoint': 'output/fashion-mnist/pretext/checkpoint.pth.tar', 'pretext_model': 'output/fashion-mnist/pretext/model.pth.tar', 'topk_neighbors_train_path': 'output/fashion-mnist/pretext/topk-train-neighbors.npy', 'topk_neighbors_val_path': 'output/fashion-mnist/pretext/topk-val-neighbors.npy', 'scan_dir': 'output/fashion-mnist/scan', 'scan_checkpoint': 'output/fashion-mnist/scan/checkpoint.pth.tar', 'scan_model': 'output/fashion-mnist/scan/model.pth.tar', 'selflabel_dir': 'output/fashion-mnist/selflabel', 'selflabel_checkpoint': 'output/fashion-mnist/selflabel/checkpoint.pth.tar', 'selflabel_model': 'output/fashion-mnist/selflabel/model.pth.tar'}[0m
[34mRetrieve model[0m
ClusteringModel(
  (backbone): ResNet(
    (conv1): Conv2d(3, 64, kernel_size=(3, 3), stride=(1, 1), padding=(1, 1), bias=False)
    (bn1): BatchNorm2d(64, eps=1e-05, momentum=0.1, affine=True, track_running_stats=True)
    (layer1): Sequential(
      (0): BasicBlock(
        (conv1): Conv2d(64, 64, kernel_size=(3, 3), stride=(1, 1), padding=(1, 1), bias=False)
        (bn1): BatchNorm2d(64, eps=1e-05, momentum=0.1, affine=True, track_running_stats=True)
        (conv2): Conv2d(64, 64, kernel_size=(3, 3), stride=(1, 1), padding=(1, 1), bias=False)
        (bn2): BatchNorm2d(64, eps=1e-05, momentum=0.1, affine=True, track_running_stats=True)
        (shortcut): Sequential()
      )
      (1): BasicBlock(
        (conv1): Conv2d(64, 64, kernel_size=(3, 3), stride=(1, 1), padding=(1, 1), bias=False)
        (bn1): BatchNorm2d(64, eps=1e-05, momentum=0.1, affine=True, track_running_stats=True)
        (conv2): Conv2d(64, 64, kernel_size=(3, 3), stride=(1, 1), padding=(1, 1), bias=False)
        (bn2): BatchNorm2d(64, eps=1e-05, momentum=0.1, affine=True, track_running_stats=True)
        (shortcut): Sequential()
      )
    )
    (layer2): Sequential(
      (0): BasicBlock(
        (conv1): Conv2d(64, 128, kernel_size=(3, 3), stride=(2, 2), padding=(1, 1), bias=False)
        (bn1): BatchNorm2d(128, eps=1e-05, momentum=0.1, affine=True, track_running_stats=True)
        (conv2): Conv2d(128, 128, kernel_size=(3, 3), stride=(1, 1), padding=(1, 1), bias=False)
        (bn2): BatchNorm2d(128, eps=1e-05, momentum=0.1, affine=True, track_running_stats=True)
        (shortcut): Sequential(
          (0): Conv2d(64, 128, kernel_size=(1, 1), stride=(2, 2), bias=False)
          (1): BatchNorm2d(128, eps=1e-05, momentum=0.1, affine=True, track_running_stats=True)
        )
      )
      (1): BasicBlock(
        (conv1): Conv2d(128, 128, kernel_size=(3, 3), stride=(1, 1), padding=(1, 1), bias=False)
        (bn1): BatchNorm2d(128, eps=1e-05, momentum=0.1, affine=True, track_running_stats=True)
        (conv2): Conv2d(128, 128, kernel_size=(3, 3), stride=(1, 1), padding=(1, 1), bias=False)
        (bn2): BatchNorm2d(128, eps=1e-05, momentum=0.1, affine=True, track_running_stats=True)
        (shortcut): Sequential()
      )
    )
    (layer3): Sequential(
      (0): BasicBlock(
        (conv1): Conv2d(128, 256, kernel_size=(3, 3), stride=(2, 2), padding=(1, 1), bias=False)
        (bn1): BatchNorm2d(256, eps=1e-05, momentum=0.1, affine=True, track_running_stats=True)
        (conv2): Conv2d(256, 256, kernel_size=(3, 3), stride=(1, 1), padding=(1, 1), bias=False)
        (bn2): BatchNorm2d(256, eps=1e-05, momentum=0.1, affine=True, track_running_stats=True)
        (shortcut): Sequential(
          (0): Conv2d(128, 256, kernel_size=(1, 1), stride=(2, 2), bias=False)
          (1): BatchNorm2d(256, eps=1e-05, momentum=0.1, affine=True, track_running_stats=True)
        )
      )
      (1): BasicBlock(
        (conv1): Conv2d(256, 256, kernel_size=(3, 3), stride=(1, 1), padding=(1, 1), bias=False)
        (bn1): BatchNorm2d(256, eps=1e-05, momentum=0.1, affine=True, track_running_stats=True)
        (conv2): Conv2d(256, 256, kernel_size=(3, 3), stride=(1, 1), padding=(1, 1), bias=False)
        (bn2): BatchNorm2d(256, eps=1e-05, momentum=0.1, affine=True, track_running_stats=True)
        (shortcut): Sequential()
      )
    )
    (layer4): Sequential(
      (0): BasicBlock(
        (conv1): Conv2d(256, 512, kernel_size=(3, 3), stride=(2, 2), padding=(1, 1), bias=False)
        (bn1): BatchNorm2d(512, eps=1e-05, momentum=0.1, affine=True, track_running_stats=True)
        (conv2): Conv2d(512, 512, kernel_size=(3, 3), stride=(1, 1), padding=(1, 1), bias=False)
        (bn2): BatchNorm2d(512, eps=1e-05, momentum=0.1, affine=True, track_running_stats=True)
        (shortcut): Sequential(
          (0): Conv2d(256, 512, kernel_size=(1, 1), stride=(2, 2), bias=False)
          (1): BatchNorm2d(512, eps=1e-05, momentum=0.1, affine=True, track_running_stats=True)
        )
      )
      (1): BasicBlock(
        (conv1): Conv2d(512, 512, kernel_size=(3, 3), stride=(1, 1), padding=(1, 1), bias=False)
        (bn1): BatchNorm2d(512, eps=1e-05, momentum=0.1, affine=True, track_running_stats=True)
        (conv2): Conv2d(512, 512, kernel_size=(3, 3), stride=(1, 1), padding=(1, 1), bias=False)
        (bn2): BatchNorm2d(512, eps=1e-05, momentum=0.1, affine=True, track_running_stats=True)
        (shortcut): Sequential()
      )
    )
    (avgpool): AdaptiveAvgPool2d(output_size=(1, 1))
  )
  (cluster_head): ModuleList(
    (0): Linear(in_features=512, out_features=10, bias=True)
  )
)
[34mGet loss[0m
ConfidenceBasedCE(
  (loss): MaskedCrossEntropyLoss()
  (softmax): Softmax(dim=1)
)
[34mSet CuDNN benchmark[0m
[34mRetrieve optimizer[0m
Adam (
Parameter Group 0
    amsgrad: False
    betas: (0.9, 0.999)
    eps: 1e-08
    lr: 0.0001
    weight_decay: 0.0001
)
[34mRetrieve dataset[0m
[33mTrain samples 60000 - Val samples 10000[0m
[34mNo checkpoint file at output/fashion-mnist/selflabel/checkpoint.pth.tar[0m
[34mStarting main loop[0m
[33mEpoch 1/200[0m
[33m----------[0m
Adjusted learning rate to 0.00010
Train ...
Epoch: [0][ 0/60]	Loss 2.4839e-02 (2.4839e-02)
Epoch: [0][25/60]	Loss 1.7293e-02 (2.3921e-02)
Epoch: [0][50/60]	Loss 3.9318e-02 (2.7482e-02)
Evaluate ...
{'ACC': 0.7674, 'ARI': 0.646048472167969, 'NMI': 0.7320992574096168, 'ACC Top-5': 0.9909, 'hungarian_match': [(0, 5), (1, 4), (2, 2), (3, 8), (4, 9), (5, 1), (6, 7), (7, 6), (8, 3), (9, 0)]}
Checkpoint ...
[33mEpoch 2/200[0m
[33m----------[0m
Adjusted learning rate to 0.00010
Train ...
Epoch: [1][ 0/60]	Loss 3.4837e-02 (3.4837e-02)
Epoch: [1][25/60]	Loss 2.2716e-02 (3.0607e-02)
Epoch: [1][50/60]	Loss 2.8768e-02 (3.1200e-02)
Evaluate ...
{'ACC': 0.7688, 'ARI': 0.6485597700069179, 'NMI': 0.7344235645634292, 'ACC Top-5': 0.9915, 'hungarian_match': [(0, 5), (1, 4), (2, 2), (3, 8), (4, 9), (5, 1), (6, 7), (7, 6), (8, 3), (9, 0)]}
Checkpoint ...
[33mEpoch 3/200[0m
[33m----------[0m
Adjusted learning rate to 0.00010
Train ...
Epoch: [2][ 0/60]	Loss 2.7231e-02 (2.7231e-02)
Epoch: [2][25/60]	Loss 2.8261e-02 (3.0721e-02)
Epoch: [2][50/60]	Loss 2.2633e-02 (3.1796e-02)
Evaluate ...
{'ACC': 0.7614, 'ARI': 0.642463018019053, 'NMI': 0.7329691381545509, 'ACC Top-5': 0.9922, 'hungarian_match': [(0, 5), (1, 4), (2, 2), (3, 8), (4, 9), (5, 1), (6, 7), (7, 6), (8, 3), (9, 0)]}
Checkpoint ...
[33mEpoch 4/200[0m
[33m----------[0m
Adjusted learning rate to 0.00010
Train ...
Epoch: [3][ 0/60]	Loss 2.7500e-02 (2.7500e-02)
Epoch: [3][25/60]	Loss 4.5077e-02 (3.0276e-02)
Epoch: [3][50/60]	Loss 2.8272e-02 (3.1445e-02)
Evaluate ...
{'ACC': 0.7575, 'ARI': 0.6418623544885824, 'NMI': 0.7341169999121575, 'ACC Top-5': 0.992, 'hungarian_match': [(0, 5), (1, 4), (2, 2), (3, 8), (4, 9), (5, 1), (6, 7), (7, 6), (8, 3), (9, 0)]}
Checkpoint ...
[33mEpoch 5/200[0m
[33m----------[0m
Adjusted learning rate to 0.00010
Train ...
Epoch: [4][ 0/60]	Loss 6.4155e-02 (6.4155e-02)
Epoch: [4][25/60]	Loss 3.4037e-02 (3.1348e-02)
Epoch: [4][50/60]	Loss 2.3393e-02 (3.1994e-02)
Evaluate ...
{'ACC': 0.7662, 'ARI': 0.6557725378722203, 'NMI': 0.7393996793141124, 'ACC Top-5': 0.993, 'hungarian_match': [(0, 5), (1, 4), (2, 2), (3, 8), (4, 9), (5, 1), (6, 7), (7, 6), (8, 3), (9, 0)]}
Checkpoint ...
[33mEpoch 6/200[0m
[33m----------[0m
Adjusted learning rate to 0.00010
Train ...
Epoch: [5][ 0/60]	Loss 3.2149e-02 (3.2149e-02)
Epoch: [5][25/60]	Loss 4.7461e-02 (3.6352e-02)
Epoch: [5][50/60]	Loss 2.3707e-02 (3.5643e-02)
Evaluate ...
{'ACC': 0.7602, 'ARI': 0.6480783364391607, 'NMI': 0.7380071119994401, 'ACC Top-5': 0.9914, 'hungarian_match': [(0, 5), (1, 4), (2, 2), (3, 8), (4, 9), (5, 1), (6, 7), (7, 6), (8, 3), (9, 0)]}
Checkpoint ...
[33mEpoch 7/200[0m
[33m----------[0m
Adjusted learning rate to 0.00010
Train ...
Epoch: [6][ 0/60]	Loss 3.4549e-02 (3.4549e-02)
Epoch: [6][25/60]	Loss 3.3173e-02 (3.2415e-02)
Epoch: [6][50/60]	Loss 2.5571e-02 (3.2803e-02)
Evaluate ...
{'ACC': 0.7536, 'ARI': 0.6532817559350774, 'NMI': 0.7409405154085424, 'ACC Top-5': 0.9904, 'hungarian_match': [(0, 5), (1, 4), (2, 2), (3, 8), (4, 9), (5, 1), (6, 7), (7, 6), (8, 3), (9, 0)]}
Checkpoint ...
[33mEpoch 8/200[0m
[33m----------[0m
Adjusted learning rate to 0.00010
Train ...
Epoch: [7][ 0/60]	Loss 1.8019e-02 (1.8019e-02)
Epoch: [7][25/60]	Loss 2.5336e-02 (3.7040e-02)
Epoch: [7][50/60]	Loss 2.9075e-02 (3.5346e-02)
Evaluate ...
{'ACC': 0.75, 'ARI': 0.6420346895579885, 'NMI': 0.735735801330136, 'ACC Top-5': 0.9921, 'hungarian_match': [(0, 5), (1, 4), (2, 2), (3, 8), (4, 9), (5, 1), (6, 7), (7, 6), (8, 3), (9, 0)]}
Checkpoint ...
[33mEpoch 9/200[0m
[33m----------[0m
Adjusted learning rate to 0.00010
Train ...
Epoch: [8][ 0/60]	Loss 2.4537e-02 (2.4537e-02)
Epoch: [8][25/60]	Loss 3.2610e-02 (3.7261e-02)
Epoch: [8][50/60]	Loss 5.0400e-02 (3.6817e-02)
Evaluate ...
{'ACC': 0.7536, 'ARI': 0.6508543610832412, 'NMI': 0.7421599682329563, 'ACC Top-5': 0.9905, 'hungarian_match': [(0, 5), (1, 4), (2, 2), (3, 8), (4, 9), (5, 1), (6, 7), (7, 6), (8, 3), (9, 0)]}
Checkpoint ...
[33mEpoch 10/200[0m
[33m----------[0m
Adjusted learning rate to 0.00010
Train ...
Epoch: [9][ 0/60]	Loss 2.1184e-02 (2.1184e-02)
Epoch: [9][25/60]	Loss 3.6882e-02 (3.6035e-02)
Epoch: [9][50/60]	Loss 2.5101e-02 (3.5669e-02)
Evaluate ...
{'ACC': 0.757, 'ARI': 0.6515445744462866, 'NMI': 0.7411906906335632, 'ACC Top-5': 0.9922, 'hungarian_match': [(0, 5), (1, 4), (2, 2), (3, 8), (4, 9), (5, 1), (6, 7), (7, 6), (8, 3), (9, 0)]}
Checkpoint ...
[33mEpoch 11/200[0m
[33m----------[0m
Adjusted learning rate to 0.00010
Train ...
Epoch: [10][ 0/60]	Loss 3.4093e-02 (3.4093e-02)
Epoch: [10][25/60]	Loss 4.8077e-02 (3.8339e-02)
Epoch: [10][50/60]	Loss 4.5294e-02 (3.7422e-02)
Evaluate ...
{'ACC': 0.7685, 'ARI': 0.6610656170179967, 'NMI': 0.7460358222074691, 'ACC Top-5': 0.9922, 'hungarian_match': [(0, 5), (1, 4), (2, 2), (3, 8), (4, 9), (5, 1), (6, 7), (7, 6), (8, 3), (9, 0)]}
Checkpoint ...
[33mEpoch 12/200[0m
[33m----------[0m
Adjusted learning rate to 0.00010
Train ...
Epoch: [11][ 0/60]	Loss 3.7092e-02 (3.7092e-02)
Epoch: [11][25/60]	Loss 3.8957e-02 (3.6903e-02)
Epoch: [11][50/60]	Loss 2.4136e-02 (3.6606e-02)
Evaluate ...
{'ACC': 0.7634, 'ARI': 0.6574488570878695, 'NMI': 0.7436068332027713, 'ACC Top-5': 0.9934, 'hungarian_match': [(0, 5), (1, 4), (2, 2), (3, 8), (4, 9), (5, 1), (6, 7), (7, 6), (8, 3), (9, 0)]}
Checkpoint ...
[33mEpoch 13/200[0m
[33m----------[0m
Adjusted learning rate to 0.00010
Train ...
Epoch: [12][ 0/60]	Loss 5.5927e-02 (5.5927e-02)
Epoch: [12][25/60]	Loss 2.9804e-02 (3.7764e-02)
Epoch: [12][50/60]	Loss 3.0257e-02 (3.5894e-02)
Evaluate ...
{'ACC': 0.766, 'ARI': 0.6547721803766626, 'NMI': 0.7441138883354116, 'ACC Top-5': 0.993, 'hungarian_match': [(0, 5), (1, 4), (2, 2), (3, 8), (4, 9), (5, 1), (6, 7), (7, 6), (8, 3), (9, 0)]}
Checkpoint ...
[33mEpoch 14/200[0m
[33m----------[0m
Adjusted learning rate to 0.00010
Train ...
Epoch: [13][ 0/60]	Loss 2.7722e-02 (2.7722e-02)
Epoch: [13][25/60]	Loss 2.1387e-02 (3.7649e-02)
Epoch: [13][50/60]	Loss 2.8233e-02 (3.6850e-02)
Evaluate ...
{'ACC': 0.7651, 'ARI': 0.6505453920028812, 'NMI': 0.7416967766705043, 'ACC Top-5': 0.9964, 'hungarian_match': [(0, 5), (1, 4), (2, 2), (3, 8), (4, 9), (5, 1), (6, 7), (7, 6), (8, 3), (9, 0)]}
Checkpoint ...
[33mEpoch 15/200[0m
[33m----------[0m
Adjusted learning rate to 0.00010
Train ...
Epoch: [14][ 0/60]	Loss 2.7967e-02 (2.7967e-02)
Epoch: [14][25/60]	Loss 5.1733e-02 (3.8480e-02)
Epoch: [14][50/60]	Loss 4.5624e-02 (3.8285e-02)
Evaluate ...
{'ACC': 0.7682, 'ARI': 0.6576081564007771, 'NMI': 0.7441160521382969, 'ACC Top-5': 0.9966, 'hungarian_match': [(0, 5), (1, 4), (2, 2), (3, 8), (4, 9), (5, 1), (6, 7), (7, 6), (8, 3), (9, 0)]}
Checkpoint ...
[33mEpoch 16/200[0m
[33m----------[0m
Adjusted learning rate to 0.00010
Train ...
Epoch: [15][ 0/60]	Loss 3.5999e-02 (3.5999e-02)
Epoch: [15][25/60]	Loss 2.4854e-02 (3.3482e-02)
Epoch: [15][50/60]	Loss 3.3731e-02 (3.5428e-02)
Evaluate ...
{'ACC': 0.7692, 'ARI': 0.6613156950330694, 'NMI': 0.7452862156532795, 'ACC Top-5': 0.9959, 'hungarian_match': [(0, 5), (1, 4), (2, 2), (3, 8), (4, 9), (5, 1), (6, 7), (7, 6), (8, 3), (9, 0)]}
Checkpoint ...
[33mEpoch 17/200[0m
[33m----------[0m
Adjusted learning rate to 0.00010
Train ...
Epoch: [16][ 0/60]	Loss 6.6478e-02 (6.6478e-02)
Epoch: [16][25/60]	Loss 4.8048e-02 (3.6395e-02)
Epoch: [16][50/60]	Loss 2.8588e-02 (3.6681e-02)
Evaluate ...
{'ACC': 0.7629, 'ARI': 0.6569050033502986, 'NMI': 0.7462047765899975, 'ACC Top-5': 0.9951, 'hungarian_match': [(0, 5), (1, 4), (2, 2), (3, 8), (4, 9), (5, 1), (6, 7), (7, 6), (8, 3), (9, 0)]}
Checkpoint ...
[33mEpoch 18/200[0m
[33m----------[0m
Adjusted learning rate to 0.00010
Train ...
Epoch: [17][ 0/60]	Loss 3.8463e-02 (3.8463e-02)
Epoch: [17][25/60]	Loss 2.5123e-02 (3.4879e-02)
Epoch: [17][50/60]	Loss 3.3868e-02 (3.6861e-02)
Evaluate ...
{'ACC': 0.7599, 'ARI': 0.6524052778138484, 'NMI': 0.7451316384303798, 'ACC Top-5': 0.9962, 'hungarian_match': [(0, 5), (1, 4), (2, 2), (3, 8), (4, 9), (5, 1), (6, 7), (7, 6), (8, 3), (9, 0)]}
Checkpoint ...
[33mEpoch 19/200[0m
[33m----------[0m
Adjusted learning rate to 0.00010
Train ...
Epoch: [18][ 0/60]	Loss 3.5673e-02 (3.5673e-02)
Epoch: [18][25/60]	Loss 4.4223e-02 (3.6305e-02)
Epoch: [18][50/60]	Loss 2.6656e-02 (3.6120e-02)
Evaluate ...
{'ACC': 0.7561, 'ARI': 0.65136701802563, 'NMI': 0.7426593392266699, 'ACC Top-5': 0.9948, 'hungarian_match': [(0, 5), (1, 4), (2, 2), (3, 8), (4, 9), (5, 1), (6, 7), (7, 6), (8, 3), (9, 0)]}
Checkpoint ...
[33mEpoch 20/200[0m
[33m----------[0m
Adjusted learning rate to 0.00010
Train ...
Epoch: [19][ 0/60]	Loss 5.7182e-02 (5.7182e-02)
Epoch: [19][25/60]	Loss 2.4271e-02 (3.7103e-02)
Epoch: [19][50/60]	Loss 2.9044e-02 (3.5338e-02)
Evaluate ...
{'ACC': 0.7627, 'ARI': 0.660779923942886, 'NMI': 0.7472045949416073, 'ACC Top-5': 0.9953, 'hungarian_match': [(0, 5), (1, 4), (2, 2), (3, 8), (4, 9), (5, 1), (6, 7), (7, 6), (8, 3), (9, 0)]}
Checkpoint ...
[33mEpoch 21/200[0m
[33m----------[0m
Adjusted learning rate to 0.00010
Train ...
Epoch: [20][ 0/60]	Loss 2.1613e-02 (2.1613e-02)
Epoch: [20][25/60]	Loss 2.1338e-02 (3.6332e-02)
Epoch: [20][50/60]	Loss 2.9973e-02 (3.7064e-02)
Evaluate ...
{'ACC': 0.7614, 'ARI': 0.6646493912353769, 'NMI': 0.7509530369988943, 'ACC Top-5': 0.9967, 'hungarian_match': [(0, 5), (1, 4), (2, 2), (3, 8), (4, 9), (5, 1), (6, 7), (7, 6), (8, 3), (9, 0)]}
Checkpoint ...
[33mEpoch 22/200[0m
[33m----------[0m
Adjusted learning rate to 0.00010
Train ...
Epoch: [21][ 0/60]	Loss 2.6930e-02 (2.6930e-02)
Epoch: [21][25/60]	Loss 3.3668e-02 (3.4120e-02)
Epoch: [21][50/60]	Loss 2.4158e-02 (3.4796e-02)
Evaluate ...
{'ACC': 0.7686, 'ARI': 0.6663912153577074, 'NMI': 0.7521300100565039, 'ACC Top-5': 0.988, 'hungarian_match': [(0, 5), (1, 6), (2, 2), (3, 8), (4, 9), (5, 1), (6, 7), (7, 4), (8, 3), (9, 0)]}
Checkpoint ...
[33mEpoch 23/200[0m
[33m----------[0m
Adjusted learning rate to 0.00010
Train ...
Epoch: [22][ 0/60]	Loss 2.2204e-02 (2.2204e-02)
Epoch: [22][25/60]	Loss 5.0555e-02 (3.7919e-02)
Epoch: [22][50/60]	Loss 3.2632e-02 (3.6890e-02)
Evaluate ...
{'ACC': 0.7573, 'ARI': 0.652798472949602, 'NMI': 0.7427393362564267, 'ACC Top-5': 0.9879, 'hungarian_match': [(0, 5), (1, 6), (2, 2), (3, 8), (4, 9), (5, 1), (6, 7), (7, 4), (8, 3), (9, 0)]}
Checkpoint ...
[33mEpoch 24/200[0m
[33m----------[0m
Adjusted learning rate to 0.00010
Train ...
Epoch: [23][ 0/60]	Loss 2.1712e-02 (2.1712e-02)
Epoch: [23][25/60]	Loss 2.5105e-02 (3.1581e-02)
Epoch: [23][50/60]	Loss 3.2572e-02 (3.3757e-02)
Evaluate ...
{'ACC': 0.7648, 'ARI': 0.6671645050502972, 'NMI': 0.7526725844579418, 'ACC Top-5': 0.996, 'hungarian_match': [(0, 5), (1, 4), (2, 2), (3, 8), (4, 9), (5, 1), (6, 7), (7, 6), (8, 3), (9, 0)]}
Checkpoint ...
[33mEpoch 25/200[0m
[33m----------[0m
Adjusted learning rate to 0.00010
Train ...
Epoch: [24][ 0/60]	Loss 4.4757e-02 (4.4757e-02)
Epoch: [24][25/60]	Loss 2.1579e-02 (3.7653e-02)
Epoch: [24][50/60]	Loss 4.0631e-02 (3.7079e-02)
Evaluate ...
{'ACC': 0.7627, 'ARI': 0.6567290863778703, 'NMI': 0.7449234351561318, 'ACC Top-5': 0.995, 'hungarian_match': [(0, 5), (1, 4), (2, 2), (3, 8), (4, 9), (5, 1), (6, 7), (7, 6), (8, 3), (9, 0)]}
Checkpoint ...
[33mEpoch 26/200[0m
[33m----------[0m
Adjusted learning rate to 0.00010
Train ...
Epoch: [25][ 0/60]	Loss 4.3286e-02 (4.3286e-02)
Epoch: [25][25/60]	Loss 3.9398e-02 (3.5465e-02)
Epoch: [25][50/60]	Loss 3.2904e-02 (3.5024e-02)
Evaluate ...
{'ACC': 0.7639, 'ARI': 0.6564999105466276, 'NMI': 0.7459592275626885, 'ACC Top-5': 0.996, 'hungarian_match': [(0, 5), (1, 4), (2, 2), (3, 8), (4, 9), (5, 1), (6, 7), (7, 6), (8, 3), (9, 0)]}
Checkpoint ...
[33mEpoch 27/200[0m
[33m----------[0m
Adjusted learning rate to 0.00010
Train ...
Epoch: [26][ 0/60]	Loss 2.5769e-02 (2.5769e-02)
Epoch: [26][25/60]	Loss 3.9654e-02 (3.7746e-02)
Epoch: [26][50/60]	Loss 3.6905e-02 (3.7527e-02)
Evaluate ...
{'ACC': 0.7619, 'ARI': 0.6526958254452523, 'NMI': 0.7444716919973832, 'ACC Top-5': 0.9893, 'hungarian_match': [(0, 5), (1, 6), (2, 2), (3, 8), (4, 9), (5, 1), (6, 7), (7, 4), (8, 3), (9, 0)]}
Checkpoint ...
[33mEpoch 28/200[0m
[33m----------[0m
Adjusted learning rate to 0.00010
Train ...
Epoch: [27][ 0/60]	Loss 4.6912e-02 (4.6912e-02)
Epoch: [27][25/60]	Loss 3.6475e-02 (3.6020e-02)
Epoch: [27][50/60]	Loss 3.7011e-02 (3.5289e-02)
Evaluate ...
{'ACC': 0.7588, 'ARI': 0.6565270463624919, 'NMI': 0.7427183064847184, 'ACC Top-5': 0.996, 'hungarian_match': [(0, 5), (1, 4), (2, 2), (3, 8), (4, 9), (5, 1), (6, 7), (7, 6), (8, 3), (9, 0)]}
Checkpoint ...
[33mEpoch 29/200[0m
[33m----------[0m
Adjusted learning rate to 0.00010
Train ...
Epoch: [28][ 0/60]	Loss 3.4052e-02 (3.4052e-02)
Epoch: [28][25/60]	Loss 4.5804e-02 (3.8750e-02)
Epoch: [28][50/60]	Loss 3.3110e-02 (3.8050e-02)
Evaluate ...
{'ACC': 0.7608, 'ARI': 0.6583731395126432, 'NMI': 0.7455055322601127, 'ACC Top-5': 0.9956, 'hungarian_match': [(0, 5), (1, 4), (2, 2), (3, 8), (4, 9), (5, 1), (6, 7), (7, 6), (8, 3), (9, 0)]}
Checkpoint ...
[33mEpoch 30/200[0m
[33m----------[0m
Adjusted learning rate to 0.00010
Train ...
Epoch: [29][ 0/60]	Loss 4.1772e-02 (4.1772e-02)
Epoch: [29][25/60]	Loss 3.8970e-02 (3.5450e-02)
Epoch: [29][50/60]	Loss 2.0625e-02 (3.7280e-02)
Evaluate ...
{'ACC': 0.761, 'ARI': 0.6661004748686788, 'NMI': 0.7502449663518844, 'ACC Top-5': 0.9956, 'hungarian_match': [(0, 5), (1, 4), (2, 2), (3, 8), (4, 9), (5, 1), (6, 7), (7, 6), (8, 3), (9, 0)]}
Checkpoint ...
[33mEpoch 31/200[0m
[33m----------[0m
Adjusted learning rate to 0.00010
Train ...
Epoch: [30][ 0/60]	Loss 4.8025e-02 (4.8025e-02)
Epoch: [30][25/60]	Loss 2.3375e-02 (3.7951e-02)
Epoch: [30][50/60]	Loss 5.5373e-02 (3.8013e-02)
Evaluate ...
{'ACC': 0.7736, 'ARI': 0.677855859654985, 'NMI': 0.758297140809276, 'ACC Top-5': 0.9902, 'hungarian_match': [(0, 5), (1, 6), (2, 2), (3, 8), (4, 9), (5, 1), (6, 7), (7, 4), (8, 3), (9, 0)]}
Checkpoint ...
[33mEpoch 32/200[0m
[33m----------[0m
Adjusted learning rate to 0.00010
Train ...
Epoch: [31][ 0/60]	Loss 3.0306e-02 (3.0306e-02)
Epoch: [31][25/60]	Loss 3.2891e-02 (3.4558e-02)
Epoch: [31][50/60]	Loss 1.5631e-02 (3.5820e-02)
Evaluate ...
{'ACC': 0.7711, 'ARI': 0.6705476127975891, 'NMI': 0.7535165017939397, 'ACC Top-5': 0.9825, 'hungarian_match': [(0, 5), (1, 6), (2, 2), (3, 8), (4, 9), (5, 1), (6, 7), (7, 4), (8, 3), (9, 0)]}
Checkpoint ...
[33mEpoch 33/200[0m
[33m----------[0m
Adjusted learning rate to 0.00010
Train ...
Epoch: [32][ 0/60]	Loss 5.8657e-02 (5.8657e-02)
Epoch: [32][25/60]	Loss 4.4457e-02 (3.6555e-02)
Epoch: [32][50/60]	Loss 3.8969e-02 (3.5878e-02)
Evaluate ...
{'ACC': 0.7623, 'ARI': 0.6602652582572279, 'NMI': 0.7480515894192937, 'ACC Top-5': 0.9715, 'hungarian_match': [(0, 5), (1, 6), (2, 2), (3, 8), (4, 9), (5, 1), (6, 7), (7, 4), (8, 3), (9, 0)]}
Checkpoint ...
[33mEpoch 34/200[0m
[33m----------[0m
Adjusted learning rate to 0.00010
Train ...
Epoch: [33][ 0/60]	Loss 3.9598e-02 (3.9598e-02)
Epoch: [33][25/60]	Loss 3.0565e-02 (3.6554e-02)
Epoch: [33][50/60]	Loss 3.2833e-02 (3.8522e-02)
Evaluate ...
{'ACC': 0.7673, 'ARI': 0.6637301465712767, 'NMI': 0.7513988644638862, 'ACC Top-5': 0.9754, 'hungarian_match': [(0, 5), (1, 6), (2, 2), (3, 8), (4, 9), (5, 1), (6, 7), (7, 4), (8, 3), (9, 0)]}
Checkpoint ...
[33mEpoch 35/200[0m
[33m----------[0m
Adjusted learning rate to 0.00010
Train ...
Epoch: [34][ 0/60]	Loss 3.4334e-02 (3.4334e-02)
Epoch: [34][25/60]	Loss 3.1942e-02 (3.6062e-02)
Epoch: [34][50/60]	Loss 3.3218e-02 (3.7398e-02)
Evaluate ...
{'ACC': 0.7598, 'ARI': 0.66001716457225, 'NMI': 0.7476446477014185, 'ACC Top-5': 0.9775, 'hungarian_match': [(0, 5), (1, 6), (2, 2), (3, 8), (4, 9), (5, 1), (6, 7), (7, 4), (8, 3), (9, 0)]}
Checkpoint ...
[33mEpoch 36/200[0m
[33m----------[0m
Adjusted learning rate to 0.00010
Train ...
Epoch: [35][ 0/60]	Loss 3.2496e-02 (3.2496e-02)
Epoch: [35][25/60]	Loss 4.4998e-02 (3.4800e-02)
Epoch: [35][50/60]	Loss 3.9589e-02 (3.7139e-02)
Evaluate ...
{'ACC': 0.772, 'ARI': 0.6716368484149507, 'NMI': 0.7542025832940474, 'ACC Top-5': 0.9747, 'hungarian_match': [(0, 5), (1, 6), (2, 2), (3, 8), (4, 9), (5, 1), (6, 7), (7, 4), (8, 3), (9, 0)]}
Checkpoint ...
[33mEpoch 37/200[0m
[33m----------[0m
Adjusted learning rate to 0.00010
Train ...
Epoch: [36][ 0/60]	Loss 4.7487e-02 (4.7487e-02)
Epoch: [36][25/60]	Loss 2.4191e-02 (3.2917e-02)
Epoch: [36][50/60]	Loss 5.7608e-02 (3.5078e-02)
Evaluate ...
{'ACC': 0.7626, 'ARI': 0.6683407547030698, 'NMI': 0.7509344776649439, 'ACC Top-5': 0.9922, 'hungarian_match': [(0, 5), (1, 4), (2, 2), (3, 8), (4, 9), (5, 1), (6, 7), (7, 6), (8, 3), (9, 0)]}
Checkpoint ...
[33mEpoch 38/200[0m
[33m----------[0m
Adjusted learning rate to 0.00010
Train ...
Epoch: [37][ 0/60]	Loss 3.5568e-02 (3.5568e-02)
Epoch: [37][25/60]	Loss 2.7438e-02 (3.5331e-02)
Epoch: [37][50/60]	Loss 3.2147e-02 (3.4533e-02)
Evaluate ...
{'ACC': 0.7619, 'ARI': 0.6621586308875514, 'NMI': 0.7487808770581972, 'ACC Top-5': 0.993, 'hungarian_match': [(0, 5), (1, 4), (2, 2), (3, 8), (4, 9), (5, 1), (6, 7), (7, 6), (8, 3), (9, 0)]}
Checkpoint ...
[33mEpoch 39/200[0m
[33m----------[0m
Adjusted learning rate to 0.00010
Train ...
Epoch: [38][ 0/60]	Loss 2.8150e-02 (2.8150e-02)
Epoch: [38][25/60]	Loss 4.8192e-02 (3.9551e-02)
Epoch: [38][50/60]	Loss 3.7505e-02 (3.7851e-02)
Evaluate ...
{'ACC': 0.7692, 'ARI': 0.6674654451722525, 'NMI': 0.7507687663032692, 'ACC Top-5': 0.9939, 'hungarian_match': [(0, 5), (1, 4), (2, 2), (3, 8), (4, 9), (5, 1), (6, 7), (7, 6), (8, 3), (9, 0)]}
Checkpoint ...
[33mEpoch 40/200[0m
[33m----------[0m
Adjusted learning rate to 0.00010
Train ...
Epoch: [39][ 0/60]	Loss 3.8591e-02 (3.8591e-02)
Epoch: [39][25/60]	Loss 2.9233e-02 (3.8475e-02)
Epoch: [39][50/60]	Loss 5.2439e-02 (3.7904e-02)
Evaluate ...
{'ACC': 0.7583, 'ARI': 0.6573837156759763, 'NMI': 0.7487608907173008, 'ACC Top-5': 0.9782, 'hungarian_match': [(0, 5), (1, 6), (2, 2), (3, 8), (4, 9), (5, 1), (6, 7), (7, 4), (8, 3), (9, 0)]}
Checkpoint ...
[33mEpoch 41/200[0m
[33m----------[0m
Adjusted learning rate to 0.00010
Train ...
Epoch: [40][ 0/60]	Loss 2.3444e-02 (2.3444e-02)
Epoch: [40][25/60]	Loss 3.1621e-02 (3.6029e-02)
Epoch: [40][50/60]	Loss 4.6567e-02 (3.6808e-02)
Evaluate ...
{'ACC': 0.7633, 'ARI': 0.6627516302270505, 'NMI': 0.7499664036411924, 'ACC Top-5': 0.9955, 'hungarian_match': [(0, 5), (1, 4), (2, 2), (3, 8), (4, 9), (5, 1), (6, 7), (7, 6), (8, 3), (9, 0)]}
Checkpoint ...
[33mEpoch 42/200[0m
[33m----------[0m
Adjusted learning rate to 0.00010
Train ...
Epoch: [41][ 0/60]	Loss 3.4711e-02 (3.4711e-02)
Epoch: [41][25/60]	Loss 4.8920e-02 (3.6517e-02)
Epoch: [41][50/60]	Loss 4.1690e-02 (3.5529e-02)
Evaluate ...
{'ACC': 0.7734, 'ARI': 0.670349961412064, 'NMI': 0.7527433048991578, 'ACC Top-5': 0.9866, 'hungarian_match': [(0, 5), (1, 6), (2, 2), (3, 8), (4, 9), (5, 1), (6, 7), (7, 4), (8, 3), (9, 0)]}
Checkpoint ...
[33mEpoch 43/200[0m
[33m----------[0m
Adjusted learning rate to 0.00010
Train ...
Epoch: [42][ 0/60]	Loss 2.8606e-02 (2.8606e-02)
Epoch: [42][25/60]	Loss 4.9268e-02 (3.8534e-02)
Epoch: [42][50/60]	Loss 3.5451e-02 (3.6254e-02)
Evaluate ...
{'ACC': 0.7655, 'ARI': 0.6620789213079241, 'NMI': 0.7506700967254637, 'ACC Top-5': 0.9903, 'hungarian_match': [(0, 5), (1, 6), (2, 2), (3, 8), (4, 9), (5, 1), (6, 7), (7, 4), (8, 3), (9, 0)]}
Checkpoint ...
[33mEpoch 44/200[0m
[33m----------[0m
Adjusted learning rate to 0.00010
Train ...
Epoch: [43][ 0/60]	Loss 2.8321e-02 (2.8321e-02)
Epoch: [43][25/60]	Loss 3.0804e-02 (3.5260e-02)
Epoch: [43][50/60]	Loss 3.9751e-02 (3.5169e-02)
Evaluate ...
{'ACC': 0.7618, 'ARI': 0.6619047619514145, 'NMI': 0.7495721792265787, 'ACC Top-5': 0.9878, 'hungarian_match': [(0, 5), (1, 6), (2, 2), (3, 8), (4, 9), (5, 1), (6, 7), (7, 4), (8, 3), (9, 0)]}
Checkpoint ...
[33mEpoch 45/200[0m
[33m----------[0m
Adjusted learning rate to 0.00010
Train ...
Epoch: [44][ 0/60]	Loss 4.7678e-02 (4.7678e-02)
Epoch: [44][25/60]	Loss 3.2073e-02 (3.7671e-02)
Epoch: [44][50/60]	Loss 3.4197e-02 (3.8144e-02)
Evaluate ...
{'ACC': 0.7591, 'ARI': 0.6620032367439338, 'NMI': 0.7489248919176064, 'ACC Top-5': 0.9948, 'hungarian_match': [(0, 5), (1, 4), (2, 2), (3, 8), (4, 9), (5, 1), (6, 7), (7, 6), (8, 3), (9, 0)]}
Checkpoint ...
[33mEpoch 46/200[0m
[33m----------[0m
Adjusted learning rate to 0.00010
Train ...
Epoch: [45][ 0/60]	Loss 2.7585e-02 (2.7585e-02)
Epoch: [45][25/60]	Loss 3.5933e-02 (3.8421e-02)
Epoch: [45][50/60]	Loss 3.9465e-02 (3.8719e-02)
Evaluate ...
{'ACC': 0.7643, 'ARI': 0.663093018034694, 'NMI': 0.7482023219528323, 'ACC Top-5': 0.9955, 'hungarian_match': [(0, 5), (1, 4), (2, 2), (3, 8), (4, 9), (5, 1), (6, 7), (7, 6), (8, 3), (9, 0)]}
Checkpoint ...
[33mEpoch 47/200[0m
[33m----------[0m
Adjusted learning rate to 0.00010
Train ...
Epoch: [46][ 0/60]	Loss 1.1173e-02 (1.1173e-02)
Epoch: [46][25/60]	Loss 3.4573e-02 (3.6214e-02)
Epoch: [46][50/60]	Loss 4.3780e-02 (3.8005e-02)
Evaluate ...
{'ACC': 0.7687, 'ARI': 0.6665288597961728, 'NMI': 0.7523128053889223, 'ACC Top-5': 0.9858, 'hungarian_match': [(0, 5), (1, 6), (2, 2), (3, 8), (4, 9), (5, 1), (6, 7), (7, 4), (8, 3), (9, 0)]}
Checkpoint ...
[33mEpoch 48/200[0m
[33m----------[0m
Adjusted learning rate to 0.00010
Train ...
Epoch: [47][ 0/60]	Loss 2.9162e-02 (2.9162e-02)
Epoch: [47][25/60]	Loss 5.9083e-02 (3.7241e-02)
Epoch: [47][50/60]	Loss 2.8719e-02 (3.7334e-02)
Evaluate ...
{'ACC': 0.7655, 'ARI': 0.6674874428442495, 'NMI': 0.7527623918111294, 'ACC Top-5': 0.9866, 'hungarian_match': [(0, 5), (1, 6), (2, 2), (3, 8), (4, 9), (5, 1), (6, 7), (7, 4), (8, 3), (9, 0)]}
Checkpoint ...
[33mEpoch 49/200[0m
[33m----------[0m
Adjusted learning rate to 0.00010
Train ...
Epoch: [48][ 0/60]	Loss 5.0443e-02 (5.0443e-02)
Epoch: [48][25/60]	Loss 4.6536e-02 (3.6839e-02)
Epoch: [48][50/60]	Loss 2.5232e-02 (3.6621e-02)
Evaluate ...
{'ACC': 0.7628, 'ARI': 0.6569131222155815, 'NMI': 0.7482854812331782, 'ACC Top-5': 0.9867, 'hungarian_match': [(0, 5), (1, 6), (2, 2), (3, 8), (4, 9), (5, 1), (6, 7), (7, 4), (8, 3), (9, 0)]}
Checkpoint ...
[33mEpoch 50/200[0m
[33m----------[0m
Adjusted learning rate to 0.00010
Train ...
Epoch: [49][ 0/60]	Loss 1.9962e-02 (1.9962e-02)
Epoch: [49][25/60]	Loss 3.5591e-02 (4.0020e-02)
Epoch: [49][50/60]	Loss 4.5505e-02 (3.8020e-02)
Evaluate ...
{'ACC': 0.7636, 'ARI': 0.654629014151437, 'NMI': 0.7477328063344553, 'ACC Top-5': 0.9864, 'hungarian_match': [(0, 5), (1, 6), (2, 2), (3, 8), (4, 9), (5, 1), (6, 7), (7, 4), (8, 3), (9, 0)]}
Checkpoint ...
[33mEpoch 51/200[0m
[33m----------[0m
Adjusted learning rate to 0.00010
Train ...
Epoch: [50][ 0/60]	Loss 3.5125e-02 (3.5125e-02)
Epoch: [50][25/60]	Loss 2.9654e-02 (3.9462e-02)
Epoch: [50][50/60]	Loss 3.4976e-02 (3.7430e-02)
Evaluate ...
{'ACC': 0.7623, 'ARI': 0.664300943600313, 'NMI': 0.7505383271805182, 'ACC Top-5': 0.9838, 'hungarian_match': [(0, 5), (1, 6), (2, 2), (3, 8), (4, 9), (5, 1), (6, 7), (7, 4), (8, 3), (9, 0)]}
Checkpoint ...
[33mEpoch 52/200[0m
[33m----------[0m
Adjusted learning rate to 0.00010
Train ...
Epoch: [51][ 0/60]	Loss 4.9600e-02 (4.9600e-02)
Epoch: [51][25/60]	Loss 3.7257e-02 (3.4172e-02)
Epoch: [51][50/60]	Loss 3.1765e-02 (3.5376e-02)
Evaluate ...
{'ACC': 0.7595, 'ARI': 0.6627608877854458, 'NMI': 0.7487287246526146, 'ACC Top-5': 0.9956, 'hungarian_match': [(0, 5), (1, 4), (2, 2), (3, 8), (4, 9), (5, 1), (6, 7), (7, 6), (8, 3), (9, 0)]}
Checkpoint ...
[33mEpoch 53/200[0m
[33m----------[0m
Adjusted learning rate to 0.00010
Train ...
Epoch: [52][ 0/60]	Loss 3.4288e-02 (3.4288e-02)
Epoch: [52][25/60]	Loss 3.0814e-02 (3.5957e-02)
Epoch: [52][50/60]	Loss 3.9246e-02 (3.5763e-02)
Evaluate ...
{'ACC': 0.7711, 'ARI': 0.667279096404442, 'NMI': 0.7529000128109102, 'ACC Top-5': 0.9838, 'hungarian_match': [(0, 5), (1, 6), (2, 2), (3, 8), (4, 9), (5, 1), (6, 7), (7, 4), (8, 3), (9, 0)]}
Checkpoint ...
[33mEpoch 54/200[0m
[33m----------[0m
Adjusted learning rate to 0.00010
Train ...
Epoch: [53][ 0/60]	Loss 3.4792e-02 (3.4792e-02)
Epoch: [53][25/60]	Loss 4.7557e-02 (3.7082e-02)
Epoch: [53][50/60]	Loss 3.7194e-02 (3.6891e-02)
Evaluate ...
{'ACC': 0.7687, 'ARI': 0.6718357729729703, 'NMI': 0.7553376117834638, 'ACC Top-5': 0.981, 'hungarian_match': [(0, 5), (1, 6), (2, 2), (3, 8), (4, 9), (5, 1), (6, 7), (7, 4), (8, 3), (9, 0)]}
Checkpoint ...
[33mEpoch 55/200[0m
[33m----------[0m
Adjusted learning rate to 0.00010
Train ...
Epoch: [54][ 0/60]	Loss 3.1554e-02 (3.1554e-02)
Epoch: [54][25/60]	Loss 3.7147e-02 (3.7215e-02)
Epoch: [54][50/60]	Loss 3.1394e-02 (3.7489e-02)
Evaluate ...
{'ACC': 0.7657, 'ARI': 0.6642284010185159, 'NMI': 0.7507593802532312, 'ACC Top-5': 0.983, 'hungarian_match': [(0, 5), (1, 6), (2, 2), (3, 8), (4, 9), (5, 1), (6, 7), (7, 4), (8, 3), (9, 0)]}
Checkpoint ...
[33mEpoch 56/200[0m
[33m----------[0m
Adjusted learning rate to 0.00010
Train ...
Epoch: [55][ 0/60]	Loss 3.8772e-02 (3.8772e-02)
Epoch: [55][25/60]	Loss 4.1252e-02 (3.2456e-02)
Epoch: [55][50/60]	Loss 3.3790e-02 (3.4539e-02)
Evaluate ...
{'ACC': 0.7725, 'ARI': 0.6750150513414591, 'NMI': 0.7574920763275004, 'ACC Top-5': 0.9835, 'hungarian_match': [(0, 5), (1, 6), (2, 2), (3, 8), (4, 9), (5, 1), (6, 7), (7, 4), (8, 3), (9, 0)]}
Checkpoint ...
[33mEpoch 57/200[0m
[33m----------[0m
Adjusted learning rate to 0.00010
Train ...
Epoch: [56][ 0/60]	Loss 3.2121e-02 (3.2121e-02)
Epoch: [56][25/60]	Loss 2.9491e-02 (3.5615e-02)
Epoch: [56][50/60]	Loss 2.8635e-02 (3.4612e-02)
Evaluate ...
{'ACC': 0.7737, 'ARI': 0.6727817400876203, 'NMI': 0.7561345552252833, 'ACC Top-5': 0.9902, 'hungarian_match': [(0, 5), (1, 6), (2, 2), (3, 8), (4, 9), (5, 1), (6, 7), (7, 4), (8, 3), (9, 0)]}
Checkpoint ...
[33mEpoch 58/200[0m
[33m----------[0m
Adjusted learning rate to 0.00010
Train ...
Epoch: [57][ 0/60]	Loss 2.8356e-02 (2.8356e-02)
Epoch: [57][25/60]	Loss 4.2770e-02 (3.7929e-02)
Epoch: [57][50/60]	Loss 3.1947e-02 (3.6937e-02)
Evaluate ...
{'ACC': 0.7623, 'ARI': 0.6587730334030626, 'NMI': 0.7473662806586068, 'ACC Top-5': 0.9856, 'hungarian_match': [(0, 5), (1, 6), (2, 2), (3, 8), (4, 9), (5, 1), (6, 7), (7, 4), (8, 3), (9, 0)]}
Checkpoint ...
[33mEpoch 59/200[0m
[33m----------[0m
Adjusted learning rate to 0.00010
Train ...
Epoch: [58][ 0/60]	Loss 2.5606e-02 (2.5606e-02)
Epoch: [58][25/60]	Loss 2.3589e-02 (3.5479e-02)
Epoch: [58][50/60]	Loss 3.4061e-02 (3.6030e-02)
Evaluate ...
{'ACC': 0.763, 'ARI': 0.6605876379982476, 'NMI': 0.7478201320261451, 'ACC Top-5': 0.9858, 'hungarian_match': [(0, 5), (1, 6), (2, 2), (3, 8), (4, 9), (5, 1), (6, 7), (7, 4), (8, 3), (9, 0)]}
Checkpoint ...
[33mEpoch 60/200[0m
[33m----------[0m
Adjusted learning rate to 0.00010
Train ...
Epoch: [59][ 0/60]	Loss 5.7698e-02 (5.7698e-02)
Epoch: [59][25/60]	Loss 2.9861e-02 (3.7876e-02)
Epoch: [59][50/60]	Loss 4.2516e-02 (3.6710e-02)
Evaluate ...
{'ACC': 0.7616, 'ARI': 0.6640242628460192, 'NMI': 0.7499605804308537, 'ACC Top-5': 0.9809, 'hungarian_match': [(0, 5), (1, 6), (2, 2), (3, 8), (4, 9), (5, 1), (6, 7), (7, 4), (8, 3), (9, 0)]}
Checkpoint ...
[33mEpoch 61/200[0m
[33m----------[0m
Adjusted learning rate to 0.00010
Train ...
Epoch: [60][ 0/60]	Loss 2.4402e-02 (2.4402e-02)
Epoch: [60][25/60]	Loss 4.8741e-02 (3.6903e-02)
Epoch: [60][50/60]	Loss 5.2892e-02 (3.6044e-02)
Evaluate ...
{'ACC': 0.7662, 'ARI': 0.6629553248367708, 'NMI': 0.7504627791063958, 'ACC Top-5': 0.984, 'hungarian_match': [(0, 5), (1, 6), (2, 2), (3, 8), (4, 9), (5, 1), (6, 7), (7, 4), (8, 3), (9, 0)]}
Checkpoint ...
[33mEpoch 62/200[0m
[33m----------[0m
Adjusted learning rate to 0.00010
Train ...
Epoch: [61][ 0/60]	Loss 3.2572e-02 (3.2572e-02)
Epoch: [61][25/60]	Loss 4.3065e-02 (3.5881e-02)
Epoch: [61][50/60]	Loss 3.3527e-02 (3.4534e-02)
Evaluate ...
{'ACC': 0.7609, 'ARI': 0.6597634916708701, 'NMI': 0.7472965858908731, 'ACC Top-5': 0.9883, 'hungarian_match': [(0, 5), (1, 6), (2, 2), (3, 8), (4, 9), (5, 1), (6, 7), (7, 4), (8, 3), (9, 0)]}
Checkpoint ...
[33mEpoch 63/200[0m
[33m----------[0m
Adjusted learning rate to 0.00010
Train ...
Epoch: [62][ 0/60]	Loss 4.4677e-02 (4.4677e-02)
Epoch: [62][25/60]	Loss 2.2005e-02 (3.6035e-02)
Epoch: [62][50/60]	Loss 3.9742e-02 (3.4945e-02)
Evaluate ...
{'ACC': 0.7627, 'ARI': 0.6612491519337863, 'NMI': 0.7488501159456625, 'ACC Top-5': 0.9942, 'hungarian_match': [(0, 5), (1, 6), (2, 2), (3, 8), (4, 9), (5, 1), (6, 7), (7, 4), (8, 3), (9, 0)]}
Checkpoint ...
[33mEpoch 64/200[0m
[33m----------[0m
Adjusted learning rate to 0.00010
Train ...
Epoch: [63][ 0/60]	Loss 2.3363e-02 (2.3363e-02)
Epoch: [63][25/60]	Loss 4.4790e-02 (3.3868e-02)
Epoch: [63][50/60]	Loss 3.4875e-02 (3.4598e-02)
Evaluate ...
{'ACC': 0.7681, 'ARI': 0.6637441807204442, 'NMI': 0.7511219664180943, 'ACC Top-5': 0.9939, 'hungarian_match': [(0, 5), (1, 6), (2, 2), (3, 8), (4, 9), (5, 1), (6, 7), (7, 4), (8, 3), (9, 0)]}
Checkpoint ...
[33mEpoch 65/200[0m
[33m----------[0m
Adjusted learning rate to 0.00010
Train ...
Epoch: [64][ 0/60]	Loss 3.7745e-02 (3.7745e-02)
Epoch: [64][25/60]	Loss 3.9906e-02 (3.6183e-02)
Epoch: [64][50/60]	Loss 2.3151e-02 (3.4992e-02)
Evaluate ...
{'ACC': 0.7632, 'ARI': 0.6636097380273084, 'NMI': 0.7492740596859871, 'ACC Top-5': 0.9944, 'hungarian_match': [(0, 5), (1, 6), (2, 2), (3, 8), (4, 9), (5, 1), (6, 7), (7, 4), (8, 3), (9, 0)]}
Checkpoint ...
[33mEpoch 66/200[0m
[33m----------[0m
Adjusted learning rate to 0.00010
Train ...
Epoch: [65][ 0/60]	Loss 2.8823e-02 (2.8823e-02)
Epoch: [65][25/60]	Loss 3.3517e-02 (3.5956e-02)
Epoch: [65][50/60]	Loss 3.6924e-02 (3.5550e-02)
Evaluate ...
{'ACC': 0.7681, 'ARI': 0.6654527303944779, 'NMI': 0.7496985417736415, 'ACC Top-5': 0.9922, 'hungarian_match': [(0, 5), (1, 6), (2, 2), (3, 8), (4, 9), (5, 1), (6, 7), (7, 4), (8, 3), (9, 0)]}
Checkpoint ...
[33mEpoch 67/200[0m
[33m----------[0m
Adjusted learning rate to 0.00010
Train ...
Epoch: [66][ 0/60]	Loss 3.7067e-02 (3.7067e-02)
Epoch: [66][25/60]	Loss 2.4137e-02 (3.2718e-02)
Epoch: [66][50/60]	Loss 3.0268e-02 (3.3409e-02)
Evaluate ...
{'ACC': 0.7685, 'ARI': 0.6676001421739289, 'NMI': 0.7520190327161247, 'ACC Top-5': 0.9877, 'hungarian_match': [(0, 5), (1, 6), (2, 2), (3, 8), (4, 9), (5, 1), (6, 7), (7, 4), (8, 3), (9, 0)]}
Checkpoint ...
[33mEpoch 68/200[0m
[33m----------[0m
Adjusted learning rate to 0.00010
Train ...
Epoch: [67][ 0/60]	Loss 3.0546e-02 (3.0546e-02)
Epoch: [67][25/60]	Loss 5.6981e-02 (3.3007e-02)
Epoch: [67][50/60]	Loss 3.9255e-02 (3.4887e-02)
Evaluate ...
{'ACC': 0.7626, 'ARI': 0.6641901101359924, 'NMI': 0.7502049084843174, 'ACC Top-5': 0.9804, 'hungarian_match': [(0, 5), (1, 6), (2, 2), (3, 8), (4, 9), (5, 1), (6, 7), (7, 4), (8, 3), (9, 0)]}
Checkpoint ...
[33mEpoch 69/200[0m
[33m----------[0m
Adjusted learning rate to 0.00010
Train ...
Epoch: [68][ 0/60]	Loss 4.0199e-02 (4.0199e-02)
Epoch: [68][25/60]	Loss 5.9900e-02 (3.7574e-02)
Epoch: [68][50/60]	Loss 2.9478e-02 (3.6514e-02)
Evaluate ...
{'ACC': 0.7596, 'ARI': 0.6585219428241823, 'NMI': 0.7477591929892851, 'ACC Top-5': 0.9739, 'hungarian_match': [(0, 5), (1, 2), (2, 6), (3, 8), (4, 9), (5, 1), (6, 7), (7, 4), (8, 3), (9, 0)]}
Checkpoint ...
[33mEpoch 70/200[0m
[33m----------[0m
Adjusted learning rate to 0.00010
Train ...
Epoch: [69][ 0/60]	Loss 5.1138e-02 (5.1138e-02)
Epoch: [69][25/60]	Loss 4.6913e-02 (3.7731e-02)
Epoch: [69][50/60]	Loss 3.0956e-02 (3.6489e-02)
Evaluate ...
{'ACC': 0.7495, 'ARI': 0.6530861522497533, 'NMI': 0.7394942384252248, 'ACC Top-5': 0.9934, 'hungarian_match': [(0, 5), (1, 6), (2, 2), (3, 8), (4, 9), (5, 1), (6, 7), (7, 4), (8, 3), (9, 0)]}
Checkpoint ...
[33mEpoch 71/200[0m
[33m----------[0m
Adjusted learning rate to 0.00010
Train ...
Epoch: [70][ 0/60]	Loss 3.6490e-02 (3.6490e-02)
Epoch: [70][25/60]	Loss 2.0742e-02 (3.4759e-02)
Epoch: [70][50/60]	Loss 2.8385e-02 (3.4375e-02)
Evaluate ...
{'ACC': 0.7582, 'ARI': 0.6571459759022142, 'NMI': 0.7464921615119011, 'ACC Top-5': 0.9926, 'hungarian_match': [(0, 5), (1, 6), (2, 2), (3, 8), (4, 9), (5, 1), (6, 7), (7, 4), (8, 3), (9, 0)]}
Checkpoint ...
[33mEpoch 72/200[0m
[33m----------[0m
Adjusted learning rate to 0.00010
Train ...
Epoch: [71][ 0/60]	Loss 4.5523e-02 (4.5523e-02)
Epoch: [71][25/60]	Loss 3.9135e-02 (3.5225e-02)
Epoch: [71][50/60]	Loss 4.2189e-02 (3.5890e-02)
Evaluate ...
{'ACC': 0.7705, 'ARI': 0.6708365288892094, 'NMI': 0.7544836302421556, 'ACC Top-5': 0.9939, 'hungarian_match': [(0, 5), (1, 6), (2, 2), (3, 8), (4, 9), (5, 1), (6, 7), (7, 4), (8, 3), (9, 0)]}
Checkpoint ...
[33mEpoch 73/200[0m
[33m----------[0m
Adjusted learning rate to 0.00010
Train ...
Epoch: [72][ 0/60]	Loss 2.3884e-02 (2.3884e-02)
Epoch: [72][25/60]	Loss 2.1073e-02 (3.3514e-02)
Epoch: [72][50/60]	Loss 4.0172e-02 (3.3843e-02)
Evaluate ...
{'ACC': 0.7719, 'ARI': 0.6730498171147931, 'NMI': 0.7552578872646919, 'ACC Top-5': 0.9877, 'hungarian_match': [(0, 5), (1, 6), (2, 2), (3, 8), (4, 9), (5, 1), (6, 7), (7, 4), (8, 3), (9, 0)]}
Checkpoint ...
[33mEpoch 74/200[0m
[33m----------[0m
Adjusted learning rate to 0.00010
Train ...
Epoch: [73][ 0/60]	Loss 4.9802e-02 (4.9802e-02)
Epoch: [73][25/60]	Loss 3.0393e-02 (3.4460e-02)
Epoch: [73][50/60]	Loss 2.7165e-02 (3.4045e-02)
Evaluate ...
{'ACC': 0.7662, 'ARI': 0.6612848522329254, 'NMI': 0.7512579424325248, 'ACC Top-5': 0.9891, 'hungarian_match': [(0, 5), (1, 6), (2, 2), (3, 8), (4, 9), (5, 1), (6, 7), (7, 4), (8, 3), (9, 0)]}
Checkpoint ...
[33mEpoch 75/200[0m
[33m----------[0m
Adjusted learning rate to 0.00010
Train ...
Epoch: [74][ 0/60]	Loss 2.7873e-02 (2.7873e-02)
Epoch: [74][25/60]	Loss 2.7119e-02 (3.2894e-02)
Epoch: [74][50/60]	Loss 3.4417e-02 (3.4389e-02)
Evaluate ...
{'ACC': 0.762, 'ARI': 0.6579742341854556, 'NMI': 0.7483604949109939, 'ACC Top-5': 0.9807, 'hungarian_match': [(0, 5), (1, 6), (2, 2), (3, 8), (4, 9), (5, 1), (6, 7), (7, 4), (8, 3), (9, 0)]}
Checkpoint ...
[33mEpoch 76/200[0m
[33m----------[0m
Adjusted learning rate to 0.00010
Train ...
Epoch: [75][ 0/60]	Loss 4.2871e-02 (4.2871e-02)
Epoch: [75][25/60]	Loss 2.1078e-02 (3.5699e-02)
Epoch: [75][50/60]	Loss 2.2471e-02 (3.4359e-02)
Evaluate ...
{'ACC': 0.763, 'ARI': 0.6621363090509486, 'NMI': 0.7495161325355484, 'ACC Top-5': 0.9815, 'hungarian_match': [(0, 5), (1, 6), (2, 2), (3, 8), (4, 9), (5, 1), (6, 7), (7, 4), (8, 3), (9, 0)]}
Checkpoint ...
[33mEpoch 77/200[0m
[33m----------[0m
Adjusted learning rate to 0.00010
Train ...
Epoch: [76][ 0/60]	Loss 3.0107e-02 (3.0107e-02)
Epoch: [76][25/60]	Loss 2.1366e-02 (3.6151e-02)
Epoch: [76][50/60]	Loss 5.1276e-02 (3.5709e-02)
Evaluate ...
{'ACC': 0.7625, 'ARI': 0.6594603372528747, 'NMI': 0.7495221129304727, 'ACC Top-5': 0.9824, 'hungarian_match': [(0, 5), (1, 6), (2, 2), (3, 8), (4, 9), (5, 1), (6, 7), (7, 4), (8, 3), (9, 0)]}
Checkpoint ...
[33mEpoch 78/200[0m
[33m----------[0m
Adjusted learning rate to 0.00010
Train ...
Epoch: [77][ 0/60]	Loss 2.5053e-02 (2.5053e-02)
Epoch: [77][25/60]	Loss 3.9226e-02 (3.3318e-02)
Epoch: [77][50/60]	Loss 2.7588e-02 (3.4297e-02)
Evaluate ...
{'ACC': 0.7704, 'ARI': 0.6677755412175941, 'NMI': 0.7534109782491987, 'ACC Top-5': 0.9908, 'hungarian_match': [(0, 5), (1, 6), (2, 2), (3, 8), (4, 9), (5, 1), (6, 7), (7, 4), (8, 3), (9, 0)]}
Checkpoint ...
[33mEpoch 79/200[0m
[33m----------[0m
Adjusted learning rate to 0.00010
Train ...
Epoch: [78][ 0/60]	Loss 6.1265e-02 (6.1265e-02)
Epoch: [78][25/60]	Loss 3.5701e-02 (3.7911e-02)
Epoch: [78][50/60]	Loss 3.6324e-02 (3.6087e-02)
Evaluate ...
{'ACC': 0.769, 'ARI': 0.6735740120724781, 'NMI': 0.7564211723279414, 'ACC Top-5': 0.9924, 'hungarian_match': [(0, 5), (1, 6), (2, 2), (3, 8), (4, 9), (5, 1), (6, 7), (7, 4), (8, 3), (9, 0)]}
Checkpoint ...
[33mEpoch 80/200[0m
[33m----------[0m
Adjusted learning rate to 0.00010
Train ...
Epoch: [79][ 0/60]	Loss 2.3814e-02 (2.3814e-02)
Epoch: [79][25/60]	Loss 2.3873e-02 (3.4779e-02)
Epoch: [79][50/60]	Loss 2.9922e-02 (3.4548e-02)
Evaluate ...
{'ACC': 0.7593, 'ARI': 0.6564183157615803, 'NMI': 0.7482164789845464, 'ACC Top-5': 0.9895, 'hungarian_match': [(0, 5), (1, 6), (2, 2), (3, 8), (4, 9), (5, 1), (6, 7), (7, 4), (8, 3), (9, 0)]}
Checkpoint ...
[33mEpoch 81/200[0m
[33m----------[0m
Adjusted learning rate to 0.00010
Train ...
Epoch: [80][ 0/60]	Loss 4.1590e-02 (4.1590e-02)
Epoch: [80][25/60]	Loss 3.0387e-02 (3.6548e-02)
Epoch: [80][50/60]	Loss 2.0729e-02 (3.4235e-02)
Evaluate ...
{'ACC': 0.7648, 'ARI': 0.6672308161112873, 'NMI': 0.7511756747115628, 'ACC Top-5': 0.9932, 'hungarian_match': [(0, 5), (1, 6), (2, 2), (3, 8), (4, 9), (5, 1), (6, 7), (7, 4), (8, 3), (9, 0)]}
Checkpoint ...
[33mEpoch 82/200[0m
[33m----------[0m
Adjusted learning rate to 0.00010
Train ...
Epoch: [81][ 0/60]	Loss 3.5996e-02 (3.5996e-02)
Epoch: [81][25/60]	Loss 2.5860e-02 (3.4490e-02)
Epoch: [81][50/60]	Loss 3.6244e-02 (3.6139e-02)
Evaluate ...
{'ACC': 0.7669, 'ARI': 0.6710218823570043, 'NMI': 0.7552232262402522, 'ACC Top-5': 0.9929, 'hungarian_match': [(0, 5), (1, 6), (2, 2), (3, 8), (4, 9), (5, 1), (6, 7), (7, 4), (8, 3), (9, 0)]}
Checkpoint ...
[33mEpoch 83/200[0m
[33m----------[0m
Adjusted learning rate to 0.00010
Train ...
Epoch: [82][ 0/60]	Loss 5.5181e-02 (5.5181e-02)
Epoch: [82][25/60]	Loss 2.8361e-02 (3.6499e-02)
Epoch: [82][50/60]	Loss 2.4174e-02 (3.6397e-02)
Evaluate ...
{'ACC': 0.7729, 'ARI': 0.6734371423906504, 'NMI': 0.7570457073118915, 'ACC Top-5': 0.9964, 'hungarian_match': [(0, 5), (1, 6), (2, 2), (3, 8), (4, 9), (5, 1), (6, 7), (7, 4), (8, 3), (9, 0)]}
Checkpoint ...
[33mEpoch 84/200[0m
[33m----------[0m
Adjusted learning rate to 0.00010
Train ...
Epoch: [83][ 0/60]	Loss 3.2271e-02 (3.2271e-02)
Epoch: [83][25/60]	Loss 2.7403e-02 (3.5292e-02)
Epoch: [83][50/60]	Loss 2.3800e-02 (3.5470e-02)
Evaluate ...
{'ACC': 0.7707, 'ARI': 0.6722543320931668, 'NMI': 0.7557008864365092, 'ACC Top-5': 0.9938, 'hungarian_match': [(0, 5), (1, 6), (2, 2), (3, 8), (4, 9), (5, 1), (6, 7), (7, 4), (8, 3), (9, 0)]}
Checkpoint ...
[33mEpoch 85/200[0m
[33m----------[0m
Adjusted learning rate to 0.00010
Train ...
Epoch: [84][ 0/60]	Loss 4.1010e-02 (4.1010e-02)
Epoch: [84][25/60]	Loss 3.0609e-02 (3.4348e-02)
Epoch: [84][50/60]	Loss 3.4606e-02 (3.5791e-02)
Evaluate ...
{'ACC': 0.7585, 'ARI': 0.6576868863141858, 'NMI': 0.747980334895024, 'ACC Top-5': 0.9903, 'hungarian_match': [(0, 5), (1, 6), (2, 2), (3, 8), (4, 9), (5, 1), (6, 7), (7, 4), (8, 3), (9, 0)]}
Checkpoint ...
[33mEpoch 86/200[0m
[33m----------[0m
Adjusted learning rate to 0.00010
Train ...
Epoch: [85][ 0/60]	Loss 1.7581e-02 (1.7581e-02)
Epoch: [85][25/60]	Loss 3.8196e-02 (3.3794e-02)
Epoch: [85][50/60]	Loss 2.6232e-02 (3.3297e-02)
Evaluate ...
{'ACC': 0.7578, 'ARI': 0.6572648620984657, 'NMI': 0.7478040488355073, 'ACC Top-5': 0.9861, 'hungarian_match': [(0, 5), (1, 6), (2, 2), (3, 8), (4, 9), (5, 1), (6, 7), (7, 4), (8, 3), (9, 0)]}
Checkpoint ...
[33mEpoch 87/200[0m
[33m----------[0m
Adjusted learning rate to 0.00010
Train ...
Epoch: [86][ 0/60]	Loss 3.0852e-02 (3.0852e-02)
Epoch: [86][25/60]	Loss 3.6972e-02 (3.5597e-02)
Epoch: [86][50/60]	Loss 2.0999e-02 (3.4561e-02)
Evaluate ...
{'ACC': 0.7692, 'ARI': 0.6716369768087552, 'NMI': 0.7557612705660139, 'ACC Top-5': 0.9952, 'hungarian_match': [(0, 5), (1, 6), (2, 2), (3, 8), (4, 9), (5, 1), (6, 7), (7, 4), (8, 3), (9, 0)]}
Checkpoint ...
[33mEpoch 88/200[0m
[33m----------[0m
Adjusted learning rate to 0.00010
Train ...
Epoch: [87][ 0/60]	Loss 3.2223e-02 (3.2223e-02)
Epoch: [87][25/60]	Loss 4.0150e-02 (3.2625e-02)
Epoch: [87][50/60]	Loss 3.3966e-02 (3.3838e-02)
Evaluate ...
{'ACC': 0.7622, 'ARI': 0.6596759720837738, 'NMI': 0.7501175057641223, 'ACC Top-5': 0.9919, 'hungarian_match': [(0, 5), (1, 6), (2, 2), (3, 8), (4, 9), (5, 1), (6, 7), (7, 4), (8, 3), (9, 0)]}
Checkpoint ...
[33mEpoch 89/200[0m
[33m----------[0m
Adjusted learning rate to 0.00010
Train ...
Epoch: [88][ 0/60]	Loss 4.3955e-02 (4.3955e-02)
Epoch: [88][25/60]	Loss 2.3700e-02 (3.3102e-02)
Epoch: [88][50/60]	Loss 1.9963e-02 (3.3917e-02)
Evaluate ...
{'ACC': 0.7666, 'ARI': 0.6639601171229995, 'NMI': 0.7542028521045888, 'ACC Top-5': 0.9902, 'hungarian_match': [(0, 5), (1, 6), (2, 2), (3, 8), (4, 9), (5, 1), (6, 7), (7, 4), (8, 3), (9, 0)]}
Checkpoint ...
[33mEpoch 90/200[0m
[33m----------[0m
Adjusted learning rate to 0.00010
Train ...
Epoch: [89][ 0/60]	Loss 3.3953e-02 (3.3953e-02)
Epoch: [89][25/60]	Loss 4.1698e-02 (3.6877e-02)
Epoch: [89][50/60]	Loss 2.8678e-02 (3.6690e-02)
Evaluate ...
{'ACC': 0.7655, 'ARI': 0.6674223598804432, 'NMI': 0.7515536507932511, 'ACC Top-5': 0.9906, 'hungarian_match': [(0, 5), (1, 6), (2, 2), (3, 8), (4, 9), (5, 1), (6, 7), (7, 4), (8, 3), (9, 0)]}
Checkpoint ...
[33mEpoch 91/200[0m
[33m----------[0m
Adjusted learning rate to 0.00010
Train ...
Epoch: [90][ 0/60]	Loss 3.4583e-02 (3.4583e-02)
Epoch: [90][25/60]	Loss 4.8457e-02 (3.2980e-02)
Epoch: [90][50/60]	Loss 1.7636e-02 (3.3883e-02)
Evaluate ...
{'ACC': 0.764, 'ARI': 0.6623929016777019, 'NMI': 0.7492204682301129, 'ACC Top-5': 0.991, 'hungarian_match': [(0, 5), (1, 6), (2, 2), (3, 8), (4, 9), (5, 1), (6, 7), (7, 4), (8, 3), (9, 0)]}
Checkpoint ...
[33mEpoch 92/200[0m
[33m----------[0m
Adjusted learning rate to 0.00010
Train ...
Epoch: [91][ 0/60]	Loss 3.1206e-02 (3.1206e-02)
Epoch: [91][25/60]	Loss 3.4478e-02 (3.6254e-02)
Epoch: [91][50/60]	Loss 3.3004e-02 (3.5840e-02)
Evaluate ...
{'ACC': 0.7643, 'ARI': 0.6629978693557175, 'NMI': 0.750790959945984, 'ACC Top-5': 0.9801, 'hungarian_match': [(0, 5), (1, 6), (2, 2), (3, 8), (4, 9), (5, 1), (6, 7), (7, 4), (8, 3), (9, 0)]}
Checkpoint ...
[33mEpoch 93/200[0m
[33m----------[0m
Adjusted learning rate to 0.00010
Train ...
Epoch: [92][ 0/60]	Loss 2.6454e-02 (2.6454e-02)
Epoch: [92][25/60]	Loss 3.6852e-02 (3.6089e-02)
Epoch: [92][50/60]	Loss 4.6036e-02 (3.6299e-02)
Evaluate ...
{'ACC': 0.7649, 'ARI': 0.6664961228050849, 'NMI': 0.7521714472006195, 'ACC Top-5': 0.978, 'hungarian_match': [(0, 5), (1, 6), (2, 2), (3, 8), (4, 9), (5, 1), (6, 7), (7, 4), (8, 3), (9, 0)]}
Checkpoint ...
[33mEpoch 94/200[0m
[33m----------[0m
Adjusted learning rate to 0.00010
Train ...
Epoch: [93][ 0/60]	Loss 4.0098e-02 (4.0098e-02)
Epoch: [93][25/60]	Loss 3.0217e-02 (3.3941e-02)
Epoch: [93][50/60]	Loss 3.3511e-02 (3.4028e-02)
Evaluate ...
{'ACC': 0.763, 'ARI': 0.6632155763987408, 'NMI': 0.7503313668132493, 'ACC Top-5': 0.9751, 'hungarian_match': [(0, 5), (1, 6), (2, 2), (3, 8), (4, 9), (5, 1), (6, 7), (7, 4), (8, 3), (9, 0)]}
Checkpoint ...
[33mEpoch 95/200[0m
[33m----------[0m
Adjusted learning rate to 0.00010
Train ...
Epoch: [94][ 0/60]	Loss 2.9512e-02 (2.9512e-02)
Epoch: [94][25/60]	Loss 2.9206e-02 (3.2431e-02)
Epoch: [94][50/60]	Loss 4.0973e-02 (3.4809e-02)
Evaluate ...
{'ACC': 0.7636, 'ARI': 0.664236665109438, 'NMI': 0.7496443460241504, 'ACC Top-5': 0.9764, 'hungarian_match': [(0, 5), (1, 6), (2, 2), (3, 8), (4, 9), (5, 1), (6, 7), (7, 4), (8, 3), (9, 0)]}
Checkpoint ...
[33mEpoch 96/200[0m
[33m----------[0m
Adjusted learning rate to 0.00010
Train ...
Epoch: [95][ 0/60]	Loss 3.1555e-02 (3.1555e-02)
Epoch: [95][25/60]	Loss 3.3928e-02 (3.5550e-02)
Epoch: [95][50/60]	Loss 2.9160e-02 (3.5937e-02)
Evaluate ...
{'ACC': 0.7723, 'ARI': 0.671469993846969, 'NMI': 0.7543208196586432, 'ACC Top-5': 0.9906, 'hungarian_match': [(0, 5), (1, 6), (2, 2), (3, 8), (4, 9), (5, 1), (6, 7), (7, 4), (8, 3), (9, 0)]}
Checkpoint ...
[33mEpoch 97/200[0m
[33m----------[0m
Adjusted learning rate to 0.00010
Train ...
Epoch: [96][ 0/60]	Loss 2.6077e-02 (2.6077e-02)
Epoch: [96][25/60]	Loss 3.2527e-02 (3.4280e-02)
Epoch: [96][50/60]	Loss 3.6678e-02 (3.5018e-02)
Evaluate ...
{'ACC': 0.7602, 'ARI': 0.6596077304334573, 'NMI': 0.7484808964922492, 'ACC Top-5': 0.9914, 'hungarian_match': [(0, 5), (1, 6), (2, 2), (3, 8), (4, 9), (5, 1), (6, 7), (7, 4), (8, 3), (9, 0)]}
Checkpoint ...
[33mEpoch 98/200[0m
[33m----------[0m
Adjusted learning rate to 0.00010
Train ...
Epoch: [97][ 0/60]	Loss 3.3308e-02 (3.3308e-02)
Epoch: [97][25/60]	Loss 3.7956e-02 (3.6622e-02)
Epoch: [97][50/60]	Loss 3.8321e-02 (3.5673e-02)
Evaluate ...
{'ACC': 0.7609, 'ARI': 0.662742684320604, 'NMI': 0.7497283803384576, 'ACC Top-5': 0.9943, 'hungarian_match': [(0, 5), (1, 6), (2, 2), (3, 8), (4, 9), (5, 1), (6, 7), (7, 4), (8, 3), (9, 0)]}
Checkpoint ...
[33mEpoch 99/200[0m
[33m----------[0m
Adjusted learning rate to 0.00010
Train ...
Epoch: [98][ 0/60]	Loss 3.5065e-02 (3.5065e-02)
Epoch: [98][25/60]	Loss 5.2261e-02 (3.6450e-02)
Epoch: [98][50/60]	Loss 2.8121e-02 (3.5870e-02)
Evaluate ...
{'ACC': 0.7659, 'ARI': 0.6657399431259404, 'NMI': 0.7507683428639653, 'ACC Top-5': 0.9895, 'hungarian_match': [(0, 5), (1, 6), (2, 2), (3, 8), (4, 9), (5, 1), (6, 7), (7, 4), (8, 3), (9, 0)]}
Checkpoint ...
[33mEpoch 100/200[0m
[33m----------[0m
Adjusted learning rate to 0.00010
Train ...
Epoch: [99][ 0/60]	Loss 3.2235e-02 (3.2235e-02)
Epoch: [99][25/60]	Loss 3.3842e-02 (3.6728e-02)
Epoch: [99][50/60]	Loss 4.5829e-02 (3.5082e-02)
Evaluate ...
{'ACC': 0.7663, 'ARI': 0.6637436746163489, 'NMI': 0.7514953222216368, 'ACC Top-5': 0.9881, 'hungarian_match': [(0, 5), (1, 6), (2, 2), (3, 8), (4, 9), (5, 1), (6, 7), (7, 4), (8, 3), (9, 0)]}
Checkpoint ...
[33mEpoch 101/200[0m
[33m----------[0m
Adjusted learning rate to 0.00010
Train ...
Epoch: [100][ 0/60]	Loss 3.9125e-02 (3.9125e-02)
Epoch: [100][25/60]	Loss 4.6926e-02 (3.3757e-02)
Epoch: [100][50/60]	Loss 4.4223e-02 (3.4695e-02)
Evaluate ...
{'ACC': 0.7622, 'ARI': 0.6584605729993437, 'NMI': 0.7475818925859773, 'ACC Top-5': 0.9867, 'hungarian_match': [(0, 5), (1, 6), (2, 2), (3, 8), (4, 9), (5, 1), (6, 7), (7, 4), (8, 3), (9, 0)]}
Checkpoint ...
[33mEpoch 102/200[0m
[33m----------[0m
Adjusted learning rate to 0.00010
Train ...
Epoch: [101][ 0/60]	Loss 3.1350e-02 (3.1350e-02)
Epoch: [101][25/60]	Loss 4.9473e-02 (3.4397e-02)
Epoch: [101][50/60]	Loss 3.1471e-02 (3.4526e-02)
Evaluate ...
{'ACC': 0.7658, 'ARI': 0.6689207824597199, 'NMI': 0.7534047129606473, 'ACC Top-5': 0.9766, 'hungarian_match': [(0, 5), (1, 6), (2, 2), (3, 8), (4, 9), (5, 1), (6, 7), (7, 4), (8, 3), (9, 0)]}
Checkpoint ...
[33mEpoch 103/200[0m
[33m----------[0m
Adjusted learning rate to 0.00010
Train ...
Epoch: [102][ 0/60]	Loss 3.1847e-02 (3.1847e-02)
Epoch: [102][25/60]	Loss 2.2840e-02 (3.3158e-02)
Epoch: [102][50/60]	Loss 3.5160e-02 (3.3949e-02)
Evaluate ...
{'ACC': 0.7606, 'ARI': 0.659780526763614, 'NMI': 0.7489461461045629, 'ACC Top-5': 0.9898, 'hungarian_match': [(0, 5), (1, 6), (2, 2), (3, 8), (4, 9), (5, 1), (6, 7), (7, 4), (8, 3), (9, 0)]}
Checkpoint ...
[33mEpoch 104/200[0m
[33m----------[0m
Adjusted learning rate to 0.00010
Train ...
Epoch: [103][ 0/60]	Loss 3.1073e-02 (3.1073e-02)
Epoch: [103][25/60]	Loss 1.5725e-02 (3.2421e-02)
Epoch: [103][50/60]	Loss 2.3877e-02 (3.3112e-02)
Evaluate ...
{'ACC': 0.7639, 'ARI': 0.6643906596909633, 'NMI': 0.7517074398289623, 'ACC Top-5': 0.9803, 'hungarian_match': [(0, 5), (1, 6), (2, 2), (3, 8), (4, 9), (5, 1), (6, 7), (7, 4), (8, 3), (9, 0)]}
Checkpoint ...
[33mEpoch 105/200[0m
[33m----------[0m
Adjusted learning rate to 0.00010
Train ...
Epoch: [104][ 0/60]	Loss 3.1981e-02 (3.1981e-02)
Epoch: [104][25/60]	Loss 2.9861e-02 (3.4744e-02)
Epoch: [104][50/60]	Loss 3.8037e-02 (3.5325e-02)
Evaluate ...
{'ACC': 0.7677, 'ARI': 0.6675343892754294, 'NMI': 0.7518706756535705, 'ACC Top-5': 0.9926, 'hungarian_match': [(0, 5), (1, 6), (2, 2), (3, 8), (4, 9), (5, 1), (6, 7), (7, 4), (8, 3), (9, 0)]}
Checkpoint ...
[33mEpoch 106/200[0m
[33m----------[0m
Adjusted learning rate to 0.00010
Train ...
Epoch: [105][ 0/60]	Loss 2.6464e-02 (2.6464e-02)
Epoch: [105][25/60]	Loss 2.5011e-02 (3.1383e-02)
Epoch: [105][50/60]	Loss 3.9378e-02 (3.3133e-02)
Evaluate ...
{'ACC': 0.7674, 'ARI': 0.6684542008008421, 'NMI': 0.7528394247793468, 'ACC Top-5': 0.9924, 'hungarian_match': [(0, 5), (1, 6), (2, 2), (3, 8), (4, 9), (5, 1), (6, 7), (7, 4), (8, 3), (9, 0)]}
Checkpoint ...
[33mEpoch 107/200[0m
[33m----------[0m
Adjusted learning rate to 0.00010
Train ...
Epoch: [106][ 0/60]	Loss 4.8772e-02 (4.8772e-02)
Epoch: [106][25/60]	Loss 3.9594e-02 (3.6160e-02)
Epoch: [106][50/60]	Loss 3.7425e-02 (3.5629e-02)
Evaluate ...
{'ACC': 0.7703, 'ARI': 0.6715728841077238, 'NMI': 0.7543889997771773, 'ACC Top-5': 0.9953, 'hungarian_match': [(0, 5), (1, 6), (2, 2), (3, 8), (4, 9), (5, 1), (6, 7), (7, 4), (8, 3), (9, 0)]}
Checkpoint ...
[33mEpoch 108/200[0m
[33m----------[0m
Adjusted learning rate to 0.00010
Train ...
Epoch: [107][ 0/60]	Loss 3.5283e-02 (3.5283e-02)
Epoch: [107][25/60]	Loss 3.8279e-02 (3.5531e-02)
Epoch: [107][50/60]	Loss 3.4051e-02 (3.4656e-02)
Evaluate ...
{'ACC': 0.7705, 'ARI': 0.6696783728603654, 'NMI': 0.7553969430989514, 'ACC Top-5': 0.9943, 'hungarian_match': [(0, 5), (1, 6), (2, 2), (3, 8), (4, 9), (5, 1), (6, 7), (7, 4), (8, 3), (9, 0)]}
Checkpoint ...
[33mEpoch 109/200[0m
[33m----------[0m
Adjusted learning rate to 0.00010
Train ...
Epoch: [108][ 0/60]	Loss 3.3935e-02 (3.3935e-02)
Epoch: [108][25/60]	Loss 3.6125e-02 (3.3728e-02)
Epoch: [108][50/60]	Loss 4.2442e-02 (3.5770e-02)
Evaluate ...
{'ACC': 0.7764, 'ARI': 0.6794664107949666, 'NMI': 0.7598475379466231, 'ACC Top-5': 0.9885, 'hungarian_match': [(0, 5), (1, 6), (2, 2), (3, 8), (4, 9), (5, 1), (6, 7), (7, 4), (8, 3), (9, 0)]}
Checkpoint ...
[33mEpoch 110/200[0m
[33m----------[0m
Adjusted learning rate to 0.00010
Train ...
Epoch: [109][ 0/60]	Loss 3.4470e-02 (3.4470e-02)
Epoch: [109][25/60]	Loss 3.8689e-02 (3.7398e-02)
Epoch: [109][50/60]	Loss 2.5476e-02 (3.4317e-02)
Evaluate ...
{'ACC': 0.7708, 'ARI': 0.6705300641549289, 'NMI': 0.7560203432386208, 'ACC Top-5': 0.9861, 'hungarian_match': [(0, 5), (1, 6), (2, 2), (3, 8), (4, 9), (5, 1), (6, 7), (7, 4), (8, 3), (9, 0)]}
Checkpoint ...
[33mEpoch 111/200[0m
[33m----------[0m
Adjusted learning rate to 0.00010
Train ...
Epoch: [110][ 0/60]	Loss 2.8895e-02 (2.8895e-02)
Epoch: [110][25/60]	Loss 3.7906e-02 (3.5536e-02)
Epoch: [110][50/60]	Loss 4.5318e-02 (3.5571e-02)
Evaluate ...
{'ACC': 0.7618, 'ARI': 0.6562374091779943, 'NMI': 0.7471238448868116, 'ACC Top-5': 0.9913, 'hungarian_match': [(0, 5), (1, 6), (2, 2), (3, 8), (4, 9), (5, 1), (6, 7), (7, 4), (8, 3), (9, 0)]}
Checkpoint ...
[33mEpoch 112/200[0m
[33m----------[0m
Adjusted learning rate to 0.00010
Train ...
Epoch: [111][ 0/60]	Loss 3.1448e-02 (3.1448e-02)
Epoch: [111][25/60]	Loss 3.3958e-02 (3.4452e-02)
Epoch: [111][50/60]	Loss 4.0832e-02 (3.5131e-02)
Evaluate ...
{'ACC': 0.7603, 'ARI': 0.6606015115265981, 'NMI': 0.747925704064754, 'ACC Top-5': 0.9782, 'hungarian_match': [(0, 5), (1, 6), (2, 2), (3, 8), (4, 9), (5, 1), (6, 7), (7, 4), (8, 3), (9, 0)]}
Checkpoint ...
[33mEpoch 113/200[0m
[33m----------[0m
Adjusted learning rate to 0.00010
Train ...
Epoch: [112][ 0/60]	Loss 3.6750e-02 (3.6750e-02)
Epoch: [112][25/60]	Loss 4.2719e-02 (3.3599e-02)
Epoch: [112][50/60]	Loss 2.5467e-02 (3.2503e-02)
Evaluate ...
{'ACC': 0.7647, 'ARI': 0.6643182413496683, 'NMI': 0.7520255761776076, 'ACC Top-5': 0.9797, 'hungarian_match': [(0, 5), (1, 6), (2, 2), (3, 8), (4, 9), (5, 1), (6, 7), (7, 4), (8, 3), (9, 0)]}
Checkpoint ...
[33mEpoch 114/200[0m
[33m----------[0m
Adjusted learning rate to 0.00010
Train ...
Epoch: [113][ 0/60]	Loss 3.4153e-02 (3.4153e-02)
Epoch: [113][25/60]	Loss 3.9790e-02 (3.5425e-02)
Epoch: [113][50/60]	Loss 3.4308e-02 (3.6365e-02)
Evaluate ...
{'ACC': 0.7707, 'ARI': 0.672126775297861, 'NMI': 0.7559875579238409, 'ACC Top-5': 0.9877, 'hungarian_match': [(0, 5), (1, 6), (2, 2), (3, 8), (4, 9), (5, 1), (6, 7), (7, 4), (8, 3), (9, 0)]}
Checkpoint ...
[33mEpoch 115/200[0m
[33m----------[0m
Adjusted learning rate to 0.00010
Train ...
Epoch: [114][ 0/60]	Loss 2.7295e-02 (2.7295e-02)
Epoch: [114][25/60]	Loss 4.3356e-02 (3.4802e-02)
Epoch: [114][50/60]	Loss 2.3205e-02 (3.6114e-02)
Evaluate ...
{'ACC': 0.7631, 'ARI': 0.6682323733886083, 'NMI': 0.752038370589191, 'ACC Top-5': 0.9836, 'hungarian_match': [(0, 5), (1, 6), (2, 2), (3, 8), (4, 9), (5, 1), (6, 7), (7, 4), (8, 3), (9, 0)]}
Checkpoint ...
[33mEpoch 116/200[0m
[33m----------[0m
Adjusted learning rate to 0.00010
Train ...
Epoch: [115][ 0/60]	Loss 3.6686e-02 (3.6686e-02)
Epoch: [115][25/60]	Loss 2.5233e-02 (3.3481e-02)
Epoch: [115][50/60]	Loss 3.9263e-02 (3.5154e-02)
Evaluate ...
{'ACC': 0.7618, 'ARI': 0.6621638705645555, 'NMI': 0.7501968502946311, 'ACC Top-5': 0.9819, 'hungarian_match': [(0, 5), (1, 6), (2, 2), (3, 8), (4, 9), (5, 1), (6, 7), (7, 4), (8, 3), (9, 0)]}
Checkpoint ...
[33mEpoch 117/200[0m
[33m----------[0m
Adjusted learning rate to 0.00010
Train ...
Epoch: [116][ 0/60]	Loss 5.0025e-02 (5.0025e-02)
Epoch: [116][25/60]	Loss 2.5770e-02 (3.5899e-02)
Epoch: [116][50/60]	Loss 4.3038e-02 (3.5699e-02)
Evaluate ...
{'ACC': 0.7592, 'ARI': 0.655761044807219, 'NMI': 0.7475882425339482, 'ACC Top-5': 0.9855, 'hungarian_match': [(0, 5), (1, 6), (2, 2), (3, 8), (4, 9), (5, 1), (6, 7), (7, 4), (8, 3), (9, 0)]}
Checkpoint ...
[33mEpoch 118/200[0m
[33m----------[0m
Adjusted learning rate to 0.00010
Train ...
Epoch: [117][ 0/60]	Loss 2.5510e-02 (2.5510e-02)
Epoch: [117][25/60]	Loss 4.6366e-02 (3.7479e-02)
Epoch: [117][50/60]	Loss 3.4289e-02 (3.6609e-02)
Evaluate ...
{'ACC': 0.764, 'ARI': 0.662064882907438, 'NMI': 0.7505263027405827, 'ACC Top-5': 0.9789, 'hungarian_match': [(0, 5), (1, 6), (2, 2), (3, 8), (4, 9), (5, 1), (6, 7), (7, 4), (8, 3), (9, 0)]}
Checkpoint ...
[33mEpoch 119/200[0m
[33m----------[0m
Adjusted learning rate to 0.00010
Train ...
Epoch: [118][ 0/60]	Loss 4.9962e-02 (4.9962e-02)
Epoch: [118][25/60]	Loss 3.1970e-02 (3.6192e-02)
Epoch: [118][50/60]	Loss 3.5177e-02 (3.5196e-02)
Evaluate ...
{'ACC': 0.7653, 'ARI': 0.663745701345393, 'NMI': 0.7494402472497802, 'ACC Top-5': 0.9812, 'hungarian_match': [(0, 5), (1, 6), (2, 2), (3, 8), (4, 9), (5, 1), (6, 7), (7, 4), (8, 3), (9, 0)]}
Checkpoint ...
[33mEpoch 120/200[0m
[33m----------[0m
Adjusted learning rate to 0.00010
Train ...
Epoch: [119][ 0/60]	Loss 6.3159e-02 (6.3159e-02)
Epoch: [119][25/60]	Loss 5.5160e-02 (3.7814e-02)
Epoch: [119][50/60]	Loss 2.1198e-02 (3.5418e-02)
Evaluate ...
{'ACC': 0.7661, 'ARI': 0.6668113542307215, 'NMI': 0.7532569200215471, 'ACC Top-5': 0.9866, 'hungarian_match': [(0, 5), (1, 6), (2, 2), (3, 8), (4, 9), (5, 1), (6, 7), (7, 4), (8, 3), (9, 0)]}
Checkpoint ...
[33mEpoch 121/200[0m
[33m----------[0m
Adjusted learning rate to 0.00010
Train ...
Epoch: [120][ 0/60]	Loss 3.0265e-02 (3.0265e-02)
Epoch: [120][25/60]	Loss 2.8862e-02 (3.1831e-02)
Epoch: [120][50/60]	Loss 3.2626e-02 (3.3731e-02)
Evaluate ...
{'ACC': 0.7727, 'ARI': 0.6748312885081705, 'NMI': 0.7560639767925327, 'ACC Top-5': 0.9926, 'hungarian_match': [(0, 5), (1, 6), (2, 2), (3, 8), (4, 9), (5, 1), (6, 7), (7, 4), (8, 3), (9, 0)]}
Checkpoint ...
[33mEpoch 122/200[0m
[33m----------[0m
Adjusted learning rate to 0.00010
Train ...
Epoch: [121][ 0/60]	Loss 3.4199e-02 (3.4199e-02)
Epoch: [121][25/60]	Loss 3.9310e-02 (3.9109e-02)
Epoch: [121][50/60]	Loss 2.5696e-02 (3.8089e-02)
Evaluate ...
{'ACC': 0.769, 'ARI': 0.6681952783855271, 'NMI': 0.7552311459937221, 'ACC Top-5': 0.9942, 'hungarian_match': [(0, 5), (1, 6), (2, 2), (3, 8), (4, 9), (5, 1), (6, 7), (7, 4), (8, 3), (9, 0)]}
Checkpoint ...
[33mEpoch 123/200[0m
[33m----------[0m
Adjusted learning rate to 0.00010
Train ...
Epoch: [122][ 0/60]	Loss 2.4381e-02 (2.4381e-02)
Epoch: [122][25/60]	Loss 3.3063e-02 (3.7902e-02)
Epoch: [122][50/60]	Loss 3.4034e-02 (3.6696e-02)
Evaluate ...
{'ACC': 0.7621, 'ARI': 0.6607816418857421, 'NMI': 0.7495783172731423, 'ACC Top-5': 0.9931, 'hungarian_match': [(0, 5), (1, 6), (2, 2), (3, 8), (4, 9), (5, 1), (6, 7), (7, 4), (8, 3), (9, 0)]}
Checkpoint ...
[33mEpoch 124/200[0m
[33m----------[0m
Adjusted learning rate to 0.00010
Train ...
Epoch: [123][ 0/60]	Loss 2.1924e-02 (2.1924e-02)
Epoch: [123][25/60]	Loss 3.0564e-02 (3.2068e-02)
Epoch: [123][50/60]	Loss 4.4614e-02 (3.3532e-02)
Evaluate ...
{'ACC': 0.7689, 'ARI': 0.6631962052747188, 'NMI': 0.7521168704023411, 'ACC Top-5': 0.9916, 'hungarian_match': [(0, 5), (1, 6), (2, 2), (3, 8), (4, 9), (5, 1), (6, 7), (7, 4), (8, 3), (9, 0)]}
Checkpoint ...
[33mEpoch 125/200[0m
[33m----------[0m
Adjusted learning rate to 0.00010
Train ...
Epoch: [124][ 0/60]	Loss 4.5116e-02 (4.5116e-02)
Epoch: [124][25/60]	Loss 3.0103e-02 (3.8450e-02)
Epoch: [124][50/60]	Loss 3.0247e-02 (4.0016e-02)
Evaluate ...
{'ACC': 0.7712, 'ARI': 0.6652462386631529, 'NMI': 0.7534252781569778, 'ACC Top-5': 0.9942, 'hungarian_match': [(0, 5), (1, 6), (2, 2), (3, 8), (4, 9), (5, 1), (6, 7), (7, 4), (8, 3), (9, 0)]}
Checkpoint ...
[33mEpoch 126/200[0m
[33m----------[0m
Adjusted learning rate to 0.00010
Train ...
Epoch: [125][ 0/60]	Loss 2.3800e-02 (2.3800e-02)
Epoch: [125][25/60]	Loss 3.6014e-02 (3.5829e-02)
Epoch: [125][50/60]	Loss 2.3675e-02 (3.4193e-02)
Evaluate ...
{'ACC': 0.7698, 'ARI': 0.6603569981633535, 'NMI': 0.7529767061522953, 'ACC Top-5': 0.9878, 'hungarian_match': [(0, 5), (1, 6), (2, 2), (3, 8), (4, 9), (5, 1), (6, 7), (7, 4), (8, 3), (9, 0)]}
Checkpoint ...
[33mEpoch 127/200[0m
[33m----------[0m
Adjusted learning rate to 0.00010
Train ...
Epoch: [126][ 0/60]	Loss 5.2048e-02 (5.2048e-02)
Epoch: [126][25/60]	Loss 2.3535e-02 (3.9983e-02)
Epoch: [126][50/60]	Loss 2.8535e-02 (4.0755e-02)
Evaluate ...
{'ACC': 0.7631, 'ARI': 0.6584135690897966, 'NMI': 0.7487864006975631, 'ACC Top-5': 0.976, 'hungarian_match': [(0, 5), (1, 2), (2, 6), (3, 8), (4, 9), (5, 1), (6, 7), (7, 4), (8, 3), (9, 0)]}
Checkpoint ...
[33mEpoch 128/200[0m
[33m----------[0m
Adjusted learning rate to 0.00010
Train ...
Epoch: [127][ 0/60]	Loss 4.9463e-02 (4.9463e-02)
Epoch: [127][25/60]	Loss 3.0901e-02 (3.5502e-02)
Epoch: [127][50/60]	Loss 4.1814e-02 (3.7022e-02)
Evaluate ...
{'ACC': 0.7639, 'ARI': 0.6566247869362422, 'NMI': 0.7494572582653283, 'ACC Top-5': 0.9914, 'hungarian_match': [(0, 5), (1, 6), (2, 2), (3, 8), (4, 9), (5, 1), (6, 7), (7, 4), (8, 3), (9, 0)]}
Checkpoint ...
[33mEpoch 129/200[0m
[33m----------[0m
Adjusted learning rate to 0.00010
Train ...
Epoch: [128][ 0/60]	Loss 3.1574e-02 (3.1574e-02)
Epoch: [128][25/60]	Loss 2.4302e-02 (3.7884e-02)
Epoch: [128][50/60]	Loss 3.4520e-02 (3.6396e-02)
Evaluate ...
{'ACC': 0.7647, 'ARI': 0.6552903090929015, 'NMI': 0.7502857543872264, 'ACC Top-5': 0.973, 'hungarian_match': [(0, 5), (1, 2), (2, 6), (3, 8), (4, 9), (5, 1), (6, 7), (7, 4), (8, 3), (9, 0)]}
Checkpoint ...
[33mEpoch 130/200[0m
[33m----------[0m
Adjusted learning rate to 0.00010
Train ...
Epoch: [129][ 0/60]	Loss 3.8136e-02 (3.8136e-02)
Epoch: [129][25/60]	Loss 2.8737e-02 (3.5449e-02)
Epoch: [129][50/60]	Loss 4.3137e-02 (3.6717e-02)
Evaluate ...
{'ACC': 0.7649, 'ARI': 0.65562810566154, 'NMI': 0.7491744264031888, 'ACC Top-5': 0.9764, 'hungarian_match': [(0, 5), (1, 2), (2, 6), (3, 8), (4, 9), (5, 1), (6, 7), (7, 4), (8, 3), (9, 0)]}
Checkpoint ...
[33mEpoch 131/200[0m
[33m----------[0m
Adjusted learning rate to 0.00010
Train ...
Epoch: [130][ 0/60]	Loss 4.4834e-02 (4.4834e-02)
Epoch: [130][25/60]	Loss 5.4703e-02 (3.6415e-02)
Epoch: [130][50/60]	Loss 2.5335e-02 (3.6080e-02)
Evaluate ...
{'ACC': 0.7624, 'ARI': 0.6480154316586509, 'NMI': 0.7450268950604744, 'ACC Top-5': 0.9748, 'hungarian_match': [(0, 5), (1, 2), (2, 6), (3, 8), (4, 9), (5, 1), (6, 7), (7, 4), (8, 3), (9, 0)]}
Checkpoint ...
[33mEpoch 132/200[0m
[33m----------[0m
Adjusted learning rate to 0.00010
Train ...
Epoch: [131][ 0/60]	Loss 4.4113e-02 (4.4113e-02)
Epoch: [131][25/60]	Loss 4.4459e-02 (3.7910e-02)
Epoch: [131][50/60]	Loss 3.5951e-02 (3.8453e-02)
Evaluate ...
{'ACC': 0.7609, 'ARI': 0.6487586655744014, 'NMI': 0.7454349202534224, 'ACC Top-5': 0.9693, 'hungarian_match': [(0, 5), (1, 2), (2, 6), (3, 8), (4, 9), (5, 1), (6, 7), (7, 4), (8, 3), (9, 0)]}
Checkpoint ...
[33mEpoch 133/200[0m
[33m----------[0m
Adjusted learning rate to 0.00010
Train ...
Epoch: [132][ 0/60]	Loss 3.9616e-02 (3.9616e-02)
Epoch: [132][25/60]	Loss 4.6175e-02 (3.6753e-02)
Epoch: [132][50/60]	Loss 3.0300e-02 (3.5862e-02)
Evaluate ...
{'ACC': 0.7661, 'ARI': 0.6579934915353066, 'NMI': 0.749568149648417, 'ACC Top-5': 0.9699, 'hungarian_match': [(0, 5), (1, 2), (2, 6), (3, 8), (4, 9), (5, 1), (6, 7), (7, 4), (8, 3), (9, 0)]}
Checkpoint ...
[33mEpoch 134/200[0m
[33m----------[0m
Adjusted learning rate to 0.00010
Train ...
Epoch: [133][ 0/60]	Loss 2.1358e-02 (2.1358e-02)
Epoch: [133][25/60]	Loss 1.9091e-02 (3.3906e-02)
Epoch: [133][50/60]	Loss 4.5839e-02 (3.4483e-02)
Evaluate ...
{'ACC': 0.7655, 'ARI': 0.658820187866836, 'NMI': 0.7512403608971381, 'ACC Top-5': 0.9721, 'hungarian_match': [(0, 5), (1, 2), (2, 6), (3, 8), (4, 9), (5, 1), (6, 7), (7, 4), (8, 3), (9, 0)]}
Checkpoint ...
[33mEpoch 135/200[0m
[33m----------[0m
Adjusted learning rate to 0.00010
Train ...
Epoch: [134][ 0/60]	Loss 3.7554e-02 (3.7554e-02)
Epoch: [134][25/60]	Loss 2.6322e-02 (3.2736e-02)
Epoch: [134][50/60]	Loss 4.0415e-02 (3.5398e-02)
Evaluate ...
{'ACC': 0.7651, 'ARI': 0.6540281496182422, 'NMI': 0.747560499408174, 'ACC Top-5': 0.9716, 'hungarian_match': [(0, 5), (1, 2), (2, 6), (3, 8), (4, 9), (5, 1), (6, 7), (7, 4), (8, 3), (9, 0)]}
Checkpoint ...
[33mEpoch 136/200[0m
[33m----------[0m
Adjusted learning rate to 0.00010
Train ...
Epoch: [135][ 0/60]	Loss 4.4764e-02 (4.4764e-02)
Epoch: [135][25/60]	Loss 2.5063e-02 (3.9236e-02)
Epoch: [135][50/60]	Loss 2.4277e-02 (3.7644e-02)
Evaluate ...
{'ACC': 0.7753, 'ARI': 0.6628846193796223, 'NMI': 0.7516081953914608, 'ACC Top-5': 0.9657, 'hungarian_match': [(0, 5), (1, 2), (2, 6), (3, 8), (4, 9), (5, 1), (6, 7), (7, 4), (8, 3), (9, 0)]}
Checkpoint ...
[33mEpoch 137/200[0m
[33m----------[0m
Adjusted learning rate to 0.00010
Train ...
Epoch: [136][ 0/60]	Loss 5.7658e-02 (5.7658e-02)
Epoch: [136][25/60]	Loss 2.6498e-02 (3.6627e-02)
Epoch: [136][50/60]	Loss 2.2283e-02 (3.5705e-02)
Evaluate ...
{'ACC': 0.7696, 'ARI': 0.6581627545267539, 'NMI': 0.750769573750344, 'ACC Top-5': 0.9716, 'hungarian_match': [(0, 5), (1, 2), (2, 6), (3, 8), (4, 9), (5, 1), (6, 7), (7, 4), (8, 3), (9, 0)]}
Checkpoint ...
[33mEpoch 138/200[0m
[33m----------[0m
Adjusted learning rate to 0.00010
Train ...
Epoch: [137][ 0/60]	Loss 3.6914e-02 (3.6914e-02)
Epoch: [137][25/60]	Loss 5.6874e-02 (3.7166e-02)
Epoch: [137][50/60]	Loss 6.0900e-02 (3.8913e-02)
Evaluate ...
{'ACC': 0.7767, 'ARI': 0.6639981341819828, 'NMI': 0.7548502569445155, 'ACC Top-5': 0.9731, 'hungarian_match': [(0, 5), (1, 2), (2, 6), (3, 8), (4, 9), (5, 1), (6, 7), (7, 4), (8, 3), (9, 0)]}
Checkpoint ...
[33mEpoch 139/200[0m
[33m----------[0m
Adjusted learning rate to 0.00010
Train ...
Epoch: [138][ 0/60]	Loss 6.3386e-02 (6.3386e-02)
Epoch: [138][25/60]	Loss 5.0329e-02 (3.3404e-02)
Epoch: [138][50/60]	Loss 3.7964e-02 (3.4790e-02)
Evaluate ...
{'ACC': 0.7731, 'ARI': 0.6608082310149658, 'NMI': 0.7525338446497862, 'ACC Top-5': 0.9688, 'hungarian_match': [(0, 5), (1, 2), (2, 6), (3, 8), (4, 9), (5, 1), (6, 7), (7, 4), (8, 3), (9, 0)]}
Checkpoint ...
[33mEpoch 140/200[0m
[33m----------[0m
Adjusted learning rate to 0.00010
Train ...
Epoch: [139][ 0/60]	Loss 3.4462e-02 (3.4462e-02)
Epoch: [139][25/60]	Loss 5.8769e-02 (3.7974e-02)
Epoch: [139][50/60]	Loss 2.5413e-02 (3.7413e-02)
Evaluate ...
{'ACC': 0.7751, 'ARI': 0.6643753518359573, 'NMI': 0.7535220344451293, 'ACC Top-5': 0.9663, 'hungarian_match': [(0, 5), (1, 2), (2, 6), (3, 8), (4, 9), (5, 1), (6, 7), (7, 4), (8, 3), (9, 0)]}
Checkpoint ...
[33mEpoch 141/200[0m
[33m----------[0m
Adjusted learning rate to 0.00010
Train ...
Epoch: [140][ 0/60]	Loss 3.3363e-02 (3.3363e-02)
Epoch: [140][25/60]	Loss 3.0093e-02 (3.6208e-02)
Epoch: [140][50/60]	Loss 2.5295e-02 (3.4510e-02)
Evaluate ...
{'ACC': 0.7698, 'ARI': 0.6618121093444543, 'NMI': 0.7520655629402242, 'ACC Top-5': 0.9757, 'hungarian_match': [(0, 5), (1, 2), (2, 6), (3, 8), (4, 9), (5, 1), (6, 7), (7, 4), (8, 3), (9, 0)]}
Checkpoint ...
[33mEpoch 142/200[0m
[33m----------[0m
Adjusted learning rate to 0.00010
Train ...
Epoch: [141][ 0/60]	Loss 3.7595e-02 (3.7595e-02)
Epoch: [141][25/60]	Loss 3.8348e-02 (3.8602e-02)
Epoch: [141][50/60]	Loss 4.5759e-02 (3.8499e-02)
Evaluate ...
{'ACC': 0.773, 'ARI': 0.6602770065582511, 'NMI': 0.7526592089746664, 'ACC Top-5': 0.9726, 'hungarian_match': [(0, 5), (1, 2), (2, 6), (3, 8), (4, 9), (5, 1), (6, 7), (7, 4), (8, 3), (9, 0)]}
Checkpoint ...
[33mEpoch 143/200[0m
[33m----------[0m
Adjusted learning rate to 0.00010
Train ...
Epoch: [142][ 0/60]	Loss 4.6555e-02 (4.6555e-02)
Epoch: [142][25/60]	Loss 4.1000e-02 (3.9012e-02)
Epoch: [142][50/60]	Loss 4.3167e-02 (4.0372e-02)
Evaluate ...
{'ACC': 0.777, 'ARI': 0.6696799615129241, 'NMI': 0.7562864766212601, 'ACC Top-5': 0.9752, 'hungarian_match': [(0, 5), (1, 2), (2, 6), (3, 8), (4, 9), (5, 1), (6, 7), (7, 4), (8, 3), (9, 0)]}
Checkpoint ...
[33mEpoch 144/200[0m
[33m----------[0m
Adjusted learning rate to 0.00010
Train ...
Epoch: [143][ 0/60]	Loss 4.1222e-02 (4.1222e-02)
Epoch: [143][25/60]	Loss 4.9806e-02 (3.5959e-02)
Epoch: [143][50/60]	Loss 3.4367e-02 (3.6646e-02)
Evaluate ...
{'ACC': 0.7726, 'ARI': 0.6638874344596228, 'NMI': 0.75387825823799, 'ACC Top-5': 0.9759, 'hungarian_match': [(0, 5), (1, 2), (2, 6), (3, 8), (4, 9), (5, 1), (6, 7), (7, 4), (8, 3), (9, 0)]}
Checkpoint ...
[33mEpoch 145/200[0m
[33m----------[0m
Adjusted learning rate to 0.00010
Train ...
Epoch: [144][ 0/60]	Loss 5.5719e-02 (5.5719e-02)
Epoch: [144][25/60]	Loss 4.8824e-02 (3.9987e-02)
Epoch: [144][50/60]	Loss 4.4449e-02 (3.6942e-02)
Evaluate ...
{'ACC': 0.7758, 'ARI': 0.6656733864955208, 'NMI': 0.7547789950612769, 'ACC Top-5': 0.9715, 'hungarian_match': [(0, 5), (1, 2), (2, 6), (3, 8), (4, 9), (5, 1), (6, 7), (7, 4), (8, 3), (9, 0)]}
Checkpoint ...
[33mEpoch 146/200[0m
[33m----------[0m
Adjusted learning rate to 0.00010
Train ...
Epoch: [145][ 0/60]	Loss 2.7114e-02 (2.7114e-02)
Epoch: [145][25/60]	Loss 3.7808e-02 (3.5008e-02)
Epoch: [145][50/60]	Loss 3.8353e-02 (3.6219e-02)
Evaluate ...
{'ACC': 0.7787, 'ARI': 0.668169296062906, 'NMI': 0.7544983111239567, 'ACC Top-5': 0.9736, 'hungarian_match': [(0, 5), (1, 2), (2, 6), (3, 8), (4, 9), (5, 1), (6, 7), (7, 4), (8, 3), (9, 0)]}
Checkpoint ...
[33mEpoch 147/200[0m
[33m----------[0m
Adjusted learning rate to 0.00010
Train ...
Epoch: [146][ 0/60]	Loss 3.1672e-02 (3.1672e-02)
Epoch: [146][25/60]	Loss 2.9148e-02 (3.5427e-02)
Epoch: [146][50/60]	Loss 2.6182e-02 (3.7476e-02)
Evaluate ...
{'ACC': 0.779, 'ARI': 0.6649833712422354, 'NMI': 0.7543278343236035, 'ACC Top-5': 0.9712, 'hungarian_match': [(0, 5), (1, 2), (2, 6), (3, 8), (4, 9), (5, 1), (6, 7), (7, 4), (8, 3), (9, 0)]}
Checkpoint ...
[33mEpoch 148/200[0m
[33m----------[0m
Adjusted learning rate to 0.00010
Train ...
Epoch: [147][ 0/60]	Loss 4.0919e-02 (4.0919e-02)
Epoch: [147][25/60]	Loss 2.8681e-02 (3.7939e-02)
Epoch: [147][50/60]	Loss 4.3074e-02 (3.7589e-02)
Evaluate ...
{'ACC': 0.7833, 'ARI': 0.6766195159204733, 'NMI': 0.7605333402572293, 'ACC Top-5': 0.9757, 'hungarian_match': [(0, 5), (1, 2), (2, 6), (3, 8), (4, 9), (5, 1), (6, 7), (7, 4), (8, 3), (9, 0)]}
Checkpoint ...
[33mEpoch 149/200[0m
[33m----------[0m
Adjusted learning rate to 0.00010
Train ...
Epoch: [148][ 0/60]	Loss 2.3397e-02 (2.3397e-02)
Epoch: [148][25/60]	Loss 1.8709e-02 (3.4474e-02)
Epoch: [148][50/60]	Loss 2.5706e-02 (3.6055e-02)
Evaluate ...
{'ACC': 0.7771, 'ARI': 0.6659154984437464, 'NMI': 0.7556183099087671, 'ACC Top-5': 0.9711, 'hungarian_match': [(0, 5), (1, 2), (2, 6), (3, 8), (4, 9), (5, 1), (6, 7), (7, 4), (8, 3), (9, 0)]}
Checkpoint ...
[33mEpoch 150/200[0m
[33m----------[0m
Adjusted learning rate to 0.00010
Train ...
Epoch: [149][ 0/60]	Loss 2.6816e-02 (2.6816e-02)
Epoch: [149][25/60]	Loss 4.2864e-02 (3.9122e-02)
Epoch: [149][50/60]	Loss 3.6561e-02 (3.8338e-02)
Evaluate ...
{'ACC': 0.7786, 'ARI': 0.6667735880645272, 'NMI': 0.7568719693204126, 'ACC Top-5': 0.9732, 'hungarian_match': [(0, 5), (1, 2), (2, 6), (3, 8), (4, 9), (5, 1), (6, 7), (7, 4), (8, 3), (9, 0)]}
Checkpoint ...
[33mEpoch 151/200[0m
[33m----------[0m
Adjusted learning rate to 0.00010
Train ...
Epoch: [150][ 0/60]	Loss 2.4883e-02 (2.4883e-02)
Epoch: [150][25/60]	Loss 3.4942e-02 (3.7614e-02)
Epoch: [150][50/60]	Loss 3.1269e-02 (3.6759e-02)
Evaluate ...
{'ACC': 0.7678, 'ARI': 0.6627978155667725, 'NMI': 0.7514291249650241, 'ACC Top-5': 0.9722, 'hungarian_match': [(0, 5), (1, 2), (2, 6), (3, 8), (4, 9), (5, 1), (6, 7), (7, 4), (8, 3), (9, 0)]}
Checkpoint ...
[33mEpoch 152/200[0m
[33m----------[0m
Adjusted learning rate to 0.00010
Train ...
Epoch: [151][ 0/60]	Loss 3.9355e-02 (3.9355e-02)
Epoch: [151][25/60]	Loss 4.7129e-02 (3.7265e-02)
Epoch: [151][50/60]	Loss 1.9908e-02 (3.8276e-02)
Evaluate ...
{'ACC': 0.7768, 'ARI': 0.6699703098278579, 'NMI': 0.7558501149642268, 'ACC Top-5': 0.9719, 'hungarian_match': [(0, 5), (1, 2), (2, 6), (3, 8), (4, 9), (5, 1), (6, 7), (7, 4), (8, 3), (9, 0)]}
Checkpoint ...
[33mEpoch 153/200[0m
[33m----------[0m
Adjusted learning rate to 0.00010
Train ...
Epoch: [152][ 0/60]	Loss 2.8811e-02 (2.8811e-02)
Epoch: [152][25/60]	Loss 3.6510e-02 (3.8200e-02)
Epoch: [152][50/60]	Loss 3.0988e-02 (3.7704e-02)
Evaluate ...
{'ACC': 0.7706, 'ARI': 0.6600435012852878, 'NMI': 0.747217321788771, 'ACC Top-5': 0.9718, 'hungarian_match': [(0, 5), (1, 2), (2, 6), (3, 8), (4, 9), (5, 1), (6, 7), (7, 4), (8, 3), (9, 0)]}
Checkpoint ...
[33mEpoch 154/200[0m
[33m----------[0m
Adjusted learning rate to 0.00010
Train ...
Epoch: [153][ 0/60]	Loss 4.5078e-02 (4.5078e-02)
Epoch: [153][25/60]	Loss 6.1726e-02 (4.3076e-02)
Epoch: [153][50/60]	Loss 2.9933e-02 (3.8606e-02)
Evaluate ...
{'ACC': 0.7753, 'ARI': 0.6676399909245794, 'NMI': 0.7556022732808685, 'ACC Top-5': 0.9742, 'hungarian_match': [(0, 5), (1, 2), (2, 6), (3, 8), (4, 9), (5, 1), (6, 7), (7, 4), (8, 3), (9, 0)]}
Checkpoint ...
[33mEpoch 155/200[0m
[33m----------[0m
Adjusted learning rate to 0.00010
Train ...
Epoch: [154][ 0/60]	Loss 4.9902e-02 (4.9902e-02)
Epoch: [154][25/60]	Loss 3.3668e-02 (3.5560e-02)
Epoch: [154][50/60]	Loss 5.0107e-02 (4.0581e-02)
Evaluate ...
{'ACC': 0.7685, 'ARI': 0.6678838301597811, 'NMI': 0.7543618510393829, 'ACC Top-5': 0.9713, 'hungarian_match': [(0, 5), (1, 2), (2, 6), (3, 8), (4, 9), (5, 1), (6, 7), (7, 4), (8, 3), (9, 0)]}
Checkpoint ...
[33mEpoch 156/200[0m
[33m----------[0m
Adjusted learning rate to 0.00010
Train ...
Epoch: [155][ 0/60]	Loss 4.4122e-02 (4.4122e-02)
Epoch: [155][25/60]	Loss 3.1079e-02 (3.5066e-02)
Epoch: [155][50/60]	Loss 3.6502e-02 (3.6018e-02)
Evaluate ...
{'ACC': 0.7664, 'ARI': 0.6549313998835018, 'NMI': 0.7455738047536918, 'ACC Top-5': 0.9768, 'hungarian_match': [(0, 5), (1, 2), (2, 6), (3, 8), (4, 9), (5, 1), (6, 7), (7, 4), (8, 3), (9, 0)]}
Checkpoint ...
[33mEpoch 157/200[0m
[33m----------[0m
Adjusted learning rate to 0.00010
Train ...
Epoch: [156][ 0/60]	Loss 3.7487e-02 (3.7487e-02)
Epoch: [156][25/60]	Loss 3.2727e-02 (3.8080e-02)
Epoch: [156][50/60]	Loss 4.1535e-02 (3.7540e-02)
Evaluate ...
{'ACC': 0.7703, 'ARI': 0.6593568167770145, 'NMI': 0.7514149616277916, 'ACC Top-5': 0.9774, 'hungarian_match': [(0, 5), (1, 2), (2, 6), (3, 8), (4, 9), (5, 1), (6, 7), (7, 4), (8, 3), (9, 0)]}
Checkpoint ...
[33mEpoch 158/200[0m
[33m----------[0m
Adjusted learning rate to 0.00010
Train ...
Epoch: [157][ 0/60]	Loss 3.6712e-02 (3.6712e-02)
Epoch: [157][25/60]	Loss 5.3857e-02 (3.7273e-02)
Epoch: [157][50/60]	Loss 5.0052e-02 (3.6703e-02)
Evaluate ...
{'ACC': 0.7706, 'ARI': 0.6630699952094739, 'NMI': 0.7522222162686985, 'ACC Top-5': 0.9761, 'hungarian_match': [(0, 5), (1, 2), (2, 6), (3, 8), (4, 9), (5, 1), (6, 7), (7, 4), (8, 3), (9, 0)]}
Checkpoint ...
[33mEpoch 159/200[0m
[33m----------[0m
Adjusted learning rate to 0.00010
Train ...
Epoch: [158][ 0/60]	Loss 3.3195e-02 (3.3195e-02)
Epoch: [158][25/60]	Loss 6.3620e-02 (3.8641e-02)
Epoch: [158][50/60]	Loss 5.8344e-02 (3.7034e-02)
Evaluate ...
{'ACC': 0.7655, 'ARI': 0.654024217323101, 'NMI': 0.7475532054291881, 'ACC Top-5': 0.9734, 'hungarian_match': [(0, 5), (1, 2), (2, 6), (3, 8), (4, 9), (5, 1), (6, 7), (7, 4), (8, 3), (9, 0)]}
Checkpoint ...
[33mEpoch 160/200[0m
[33m----------[0m
Adjusted learning rate to 0.00010
Train ...
Epoch: [159][ 0/60]	Loss 3.7074e-02 (3.7074e-02)
Epoch: [159][25/60]	Loss 2.3639e-02 (3.2480e-02)
Epoch: [159][50/60]	Loss 2.1677e-02 (3.6900e-02)
Evaluate ...
{'ACC': 0.7684, 'ARI': 0.6616950272556686, 'NMI': 0.7507978902194593, 'ACC Top-5': 0.9771, 'hungarian_match': [(0, 5), (1, 2), (2, 6), (3, 8), (4, 9), (5, 1), (6, 7), (7, 4), (8, 3), (9, 0)]}
Checkpoint ...
[33mEpoch 161/200[0m
[33m----------[0m
Adjusted learning rate to 0.00010
Train ...
Epoch: [160][ 0/60]	Loss 2.6444e-02 (2.6444e-02)
Epoch: [160][25/60]	Loss 3.7156e-02 (3.7933e-02)
Epoch: [160][50/60]	Loss 3.3175e-02 (3.8916e-02)
Evaluate ...
{'ACC': 0.7724, 'ARI': 0.663090463585797, 'NMI': 0.7522382212954987, 'ACC Top-5': 0.9762, 'hungarian_match': [(0, 5), (1, 2), (2, 6), (3, 8), (4, 9), (5, 1), (6, 7), (7, 4), (8, 3), (9, 0)]}
Checkpoint ...
[33mEpoch 162/200[0m
[33m----------[0m
Adjusted learning rate to 0.00010
Train ...
Epoch: [161][ 0/60]	Loss 4.7286e-02 (4.7286e-02)
Epoch: [161][25/60]	Loss 3.3434e-02 (3.4610e-02)
Epoch: [161][50/60]	Loss 3.1104e-02 (3.5725e-02)
Evaluate ...
{'ACC': 0.7746, 'ARI': 0.6560159470369724, 'NMI': 0.7497097055560824, 'ACC Top-5': 0.98, 'hungarian_match': [(0, 5), (1, 2), (2, 6), (3, 8), (4, 9), (5, 1), (6, 7), (7, 4), (8, 3), (9, 0)]}
Checkpoint ...
[33mEpoch 163/200[0m
[33m----------[0m
Adjusted learning rate to 0.00010
Train ...
Epoch: [162][ 0/60]	Loss 3.7411e-02 (3.7411e-02)
Epoch: [162][25/60]	Loss 3.6426e-02 (3.8500e-02)
Epoch: [162][50/60]	Loss 2.4830e-02 (3.6185e-02)
Evaluate ...
{'ACC': 0.7692, 'ARI': 0.6561678780324937, 'NMI': 0.7478843611644636, 'ACC Top-5': 0.9744, 'hungarian_match': [(0, 5), (1, 2), (2, 6), (3, 8), (4, 9), (5, 1), (6, 7), (7, 4), (8, 3), (9, 0)]}
Checkpoint ...
[33mEpoch 164/200[0m
[33m----------[0m
Adjusted learning rate to 0.00010
Train ...
Epoch: [163][ 0/60]	Loss 3.5585e-02 (3.5585e-02)
Epoch: [163][25/60]	Loss 3.2930e-02 (3.1995e-02)
Epoch: [163][50/60]	Loss 3.8101e-02 (3.3491e-02)
Evaluate ...
{'ACC': 0.7799, 'ARI': 0.6641255898879915, 'NMI': 0.7546535238003835, 'ACC Top-5': 0.9715, 'hungarian_match': [(0, 5), (1, 2), (2, 6), (3, 8), (4, 9), (5, 1), (6, 7), (7, 4), (8, 3), (9, 0)]}
Checkpoint ...
[33mEpoch 165/200[0m
[33m----------[0m
Adjusted learning rate to 0.00010
Train ...
Epoch: [164][ 0/60]	Loss 2.2252e-02 (2.2252e-02)
Epoch: [164][25/60]	Loss 4.0760e-02 (3.5013e-02)
Epoch: [164][50/60]	Loss 2.9061e-02 (3.6126e-02)
Evaluate ...
{'ACC': 0.7709, 'ARI': 0.6591305167426864, 'NMI': 0.748644890210811, 'ACC Top-5': 0.9732, 'hungarian_match': [(0, 5), (1, 2), (2, 6), (3, 8), (4, 9), (5, 1), (6, 7), (7, 4), (8, 3), (9, 0)]}
Checkpoint ...
[33mEpoch 166/200[0m
[33m----------[0m
Adjusted learning rate to 0.00010
Train ...
Epoch: [165][ 0/60]	Loss 3.8738e-02 (3.8738e-02)
Epoch: [165][25/60]	Loss 3.9676e-02 (3.4642e-02)
Epoch: [165][50/60]	Loss 3.1978e-02 (3.6092e-02)
Evaluate ...
{'ACC': 0.7696, 'ARI': 0.6535142385752963, 'NMI': 0.745551071504231, 'ACC Top-5': 0.9767, 'hungarian_match': [(0, 5), (1, 2), (2, 6), (3, 8), (4, 9), (5, 1), (6, 7), (7, 4), (8, 3), (9, 0)]}
Checkpoint ...
[33mEpoch 167/200[0m
[33m----------[0m
Adjusted learning rate to 0.00010
Train ...
Epoch: [166][ 0/60]	Loss 3.4427e-02 (3.4427e-02)
Epoch: [166][25/60]	Loss 1.3109e-02 (3.6767e-02)
Epoch: [166][50/60]	Loss 3.6804e-02 (3.7014e-02)
Evaluate ...
{'ACC': 0.774, 'ARI': 0.6604088220856055, 'NMI': 0.7503447478399284, 'ACC Top-5': 0.9714, 'hungarian_match': [(0, 5), (1, 2), (2, 6), (3, 8), (4, 9), (5, 1), (6, 7), (7, 4), (8, 3), (9, 0)]}
Checkpoint ...
[33mEpoch 168/200[0m
[33m----------[0m
Adjusted learning rate to 0.00010
Train ...
Epoch: [167][ 0/60]	Loss 2.1281e-02 (2.1281e-02)
Epoch: [167][25/60]	Loss 4.6621e-02 (3.6667e-02)
Epoch: [167][50/60]	Loss 4.3404e-02 (3.4881e-02)
Evaluate ...
{'ACC': 0.7758, 'ARI': 0.6639730887821983, 'NMI': 0.7529801125612987, 'ACC Top-5': 0.9765, 'hungarian_match': [(0, 5), (1, 2), (2, 6), (3, 8), (4, 9), (5, 1), (6, 7), (7, 4), (8, 3), (9, 0)]}
Checkpoint ...
[33mEpoch 169/200[0m
[33m----------[0m
Adjusted learning rate to 0.00010
Train ...
Epoch: [168][ 0/60]	Loss 3.2097e-02 (3.2097e-02)
Epoch: [168][25/60]	Loss 2.5733e-02 (4.0259e-02)
Epoch: [168][50/60]	Loss 2.1561e-02 (3.9049e-02)
Evaluate ...
{'ACC': 0.7796, 'ARI': 0.665785383484899, 'NMI': 0.7523724557108908, 'ACC Top-5': 0.9744, 'hungarian_match': [(0, 5), (1, 2), (2, 6), (3, 8), (4, 9), (5, 1), (6, 7), (7, 4), (8, 3), (9, 0)]}
Checkpoint ...
[33mEpoch 170/200[0m
[33m----------[0m
Adjusted learning rate to 0.00010
Train ...
Epoch: [169][ 0/60]	Loss 3.2467e-02 (3.2467e-02)
Epoch: [169][25/60]	Loss 3.0651e-02 (3.2009e-02)
Epoch: [169][50/60]	Loss 2.1628e-02 (3.4616e-02)
Evaluate ...
{'ACC': 0.7713, 'ARI': 0.6577203936351184, 'NMI': 0.7478545956177358, 'ACC Top-5': 0.9696, 'hungarian_match': [(0, 5), (1, 2), (2, 6), (3, 8), (4, 9), (5, 1), (6, 7), (7, 4), (8, 3), (9, 0)]}
Checkpoint ...
[33mEpoch 171/200[0m
[33m----------[0m
Adjusted learning rate to 0.00010
Train ...
Epoch: [170][ 0/60]	Loss 4.9900e-02 (4.9900e-02)
Epoch: [170][25/60]	Loss 4.1934e-02 (3.6018e-02)
Epoch: [170][50/60]	Loss 3.2652e-02 (3.6111e-02)
Evaluate ...
{'ACC': 0.7709, 'ARI': 0.6620494361856645, 'NMI': 0.750678723962185, 'ACC Top-5': 0.9744, 'hungarian_match': [(0, 5), (1, 2), (2, 6), (3, 8), (4, 9), (5, 1), (6, 7), (7, 4), (8, 3), (9, 0)]}
Checkpoint ...
[33mEpoch 172/200[0m
[33m----------[0m
Adjusted learning rate to 0.00010
Train ...
Epoch: [171][ 0/60]	Loss 3.2341e-02 (3.2341e-02)
Epoch: [171][25/60]	Loss 4.4579e-02 (3.9018e-02)
Epoch: [171][50/60]	Loss 2.5732e-02 (3.7353e-02)
Evaluate ...
{'ACC': 0.7837, 'ARI': 0.6721777609023097, 'NMI': 0.7548027213154104, 'ACC Top-5': 0.977, 'hungarian_match': [(0, 5), (1, 2), (2, 6), (3, 8), (4, 9), (5, 1), (6, 7), (7, 4), (8, 3), (9, 0)]}
Checkpoint ...
[33mEpoch 173/200[0m
[33m----------[0m
Adjusted learning rate to 0.00010
Train ...
Epoch: [172][ 0/60]	Loss 2.7914e-02 (2.7914e-02)
Epoch: [172][25/60]	Loss 3.8878e-02 (3.7525e-02)
Epoch: [172][50/60]	Loss 2.9814e-02 (3.7572e-02)
Evaluate ...
{'ACC': 0.792, 'ARI': 0.6773710919373899, 'NMI': 0.7570136778211866, 'ACC Top-5': 0.9736, 'hungarian_match': [(0, 5), (1, 2), (2, 6), (3, 8), (4, 9), (5, 1), (6, 7), (7, 4), (8, 3), (9, 0)]}
Checkpoint ...
[33mEpoch 174/200[0m
[33m----------[0m
Adjusted learning rate to 0.00010
Train ...
Epoch: [173][ 0/60]	Loss 2.7998e-02 (2.7998e-02)
Epoch: [173][25/60]	Loss 3.6953e-02 (3.7580e-02)
Epoch: [173][50/60]	Loss 3.9773e-02 (3.7914e-02)
Evaluate ...
{'ACC': 0.7839, 'ARI': 0.6688370628861047, 'NMI': 0.7554080044661945, 'ACC Top-5': 0.9791, 'hungarian_match': [(0, 5), (1, 2), (2, 6), (3, 8), (4, 9), (5, 1), (6, 7), (7, 4), (8, 3), (9, 0)]}
Checkpoint ...
[33mEpoch 175/200[0m
[33m----------[0m
Adjusted learning rate to 0.00010
Train ...
Epoch: [174][ 0/60]	Loss 6.0129e-02 (6.0129e-02)
Epoch: [174][25/60]	Loss 4.4123e-02 (4.1149e-02)
Epoch: [174][50/60]	Loss 4.6269e-02 (3.9862e-02)
Evaluate ...
{'ACC': 0.7864, 'ARI': 0.6741251181677378, 'NMI': 0.7558290998899262, 'ACC Top-5': 0.9801, 'hungarian_match': [(0, 5), (1, 2), (2, 6), (3, 8), (4, 9), (5, 1), (6, 7), (7, 4), (8, 3), (9, 0)]}
Checkpoint ...
[33mEpoch 176/200[0m
[33m----------[0m
Adjusted learning rate to 0.00010
Train ...
Epoch: [175][ 0/60]	Loss 6.4434e-02 (6.4434e-02)
Epoch: [175][25/60]	Loss 4.0619e-02 (3.8669e-02)
Epoch: [175][50/60]	Loss 4.0926e-02 (3.9793e-02)
Evaluate ...
{'ACC': 0.7866, 'ARI': 0.6724767269554882, 'NMI': 0.7556984208054933, 'ACC Top-5': 0.978, 'hungarian_match': [(0, 5), (1, 2), (2, 6), (3, 8), (4, 9), (5, 1), (6, 7), (7, 4), (8, 3), (9, 0)]}
Checkpoint ...
[33mEpoch 177/200[0m
[33m----------[0m
Adjusted learning rate to 0.00010
Train ...
Epoch: [176][ 0/60]	Loss 3.7727e-02 (3.7727e-02)
Epoch: [176][25/60]	Loss 3.5567e-02 (3.7381e-02)
Epoch: [176][50/60]	Loss 3.8036e-02 (3.8039e-02)
Evaluate ...
{'ACC': 0.7847, 'ARI': 0.674978350928206, 'NMI': 0.7574186005304078, 'ACC Top-5': 0.9746, 'hungarian_match': [(0, 5), (1, 2), (2, 6), (3, 8), (4, 9), (5, 1), (6, 7), (7, 4), (8, 3), (9, 0)]}
Checkpoint ...
[33mEpoch 178/200[0m
[33m----------[0m
Adjusted learning rate to 0.00010
Train ...
Epoch: [177][ 0/60]	Loss 3.9724e-02 (3.9724e-02)
Epoch: [177][25/60]	Loss 3.1919e-02 (3.8953e-02)
Epoch: [177][50/60]	Loss 3.3408e-02 (3.9160e-02)
Evaluate ...
{'ACC': 0.7764, 'ARI': 0.6631135499664065, 'NMI': 0.752981123342575, 'ACC Top-5': 0.9745, 'hungarian_match': [(0, 5), (1, 2), (2, 6), (3, 8), (4, 9), (5, 1), (6, 7), (7, 4), (8, 3), (9, 0)]}
Checkpoint ...
[33mEpoch 179/200[0m
[33m----------[0m
Adjusted learning rate to 0.00010
Train ...
Epoch: [178][ 0/60]	Loss 3.8046e-02 (3.8046e-02)
Epoch: [178][25/60]	Loss 2.4558e-02 (3.6975e-02)
Epoch: [178][50/60]	Loss 4.7837e-02 (3.7771e-02)
Evaluate ...
{'ACC': 0.7815, 'ARI': 0.6696734567245637, 'NMI': 0.7538667532134367, 'ACC Top-5': 0.9759, 'hungarian_match': [(0, 5), (1, 2), (2, 6), (3, 8), (4, 9), (5, 1), (6, 7), (7, 4), (8, 3), (9, 0)]}
Checkpoint ...
[33mEpoch 180/200[0m
[33m----------[0m
Adjusted learning rate to 0.00010
Train ...
Epoch: [179][ 0/60]	Loss 5.1459e-02 (5.1459e-02)
Epoch: [179][25/60]	Loss 2.4443e-02 (3.6046e-02)
Epoch: [179][50/60]	Loss 3.4857e-02 (3.4644e-02)
Evaluate ...
{'ACC': 0.7717, 'ARI': 0.6512680810212428, 'NMI': 0.7466135545253116, 'ACC Top-5': 0.9753, 'hungarian_match': [(0, 5), (1, 2), (2, 6), (3, 8), (4, 9), (5, 1), (6, 7), (7, 4), (8, 3), (9, 0)]}
Checkpoint ...
[33mEpoch 181/200[0m
[33m----------[0m
Adjusted learning rate to 0.00010
Train ...
Epoch: [180][ 0/60]	Loss 4.9263e-02 (4.9263e-02)
Epoch: [180][25/60]	Loss 3.9295e-02 (3.4675e-02)
Epoch: [180][50/60]	Loss 3.6648e-02 (3.6132e-02)
Evaluate ...
{'ACC': 0.7785, 'ARI': 0.6598566705711592, 'NMI': 0.748923833393003, 'ACC Top-5': 0.9762, 'hungarian_match': [(0, 5), (1, 2), (2, 6), (3, 8), (4, 9), (5, 1), (6, 7), (7, 4), (8, 3), (9, 0)]}
Checkpoint ...
[33mEpoch 182/200[0m
[33m----------[0m
Adjusted learning rate to 0.00010
Train ...
Epoch: [181][ 0/60]	Loss 2.9819e-02 (2.9819e-02)
Epoch: [181][25/60]	Loss 4.4918e-02 (3.4187e-02)
Epoch: [181][50/60]	Loss 4.9607e-02 (3.3692e-02)
Evaluate ...
{'ACC': 0.7718, 'ARI': 0.6650050339911145, 'NMI': 0.7528690164602606, 'ACC Top-5': 0.9806, 'hungarian_match': [(0, 5), (1, 2), (2, 6), (3, 8), (4, 9), (5, 1), (6, 7), (7, 4), (8, 3), (9, 0)]}
Checkpoint ...
[33mEpoch 183/200[0m
[33m----------[0m
Adjusted learning rate to 0.00010
Train ...
Epoch: [182][ 0/60]	Loss 2.8366e-02 (2.8366e-02)
Epoch: [182][25/60]	Loss 4.4179e-02 (3.7171e-02)
Epoch: [182][50/60]	Loss 5.1280e-02 (3.6845e-02)
Evaluate ...
{'ACC': 0.7845, 'ARI': 0.6679669327195412, 'NMI': 0.7532214642140396, 'ACC Top-5': 0.9776, 'hungarian_match': [(0, 5), (1, 2), (2, 6), (3, 8), (4, 9), (5, 1), (6, 7), (7, 4), (8, 3), (9, 0)]}
Checkpoint ...
[33mEpoch 184/200[0m
[33m----------[0m
Adjusted learning rate to 0.00010
Train ...
Epoch: [183][ 0/60]	Loss 2.5356e-02 (2.5356e-02)
Epoch: [183][25/60]	Loss 3.5821e-02 (3.3128e-02)
Epoch: [183][50/60]	Loss 3.3898e-02 (3.4934e-02)
Evaluate ...
{'ACC': 0.7725, 'ARI': 0.6609359914762032, 'NMI': 0.7497769437965096, 'ACC Top-5': 0.981, 'hungarian_match': [(0, 5), (1, 2), (2, 6), (3, 8), (4, 9), (5, 1), (6, 7), (7, 4), (8, 3), (9, 0)]}
Checkpoint ...
[33mEpoch 185/200[0m
[33m----------[0m
Adjusted learning rate to 0.00010
Train ...
Epoch: [184][ 0/60]	Loss 3.2104e-02 (3.2104e-02)
Epoch: [184][25/60]	Loss 5.1424e-02 (3.7028e-02)
Epoch: [184][50/60]	Loss 2.4421e-02 (3.7207e-02)
Evaluate ...
{'ACC': 0.7692, 'ARI': 0.6560974852483954, 'NMI': 0.7464303801577634, 'ACC Top-5': 0.9791, 'hungarian_match': [(0, 5), (1, 2), (2, 6), (3, 8), (4, 9), (5, 1), (6, 7), (7, 4), (8, 3), (9, 0)]}
Checkpoint ...
[33mEpoch 186/200[0m
[33m----------[0m
Adjusted learning rate to 0.00010
Train ...
Epoch: [185][ 0/60]	Loss 2.5740e-02 (2.5740e-02)
Epoch: [185][25/60]	Loss 2.8600e-02 (3.7732e-02)
Epoch: [185][50/60]	Loss 4.5301e-02 (3.7481e-02)
Evaluate ...
{'ACC': 0.7757, 'ARI': 0.6669155523847659, 'NMI': 0.7521131847081579, 'ACC Top-5': 0.9787, 'hungarian_match': [(0, 5), (1, 2), (2, 6), (3, 8), (4, 9), (5, 1), (6, 7), (7, 4), (8, 3), (9, 0)]}
Checkpoint ...
[33mEpoch 187/200[0m
[33m----------[0m
Adjusted learning rate to 0.00010
Train ...
Epoch: [186][ 0/60]	Loss 2.7357e-02 (2.7357e-02)
Epoch: [186][25/60]	Loss 3.6935e-02 (3.6850e-02)
Epoch: [186][50/60]	Loss 1.9277e-02 (3.5581e-02)
Evaluate ...
{'ACC': 0.7772, 'ARI': 0.6605513588764577, 'NMI': 0.7500019387256086, 'ACC Top-5': 0.9784, 'hungarian_match': [(0, 5), (1, 2), (2, 6), (3, 8), (4, 9), (5, 1), (6, 7), (7, 4), (8, 3), (9, 0)]}
Checkpoint ...
[33mEpoch 188/200[0m
[33m----------[0m
Adjusted learning rate to 0.00010
Train ...
Epoch: [187][ 0/60]	Loss 4.7438e-02 (4.7438e-02)
Epoch: [187][25/60]	Loss 3.9013e-02 (3.8215e-02)
Epoch: [187][50/60]	Loss 2.4326e-02 (3.7080e-02)
Evaluate ...
{'ACC': 0.7735, 'ARI': 0.6625814224086438, 'NMI': 0.7492966467085562, 'ACC Top-5': 0.9741, 'hungarian_match': [(0, 5), (1, 2), (2, 6), (3, 8), (4, 9), (5, 1), (6, 7), (7, 4), (8, 3), (9, 0)]}
Checkpoint ...
[33mEpoch 189/200[0m
[33m----------[0m
Adjusted learning rate to 0.00010
Train ...
Epoch: [188][ 0/60]	Loss 4.8422e-02 (4.8422e-02)
Epoch: [188][25/60]	Loss 4.6384e-02 (4.0569e-02)
Epoch: [188][50/60]	Loss 3.3994e-02 (3.8304e-02)
Evaluate ...
{'ACC': 0.7812, 'ARI': 0.6719946495793107, 'NMI': 0.7554017961355934, 'ACC Top-5': 0.9764, 'hungarian_match': [(0, 5), (1, 2), (2, 6), (3, 8), (4, 9), (5, 1), (6, 7), (7, 4), (8, 3), (9, 0)]}
Checkpoint ...
[33mEpoch 190/200[0m
[33m----------[0m
Adjusted learning rate to 0.00010
Train ...
Epoch: [189][ 0/60]	Loss 2.9070e-02 (2.9070e-02)
Epoch: [189][25/60]	Loss 3.5834e-02 (3.5887e-02)
Epoch: [189][50/60]	Loss 3.4824e-02 (3.5932e-02)
Evaluate ...
{'ACC': 0.7839, 'ARI': 0.6722994318548124, 'NMI': 0.7555689097474109, 'ACC Top-5': 0.9722, 'hungarian_match': [(0, 5), (1, 2), (2, 6), (3, 8), (4, 9), (5, 1), (6, 7), (7, 4), (8, 3), (9, 0)]}
Checkpoint ...
[33mEpoch 191/200[0m
[33m----------[0m
Adjusted learning rate to 0.00010
Train ...
Epoch: [190][ 0/60]	Loss 4.0255e-02 (4.0255e-02)
Epoch: [190][25/60]	Loss 1.9989e-02 (3.7996e-02)
Epoch: [190][50/60]	Loss 1.6200e-02 (3.9570e-02)
Evaluate ...
{'ACC': 0.778, 'ARI': 0.66263531362468, 'NMI': 0.7511287450000428, 'ACC Top-5': 0.9751, 'hungarian_match': [(0, 5), (1, 2), (2, 6), (3, 8), (4, 9), (5, 1), (6, 7), (7, 4), (8, 3), (9, 0)]}
Checkpoint ...
[33mEpoch 192/200[0m
[33m----------[0m
Adjusted learning rate to 0.00010
Train ...
Epoch: [191][ 0/60]	Loss 2.7337e-02 (2.7337e-02)
Epoch: [191][25/60]	Loss 5.4279e-02 (3.5365e-02)
Epoch: [191][50/60]	Loss 3.1577e-02 (3.5773e-02)
Evaluate ...
{'ACC': 0.776, 'ARI': 0.6627763955076231, 'NMI': 0.7490913777264245, 'ACC Top-5': 0.9766, 'hungarian_match': [(0, 5), (1, 2), (2, 6), (3, 8), (4, 9), (5, 1), (6, 7), (7, 4), (8, 3), (9, 0)]}
Checkpoint ...
[33mEpoch 193/200[0m
[33m----------[0m
Adjusted learning rate to 0.00010
Train ...
Epoch: [192][ 0/60]	Loss 4.6166e-02 (4.6166e-02)
Epoch: [192][25/60]	Loss 3.1869e-02 (4.0482e-02)
Epoch: [192][50/60]	Loss 4.2299e-02 (3.9122e-02)
Evaluate ...
{'ACC': 0.7819, 'ARI': 0.6677527213326906, 'NMI': 0.7545026323723265, 'ACC Top-5': 0.9775, 'hungarian_match': [(0, 5), (1, 2), (2, 6), (3, 8), (4, 9), (5, 1), (6, 7), (7, 4), (8, 3), (9, 0)]}
Checkpoint ...
[33mEpoch 194/200[0m
[33m----------[0m
Adjusted learning rate to 0.00010
Train ...
Epoch: [193][ 0/60]	Loss 2.1350e-02 (2.1350e-02)
Epoch: [193][25/60]	Loss 1.9622e-02 (3.5645e-02)
Epoch: [193][50/60]	Loss 3.0699e-02 (3.5981e-02)
Evaluate ...
{'ACC': 0.7773, 'ARI': 0.6657521904791508, 'NMI': 0.7521762170570474, 'ACC Top-5': 0.9718, 'hungarian_match': [(0, 5), (1, 2), (2, 6), (3, 8), (4, 9), (5, 1), (6, 7), (7, 4), (8, 3), (9, 0)]}
Checkpoint ...
[33mEpoch 195/200[0m
[33m----------[0m
Adjusted learning rate to 0.00010
Train ...
Epoch: [194][ 0/60]	Loss 1.7697e-02 (1.7697e-02)
Epoch: [194][25/60]	Loss 4.4444e-02 (3.2671e-02)
Epoch: [194][50/60]	Loss 3.0050e-02 (3.4763e-02)
Evaluate ...
{'ACC': 0.7885, 'ARI': 0.6744625741479219, 'NMI': 0.7604542988940758, 'ACC Top-5': 0.976, 'hungarian_match': [(0, 5), (1, 2), (2, 6), (3, 8), (4, 9), (5, 1), (6, 7), (7, 4), (8, 3), (9, 0)]}
Checkpoint ...
[33mEpoch 196/200[0m
[33m----------[0m
Adjusted learning rate to 0.00010
Train ...
Epoch: [195][ 0/60]	Loss 2.0628e-02 (2.0628e-02)
Epoch: [195][25/60]	Loss 3.5041e-02 (3.5534e-02)
Epoch: [195][50/60]	Loss 3.5322e-02 (3.7327e-02)
Evaluate ...
{'ACC': 0.7804, 'ARI': 0.6683071117686357, 'NMI': 0.7554904661436473, 'ACC Top-5': 0.9788, 'hungarian_match': [(0, 5), (1, 2), (2, 6), (3, 8), (4, 9), (5, 1), (6, 7), (7, 4), (8, 3), (9, 0)]}
Checkpoint ...
[33mEpoch 197/200[0m
[33m----------[0m
Adjusted learning rate to 0.00010
Train ...
Epoch: [196][ 0/60]	Loss 6.0324e-02 (6.0324e-02)
Epoch: [196][25/60]	Loss 6.0843e-02 (3.8287e-02)
Epoch: [196][50/60]	Loss 4.3826e-02 (3.8047e-02)
Evaluate ...
{'ACC': 0.7803, 'ARI': 0.6687100169833133, 'NMI': 0.7538651357381214, 'ACC Top-5': 0.9738, 'hungarian_match': [(0, 5), (1, 2), (2, 6), (3, 8), (4, 9), (5, 1), (6, 7), (7, 4), (8, 3), (9, 0)]}
Checkpoint ...
[33mEpoch 198/200[0m
[33m----------[0m
Adjusted learning rate to 0.00010
Train ...
Epoch: [197][ 0/60]	Loss 1.9061e-02 (1.9061e-02)
Epoch: [197][25/60]	Loss 4.4249e-02 (3.6537e-02)
Epoch: [197][50/60]	Loss 3.0067e-02 (3.6885e-02)
Evaluate ...
{'ACC': 0.7813, 'ARI': 0.6649567030506733, 'NMI': 0.7537111848055714, 'ACC Top-5': 0.9797, 'hungarian_match': [(0, 5), (1, 2), (2, 6), (3, 8), (4, 9), (5, 1), (6, 7), (7, 4), (8, 3), (9, 0)]}
Checkpoint ...
[33mEpoch 199/200[0m
[33m----------[0m
Adjusted learning rate to 0.00010
Train ...
Epoch: [198][ 0/60]	Loss 3.7108e-02 (3.7108e-02)
Epoch: [198][25/60]	Loss 4.7496e-02 (3.6620e-02)
Epoch: [198][50/60]	Loss 2.9242e-02 (3.6223e-02)
Evaluate ...
{'ACC': 0.7798, 'ARI': 0.6673070034134762, 'NMI': 0.7557656050178942, 'ACC Top-5': 0.9717, 'hungarian_match': [(0, 5), (1, 2), (2, 6), (3, 8), (4, 9), (5, 1), (6, 7), (7, 4), (8, 3), (9, 0)]}
Checkpoint ...
[33mEpoch 200/200[0m
[33m----------[0m
Adjusted learning rate to 0.00010
Train ...
Epoch: [199][ 0/60]	Loss 4.4444e-02 (4.4444e-02)
Epoch: [199][25/60]	Loss 5.7294e-02 (3.8893e-02)
Epoch: [199][50/60]	Loss 2.8962e-02 (3.7689e-02)
Evaluate ...
{'ACC': 0.7778, 'ARI': 0.6676236155477385, 'NMI': 0.753321731736184, 'ACC Top-5': 0.9694, 'hungarian_match': [(0, 5), (1, 2), (2, 6), (3, 8), (4, 9), (5, 1), (6, 7), (7, 4), (8, 3), (9, 0)]}
Checkpoint ...
[34mEvaluate model at the end[0m
{'ACC': 0.7778, 'ARI': 0.6676236155477385, 'NMI': 0.753321731736184, 'ACC Top-5': 0.9694, 'hungarian_match': [(0, 5), (1, 2), (2, 6), (3, 8), (4, 9), (5, 1), (6, 7), (7, 4), (8, 3), (9, 0)]}
